DEBUG pool-3-thread-1 org.riseger.main.compiler.semantic.SemanticTree - 匹配失败,源代码："1000":1083129856 不匹配语法："COORD":24
DEBUG pool-3-thread-1 org.riseger.main.compiler.semantic.SemanticTree - 匹配失败，['entity',, '.',, 'entity',] 树内所有分支无匹配
DEBUG pool-3-thread-1 org.riseger.main.compiler.semantic.SemanticTree - 匹配失败，子树内所有分支无匹配
DEBUG pool-3-thread-1 org.riseger.main.compiler.semantic.SemanticTree - 进入['strings',]中匹配
DEBUG pool-3-thread-1 org.riseger.main.compiler.semantic.SemanticTree - 非关键词匹配
DEBUG pool-3-thread-1 org.riseger.main.compiler.semantic.SemanticTree - 进入['primary',, ',',, 'strings',]中匹配
DEBUG pool-3-thread-1 org.riseger.main.compiler.semantic.SemanticTree - 非关键词匹配
DEBUG pool-3-thread-1 org.riseger.main.compiler.semantic.SemanticTree - 进入['graphic_condition',]中匹配
DEBUG pool-3-thread-1 org.riseger.main.compiler.semantic.SemanticTree - 非关键词匹配
DEBUG pool-3-thread-1 org.riseger.main.compiler.semantic.SemanticTree - 进入['IN',, 'primary',]中匹配
DEBUG pool-3-thread-1 org.riseger.main.compiler.semantic.SemanticTree - 匹配失败,源代码："1000":1083129856 不匹配语法："IN":18
DEBUG pool-3-thread-1 org.riseger.main.compiler.semantic.SemanticTree - 进入['OUT',, 'primary',]中匹配
DEBUG pool-3-thread-1 org.riseger.main.compiler.semantic.SemanticTree - 匹配失败,源代码："1000":1083129856 不匹配语法："OUT":19
DEBUG pool-3-thread-1 org.riseger.main.compiler.semantic.SemanticTree - 匹配失败，['IN',, 'primary',] 树内所有分支无匹配
DEBUG pool-3-thread-1 org.riseger.main.compiler.semantic.SemanticTree - 匹配失败，子树内所有分支无匹配
DEBUG pool-3-thread-1 org.riseger.main.compiler.semantic.SemanticTree - 进入['entity_expression',]中匹配
DEBUG pool-3-thread-1 org.riseger.main.compiler.semantic.SemanticTree - 非关键词匹配
DEBUG pool-3-thread-1 org.riseger.main.compiler.semantic.SemanticTree - 进入['entity',, '.',, 'entity',]中匹配
DEBUG pool-3-thread-1 org.riseger.main.compiler.semantic.SemanticTree - 非关键词匹配
DEBUG pool-3-thread-1 org.riseger.main.compiler.semantic.SemanticTree - 语法终结点：1000
DEBUG pool-3-thread-1 org.riseger.main.compiler.semantic.SemanticTree - 语法终结点 匹配成功
DEBUG pool-3-thread-1 org.riseger.main.compiler.semantic.SemanticTree - 匹配成功
DEBUG pool-3-thread-1 org.riseger.main.compiler.semantic.SemanticTree - 匹配失败,源代码：")":23 不匹配语法：".":20
DEBUG pool-3-thread-1 org.riseger.main.compiler.semantic.SemanticTree - 进入['RECT',, '(',, 'primary',, ',',, 'additive',, ')',]中匹配
DEBUG pool-3-thread-1 org.riseger.main.compiler.semantic.SemanticTree - 匹配失败,源代码：")":23 不匹配语法："RECT":21
DEBUG pool-3-thread-1 org.riseger.main.compiler.semantic.SemanticTree - 进入['COORD',, '(',, 'additive',, ',',, 'additive',, ')',]中匹配
DEBUG pool-3-thread-1 org.riseger.main.compiler.semantic.SemanticTree - 匹配失败,源代码：")":23 不匹配语法："COORD":24
DEBUG pool-3-thread-1 org.riseger.main.compiler.semantic.SemanticTree - 匹配失败，['entity',, '.',, 'entity',] 树内所有分支无匹配
DEBUG pool-3-thread-1 org.riseger.main.compiler.semantic.SemanticTree - 匹配失败，子树内所有分支无匹配
DEBUG pool-3-thread-1 org.riseger.main.compiler.semantic.SemanticTree - 进入['strings',]中匹配
DEBUG pool-3-thread-1 org.riseger.main.compiler.semantic.SemanticTree - 非关键词匹配
DEBUG pool-3-thread-1 org.riseger.main.compiler.semantic.SemanticTree - 进入['primary',, ',',, 'strings',]中匹配
DEBUG pool-3-thread-1 org.riseger.main.compiler.semantic.SemanticTree - 非关键词匹配
DEBUG pool-3-thread-1 org.riseger.main.compiler.semantic.SemanticTree - 进入['graphic_condition',]中匹配
DEBUG pool-3-thread-1 org.riseger.main.compiler.semantic.SemanticTree - 非关键词匹配
DEBUG pool-3-thread-1 org.riseger.main.compiler.semantic.SemanticTree - 进入['IN',, 'primary',]中匹配
DEBUG pool-3-thread-1 org.riseger.main.compiler.semantic.SemanticTree - 匹配失败,源代码：")":23 不匹配语法："IN":18
DEBUG pool-3-thread-1 org.riseger.main.compiler.semantic.SemanticTree - 进入['OUT',, 'primary',]中匹配
DEBUG pool-3-thread-1 org.riseger.main.compiler.semantic.SemanticTree - 匹配失败,源代码：")":23 不匹配语法："OUT":19
DEBUG pool-3-thread-1 org.riseger.main.compiler.semantic.SemanticTree - 匹配失败，['IN',, 'primary',] 树内所有分支无匹配
DEBUG pool-3-thread-1 org.riseger.main.compiler.semantic.SemanticTree - 匹配失败，子树内所有分支无匹配
DEBUG pool-3-thread-1 org.riseger.main.compiler.semantic.SemanticTree - 进入['entity_expression',]中匹配
DEBUG pool-3-thread-1 org.riseger.main.compiler.semantic.SemanticTree - 非关键词匹配
DEBUG pool-3-thread-1 org.riseger.main.compiler.semantic.SemanticTree - 进入['entity',, '.',, 'entity',]中匹配
DEBUG pool-3-thread-1 org.riseger.main.compiler.semantic.SemanticTree - 非关键词匹配
DEBUG pool-3-thread-1 org.riseger.main.compiler.semantic.SemanticTree - 语法终结点：)
DEBUG pool-3-thread-1 org.riseger.main.compiler.semantic.SemanticTree - 语法终结点 匹配失败
DEBUG pool-3-thread-1 org.riseger.main.compiler.semantic.SemanticTree - 匹配失败，子树内所有分支无匹配
DEBUG pool-3-thread-1 org.riseger.main.compiler.semantic.SemanticTree - 进入['RECT',, '(',, 'primary',, ',',, 'additive',, ')',]中匹配
DEBUG pool-3-thread-1 org.riseger.main.compiler.semantic.SemanticTree - 匹配失败,源代码：",":10 不匹配语法："RECT":21
DEBUG pool-3-thread-1 org.riseger.main.compiler.semantic.SemanticTree - 进入['COORD',, '(',, 'additive',, ',',, 'additive',, ')',]中匹配
DEBUG pool-3-thread-1 org.riseger.main.compiler.semantic.SemanticTree - 匹配失败,源代码：",":10 不匹配语法："COORD":24
DEBUG pool-3-thread-1 org.riseger.main.compiler.semantic.SemanticTree - 匹配失败，['entity',, '.',, 'entity',] 树内所有分支无匹配
DEBUG pool-3-thread-1 org.riseger.main.compiler.semantic.SemanticTree - 匹配失败，子树内所有分支无匹配
DEBUG pool-3-thread-1 org.riseger.main.compiler.semantic.SemanticTree - 进入['strings',]中匹配
DEBUG pool-3-thread-1 org.riseger.main.compiler.semantic.SemanticTree - 非关键词匹配
DEBUG pool-3-thread-1 org.riseger.main.compiler.semantic.SemanticTree - 进入['primary',, ',',, 'strings',]中匹配
DEBUG pool-3-thread-1 org.riseger.main.compiler.semantic.SemanticTree - 非关键词匹配
DEBUG pool-3-thread-1 org.riseger.main.compiler.semantic.SemanticTree - 进入['graphic_condition',]中匹配
DEBUG pool-3-thread-1 org.riseger.main.compiler.semantic.SemanticTree - 非关键词匹配
DEBUG pool-3-thread-1 org.riseger.main.compiler.semantic.SemanticTree - 进入['IN',, 'primary',]中匹配
DEBUG pool-3-thread-1 org.riseger.main.compiler.semantic.SemanticTree - 匹配失败,源代码：",":10 不匹配语法："IN":18
DEBUG pool-3-thread-1 org.riseger.main.compiler.semantic.SemanticTree - 进入['OUT',, 'primary',]中匹配
DEBUG pool-3-thread-1 org.riseger.main.compiler.semantic.SemanticTree - 匹配失败,源代码：",":10 不匹配语法："OUT":19
DEBUG pool-3-thread-1 org.riseger.main.compiler.semantic.SemanticTree - 匹配失败，['IN',, 'primary',] 树内所有分支无匹配
DEBUG pool-3-thread-1 org.riseger.main.compiler.semantic.SemanticTree - 匹配失败，子树内所有分支无匹配
DEBUG pool-3-thread-1 org.riseger.main.compiler.semantic.SemanticTree - 进入['entity_expression',]中匹配
DEBUG pool-3-thread-1 org.riseger.main.compiler.semantic.SemanticTree - 非关键词匹配
DEBUG pool-3-thread-1 org.riseger.main.compiler.semantic.SemanticTree - 进入['entity',, '.',, 'entity',]中匹配
DEBUG pool-3-thread-1 org.riseger.main.compiler.semantic.SemanticTree - 非关键词匹配
DEBUG pool-3-thread-1 org.riseger.main.compiler.semantic.SemanticTree - 语法终结点：,
DEBUG pool-3-thread-1 org.riseger.main.compiler.semantic.SemanticTree - 语法终结点 匹配失败
DEBUG pool-3-thread-1 org.riseger.main.compiler.semantic.SemanticTree - 匹配失败，子树内所有分支无匹配
DEBUG pool-3-thread-1 org.riseger.main.compiler.semantic.SemanticTree - 进入['RECT',, '(',, 'primary',, ',',, 'additive',, ')',]中匹配
DEBUG pool-3-thread-1 org.riseger.main.compiler.semantic.SemanticTree - 匹配失败,源代码："5000":1085507584 不匹配语法："RECT":21
DEBUG pool-3-thread-1 org.riseger.main.compiler.semantic.SemanticTree - 进入['COORD',, '(',, 'additive',, ',',, 'additive',, ')',]中匹配
DEBUG pool-3-thread-1 org.riseger.main.compiler.semantic.SemanticTree - 匹配失败,源代码："5000":1085507584 不匹配语法："COORD":24
DEBUG pool-3-thread-1 org.riseger.main.compiler.semantic.SemanticTree - 匹配失败，['entity',, '.',, 'entity',] 树内所有分支无匹配
DEBUG pool-3-thread-1 org.riseger.main.compiler.semantic.SemanticTree - 匹配失败，子树内所有分支无匹配
DEBUG pool-3-thread-1 org.riseger.main.compiler.semantic.SemanticTree - 进入['strings',]中匹配
DEBUG pool-3-thread-1 org.riseger.main.compiler.semantic.SemanticTree - 非关键词匹配
DEBUG pool-3-thread-1 org.riseger.main.compiler.semantic.SemanticTree - 进入['primary',, ',',, 'strings',]中匹配
DEBUG pool-3-thread-1 org.riseger.main.compiler.semantic.SemanticTree - 非关键词匹配
DEBUG pool-3-thread-1 org.riseger.main.compiler.semantic.SemanticTree - 进入['graphic_condition',]中匹配
DEBUG pool-3-thread-1 org.riseger.main.compiler.semantic.SemanticTree - 非关键词匹配
DEBUG pool-3-thread-1 org.riseger.main.compiler.semantic.SemanticTree - 进入['IN',, 'primary',]中匹配
DEBUG pool-3-thread-1 org.riseger.main.compiler.semantic.SemanticTree - 匹配失败,源代码："5000":1085507584 不匹配语法："IN":18
DEBUG pool-3-thread-1 org.riseger.main.compiler.semantic.SemanticTree - 进入['OUT',, 'primary',]中匹配
DEBUG pool-3-thread-1 org.riseger.main.compiler.semantic.SemanticTree - 匹配失败,源代码："5000":1085507584 不匹配语法："OUT":19
DEBUG pool-3-thread-1 org.riseger.main.compiler.semantic.SemanticTree - 匹配失败，['IN',, 'primary',] 树内所有分支无匹配
DEBUG pool-3-thread-1 org.riseger.main.compiler.semantic.SemanticTree - 匹配失败，子树内所有分支无匹配
DEBUG pool-3-thread-1 org.riseger.main.compiler.semantic.SemanticTree - 进入['entity_expression',]中匹配
DEBUG pool-3-thread-1 org.riseger.main.compiler.semantic.SemanticTree - 非关键词匹配
DEBUG pool-3-thread-1 org.riseger.main.compiler.semantic.SemanticTree - 进入['entity',, '.',, 'entity',]中匹配
DEBUG pool-3-thread-1 org.riseger.main.compiler.semantic.SemanticTree - 非关键词匹配
DEBUG pool-3-thread-1 org.riseger.main.compiler.semantic.SemanticTree - 语法终结点：5000
DEBUG pool-3-thread-1 org.riseger.main.compiler.semantic.SemanticTree - 语法终结点 匹配成功
DEBUG pool-3-thread-1 org.riseger.main.compiler.semantic.SemanticTree - 匹配成功
DEBUG pool-3-thread-1 org.riseger.main.compiler.semantic.SemanticTree - 匹配失败,源代码：")":23 不匹配语法：".":20
DEBUG pool-3-thread-1 org.riseger.main.compiler.semantic.SemanticTree - 进入['RECT',, '(',, 'primary',, ',',, 'additive',, ')',]中匹配
DEBUG pool-3-thread-1 org.riseger.main.compiler.semantic.SemanticTree - 匹配失败,源代码：")":23 不匹配语法："RECT":21
DEBUG pool-3-thread-1 org.riseger.main.compiler.semantic.SemanticTree - 进入['COORD',, '(',, 'additive',, ',',, 'additive',, ')',]中匹配
DEBUG pool-3-thread-1 org.riseger.main.compiler.semantic.SemanticTree - 匹配失败,源代码：")":23 不匹配语法："COORD":24
DEBUG pool-3-thread-1 org.riseger.main.compiler.semantic.SemanticTree - 匹配失败，['entity',, '.',, 'entity',] 树内所有分支无匹配
DEBUG pool-3-thread-1 org.riseger.main.compiler.semantic.SemanticTree - 匹配失败，子树内所有分支无匹配
DEBUG pool-3-thread-1 org.riseger.main.compiler.semantic.SemanticTree - 进入['strings',]中匹配
DEBUG pool-3-thread-1 org.riseger.main.compiler.semantic.SemanticTree - 非关键词匹配
DEBUG pool-3-thread-1 org.riseger.main.compiler.semantic.SemanticTree - 进入['primary',, ',',, 'strings',]中匹配
DEBUG pool-3-thread-1 org.riseger.main.compiler.semantic.SemanticTree - 非关键词匹配
DEBUG pool-3-thread-1 org.riseger.main.compiler.semantic.SemanticTree - 进入['graphic_condition',]中匹配
DEBUG pool-3-thread-1 org.riseger.main.compiler.semantic.SemanticTree - 非关键词匹配
DEBUG pool-3-thread-1 org.riseger.main.compiler.semantic.SemanticTree - 进入['IN',, 'primary',]中匹配
DEBUG pool-3-thread-1 org.riseger.main.compiler.semantic.SemanticTree - 匹配失败,源代码：")":23 不匹配语法："IN":18
DEBUG pool-3-thread-1 org.riseger.main.compiler.semantic.SemanticTree - 进入['OUT',, 'primary',]中匹配
DEBUG pool-3-thread-1 org.riseger.main.compiler.semantic.SemanticTree - 匹配失败,源代码：")":23 不匹配语法："OUT":19
DEBUG pool-3-thread-1 org.riseger.main.compiler.semantic.SemanticTree - 匹配失败，['IN',, 'primary',] 树内所有分支无匹配
DEBUG pool-3-thread-1 org.riseger.main.compiler.semantic.SemanticTree - 匹配失败，子树内所有分支无匹配
DEBUG pool-3-thread-1 org.riseger.main.compiler.semantic.SemanticTree - 进入['entity_expression',]中匹配
DEBUG pool-3-thread-1 org.riseger.main.compiler.semantic.SemanticTree - 非关键词匹配
DEBUG pool-3-thread-1 org.riseger.main.compiler.semantic.SemanticTree - 进入['entity',, '.',, 'entity',]中匹配
DEBUG pool-3-thread-1 org.riseger.main.compiler.semantic.SemanticTree - 非关键词匹配
DEBUG pool-3-thread-1 org.riseger.main.compiler.semantic.SemanticTree - 语法终结点：)
DEBUG pool-3-thread-1 org.riseger.main.compiler.semantic.SemanticTree - 语法终结点 匹配失败
DEBUG pool-3-thread-1 org.riseger.main.compiler.semantic.SemanticTree - 匹配失败，子树内所有分支无匹配
DEBUG pool-3-thread-1 org.riseger.main.compiler.semantic.SemanticTree - 进入['RECT',, '(',, 'primary',, ',',, 'additive',, ')',]中匹配
DEBUG pool-3-thread-1 org.riseger.main.compiler.semantic.SemanticTree - 匹配失败,源代码："OR":25 不匹配语法："RECT":21
DEBUG pool-3-thread-1 org.riseger.main.compiler.semantic.SemanticTree - 进入['COORD',, '(',, 'additive',, ',',, 'additive',, ')',]中匹配
DEBUG pool-3-thread-1 org.riseger.main.compiler.semantic.SemanticTree - 匹配失败,源代码："OR":25 不匹配语法："COORD":24
DEBUG pool-3-thread-1 org.riseger.main.compiler.semantic.SemanticTree - 匹配失败，['entity',, '.',, 'entity',] 树内所有分支无匹配
DEBUG pool-3-thread-1 org.riseger.main.compiler.semantic.SemanticTree - 匹配失败，子树内所有分支无匹配
DEBUG pool-3-thread-1 org.riseger.main.compiler.semantic.SemanticTree - 进入['strings',]中匹配
DEBUG pool-3-thread-1 org.riseger.main.compiler.semantic.SemanticTree - 非关键词匹配
DEBUG pool-3-thread-1 org.riseger.main.compiler.semantic.SemanticTree - 进入['primary',, ',',, 'strings',]中匹配
DEBUG pool-3-thread-1 org.riseger.main.compiler.semantic.SemanticTree - 非关键词匹配
DEBUG pool-3-thread-1 org.riseger.main.compiler.semantic.SemanticTree - 进入['graphic_condition',]中匹配
DEBUG pool-3-thread-1 org.riseger.main.compiler.semantic.SemanticTree - 非关键词匹配
DEBUG pool-3-thread-1 org.riseger.main.compiler.semantic.SemanticTree - 进入['IN',, 'primary',]中匹配
DEBUG pool-3-thread-1 org.riseger.main.compiler.semantic.SemanticTree - 匹配失败,源代码："OR":25 不匹配语法："IN":18
DEBUG pool-3-thread-1 org.riseger.main.compiler.semantic.SemanticTree - 进入['OUT',, 'primary',]中匹配
DEBUG pool-3-thread-1 org.riseger.main.compiler.semantic.SemanticTree - 匹配失败,源代码："OR":25 不匹配语法："OUT":19
DEBUG pool-3-thread-1 org.riseger.main.compiler.semantic.SemanticTree - 匹配失败，['IN',, 'primary',] 树内所有分支无匹配
DEBUG pool-3-thread-1 org.riseger.main.compiler.semantic.SemanticTree - 匹配失败，子树内所有分支无匹配
DEBUG pool-3-thread-1 org.riseger.main.compiler.semantic.SemanticTree - 进入['entity_expression',]中匹配
DEBUG pool-3-thread-1 org.riseger.main.compiler.semantic.SemanticTree - 非关键词匹配
DEBUG pool-3-thread-1 org.riseger.main.compiler.semantic.SemanticTree - 进入['entity',, '.',, 'entity',]中匹配
DEBUG pool-3-thread-1 org.riseger.main.compiler.semantic.SemanticTree - 非关键词匹配
DEBUG pool-3-thread-1 org.riseger.main.compiler.semantic.SemanticTree - 语法终结点：OR
DEBUG pool-3-thread-1 org.riseger.main.compiler.semantic.SemanticTree - 语法终结点 匹配失败
DEBUG pool-3-thread-1 org.riseger.main.compiler.semantic.SemanticTree - 匹配失败，子树内所有分支无匹配
DEBUG pool-3-thread-1 org.riseger.main.compiler.semantic.SemanticTree - 进入['RECT',, '(',, 'primary',, ',',, 'additive',, ')',]中匹配
DEBUG pool-3-thread-1 org.riseger.main.compiler.semantic.SemanticTree - 匹配失败,源代码："OUT":19 不匹配语法："RECT":21
DEBUG pool-3-thread-1 org.riseger.main.compiler.semantic.SemanticTree - 进入['COORD',, '(',, 'additive',, ',',, 'additive',, ')',]中匹配
DEBUG pool-3-thread-1 org.riseger.main.compiler.semantic.SemanticTree - 匹配失败,源代码："OUT":19 不匹配语法："COORD":24
DEBUG pool-3-thread-1 org.riseger.main.compiler.semantic.SemanticTree - 匹配失败，['entity',, '.',, 'entity',] 树内所有分支无匹配
DEBUG pool-3-thread-1 org.riseger.main.compiler.semantic.SemanticTree - 匹配失败，子树内所有分支无匹配
DEBUG pool-3-thread-1 org.riseger.main.compiler.semantic.SemanticTree - 进入['strings',]中匹配
DEBUG pool-3-thread-1 org.riseger.main.compiler.semantic.SemanticTree - 非关键词匹配
DEBUG pool-3-thread-1 org.riseger.main.compiler.semantic.SemanticTree - 进入['primary',, ',',, 'strings',]中匹配
DEBUG pool-3-thread-1 org.riseger.main.compiler.semantic.SemanticTree - 非关键词匹配
DEBUG pool-3-thread-1 org.riseger.main.compiler.semantic.SemanticTree - 进入['graphic_condition',]中匹配
DEBUG pool-3-thread-1 org.riseger.main.compiler.semantic.SemanticTree - 非关键词匹配
DEBUG pool-3-thread-1 org.riseger.main.compiler.semantic.SemanticTree - 进入['IN',, 'primary',]中匹配
DEBUG pool-3-thread-1 org.riseger.main.compiler.semantic.SemanticTree - 匹配失败,源代码："OUT":19 不匹配语法："IN":18
DEBUG pool-3-thread-1 org.riseger.main.compiler.semantic.SemanticTree - 进入['OUT',, 'primary',]中匹配
DEBUG pool-3-thread-1 org.riseger.main.compiler.semantic.SemanticTree - 匹配成功，源代码为："OUT" 匹配代码为:"OUT"
DEBUG pool-3-thread-1 org.riseger.main.compiler.semantic.SemanticTree - 非关键词匹配
DEBUG pool-3-thread-1 org.riseger.main.compiler.semantic.SemanticTree - 进入['graphic_condition',]中匹配
DEBUG pool-3-thread-1 org.riseger.main.compiler.semantic.SemanticTree - 非关键词匹配
DEBUG pool-3-thread-1 org.riseger.main.compiler.semantic.SemanticTree - 进入['IN',, 'primary',]中匹配
DEBUG pool-3-thread-1 org.riseger.main.compiler.semantic.SemanticTree - 匹配失败,源代码："RECT":21 不匹配语法："IN":18
DEBUG pool-3-thread-1 org.riseger.main.compiler.semantic.SemanticTree - 进入['OUT',, 'primary',]中匹配
DEBUG pool-3-thread-1 org.riseger.main.compiler.semantic.SemanticTree - 匹配失败,源代码："RECT":21 不匹配语法："OUT":19
DEBUG pool-3-thread-1 org.riseger.main.compiler.semantic.SemanticTree - 匹配失败，['IN',, 'primary',] 树内所有分支无匹配
DEBUG pool-3-thread-1 org.riseger.main.compiler.semantic.SemanticTree - 匹配失败，子树内所有分支无匹配
DEBUG pool-3-thread-1 org.riseger.main.compiler.semantic.SemanticTree - 进入['entity_expression',]中匹配
DEBUG pool-3-thread-1 org.riseger.main.compiler.semantic.SemanticTree - 非关键词匹配
DEBUG pool-3-thread-1 org.riseger.main.compiler.semantic.SemanticTree - 进入['entity',, '.',, 'entity',]中匹配
DEBUG pool-3-thread-1 org.riseger.main.compiler.semantic.SemanticTree - 非关键词匹配
DEBUG pool-3-thread-1 org.riseger.main.compiler.semantic.SemanticTree - 语法终结点：RECT
DEBUG pool-3-thread-1 org.riseger.main.compiler.semantic.SemanticTree - 语法终结点 匹配失败
DEBUG pool-3-thread-1 org.riseger.main.compiler.semantic.SemanticTree - 匹配失败，子树内所有分支无匹配
DEBUG pool-3-thread-1 org.riseger.main.compiler.semantic.SemanticTree - 进入['RECT',, '(',, 'primary',, ',',, 'additive',, ')',]中匹配
DEBUG pool-3-thread-1 org.riseger.main.compiler.semantic.SemanticTree - 匹配失败,源代码："(":22 不匹配语法："RECT":21
DEBUG pool-3-thread-1 org.riseger.main.compiler.semantic.SemanticTree - 进入['COORD',, '(',, 'additive',, ',',, 'additive',, ')',]中匹配
DEBUG pool-3-thread-1 org.riseger.main.compiler.semantic.SemanticTree - 匹配失败,源代码："(":22 不匹配语法："COORD":24
DEBUG pool-3-thread-1 org.riseger.main.compiler.semantic.SemanticTree - 匹配失败，['entity',, '.',, 'entity',] 树内所有分支无匹配
DEBUG pool-3-thread-1 org.riseger.main.compiler.semantic.SemanticTree - 匹配失败，子树内所有分支无匹配
DEBUG pool-3-thread-1 org.riseger.main.compiler.semantic.SemanticTree - 进入['strings',]中匹配
DEBUG pool-3-thread-1 org.riseger.main.compiler.semantic.SemanticTree - 非关键词匹配
DEBUG pool-3-thread-1 org.riseger.main.compiler.semantic.SemanticTree - 进入['primary',, ',',, 'strings',]中匹配
DEBUG pool-3-thread-1 org.riseger.main.compiler.semantic.SemanticTree - 非关键词匹配
DEBUG pool-3-thread-1 org.riseger.main.compiler.semantic.SemanticTree - 进入['graphic_condition',]中匹配
DEBUG pool-3-thread-1 org.riseger.main.compiler.semantic.SemanticTree - 非关键词匹配
DEBUG pool-3-thread-1 org.riseger.main.compiler.semantic.SemanticTree - 进入['IN',, 'primary',]中匹配
DEBUG pool-3-thread-1 org.riseger.main.compiler.semantic.SemanticTree - 匹配失败,源代码："(":22 不匹配语法："IN":18
DEBUG pool-3-thread-1 org.riseger.main.compiler.semantic.SemanticTree - 进入['OUT',, 'primary',]中匹配
DEBUG pool-3-thread-1 org.riseger.main.compiler.semantic.SemanticTree - 匹配失败,源代码："(":22 不匹配语法："OUT":19
DEBUG pool-3-thread-1 org.riseger.main.compiler.semantic.SemanticTree - 匹配失败，['IN',, 'primary',] 树内所有分支无匹配
DEBUG pool-3-thread-1 org.riseger.main.compiler.semantic.SemanticTree - 匹配失败，子树内所有分支无匹配
DEBUG pool-3-thread-1 org.riseger.main.compiler.semantic.SemanticTree - 进入['entity_expression',]中匹配
DEBUG pool-3-thread-1 org.riseger.main.compiler.semantic.SemanticTree - 非关键词匹配
DEBUG pool-3-thread-1 org.riseger.main.compiler.semantic.SemanticTree - 进入['entity',, '.',, 'entity',]中匹配
DEBUG pool-3-thread-1 org.riseger.main.compiler.semantic.SemanticTree - 非关键词匹配
DEBUG pool-3-thread-1 org.riseger.main.compiler.semantic.SemanticTree - 语法终结点：(
DEBUG pool-3-thread-1 org.riseger.main.compiler.semantic.SemanticTree - 语法终结点 匹配失败
DEBUG pool-3-thread-1 org.riseger.main.compiler.semantic.SemanticTree - 匹配失败，子树内所有分支无匹配
DEBUG pool-3-thread-1 org.riseger.main.compiler.semantic.SemanticTree - 进入['RECT',, '(',, 'primary',, ',',, 'additive',, ')',]中匹配
DEBUG pool-3-thread-1 org.riseger.main.compiler.semantic.SemanticTree - 匹配失败,源代码："coord":24 不匹配语法："RECT":21
DEBUG pool-3-thread-1 org.riseger.main.compiler.semantic.SemanticTree - 进入['COORD',, '(',, 'additive',, ',',, 'additive',, ')',]中匹配
DEBUG pool-3-thread-1 org.riseger.main.compiler.semantic.SemanticTree - 匹配成功，源代码为："coord" 匹配代码为:"COORD"
DEBUG pool-3-thread-1 org.riseger.main.compiler.semantic.SemanticTree - 匹配成功，源代码为："(" 匹配代码为:"("
DEBUG pool-3-thread-1 org.riseger.main.compiler.semantic.SemanticTree - 非关键词匹配
DEBUG pool-3-thread-1 org.riseger.main.compiler.semantic.SemanticTree - 进入['multiplicative',]中匹配
DEBUG pool-3-thread-1 org.riseger.main.compiler.semantic.SemanticTree - 非关键词匹配
DEBUG pool-3-thread-1 org.riseger.main.compiler.semantic.SemanticTree - 进入['unary',]中匹配
DEBUG pool-3-thread-1 org.riseger.main.compiler.semantic.SemanticTree - 非关键词匹配
DEBUG pool-3-thread-1 org.riseger.main.compiler.semantic.SemanticTree - 进入['primary',]中匹配
DEBUG pool-3-thread-1 org.riseger.main.compiler.semantic.SemanticTree - 非关键词匹配
DEBUG pool-3-thread-1 org.riseger.main.compiler.semantic.SemanticTree - 进入['graphic_condition',]中匹配
DEBUG pool-3-thread-1 org.riseger.main.compiler.semantic.SemanticTree - 非关键词匹配
DEBUG pool-3-thread-1 org.riseger.main.compiler.semantic.SemanticTree - 进入['IN',, 'primary',]中匹配
DEBUG pool-3-thread-1 org.riseger.main.compiler.semantic.SemanticTree - 匹配失败,源代码："777.5":1082674176 不匹配语法："IN":18
DEBUG pool-3-thread-1 org.riseger.main.compiler.semantic.SemanticTree - 进入['OUT',, 'primary',]中匹配
DEBUG pool-3-thread-1 org.riseger.main.compiler.semantic.SemanticTree - 匹配失败,源代码："777.5":1082674176 不匹配语法："OUT":19
DEBUG pool-3-thread-1 org.riseger.main.compiler.semantic.SemanticTree - 匹配失败，['IN',, 'primary',] 树内所有分支无匹配
DEBUG pool-3-thread-1 org.riseger.main.compiler.semantic.SemanticTree - 匹配失败，子树内所有分支无匹配
DEBUG pool-3-thread-1 org.riseger.main.compiler.semantic.SemanticTree - 进入['entity_expression',]中匹配
DEBUG pool-3-thread-1 org.riseger.main.compiler.semantic.SemanticTree - 非关键词匹配
DEBUG pool-3-thread-1 org.riseger.main.compiler.semantic.SemanticTree - 进入['entity',, '.',, 'entity',]中匹配
DEBUG pool-3-thread-1 org.riseger.main.compiler.semantic.SemanticTree - 非关键词匹配
DEBUG pool-3-thread-1 org.riseger.main.compiler.semantic.SemanticTree - 语法终结点：777.5
DEBUG pool-3-thread-1 org.riseger.main.compiler.semantic.SemanticTree - 语法终结点 匹配成功
DEBUG pool-3-thread-1 org.riseger.main.compiler.semantic.SemanticTree - 匹配成功
DEBUG pool-3-thread-1 org.riseger.main.compiler.semantic.SemanticTree - 匹配失败,源代码：",":10 不匹配语法：".":20
DEBUG pool-3-thread-1 org.riseger.main.compiler.semantic.SemanticTree - 进入['RECT',, '(',, 'primary',, ',',, 'additive',, ')',]中匹配
DEBUG pool-3-thread-1 org.riseger.main.compiler.semantic.SemanticTree - 匹配失败,源代码：",":10 不匹配语法："RECT":21
DEBUG pool-3-thread-1 org.riseger.main.compiler.semantic.SemanticTree - 进入['COORD',, '(',, 'additive',, ',',, 'additive',, ')',]中匹配
DEBUG pool-3-thread-1 org.riseger.main.compiler.semantic.SemanticTree - 匹配失败,源代码：",":10 不匹配语法："COORD":24
DEBUG pool-3-thread-1 org.riseger.main.compiler.semantic.SemanticTree - 匹配失败，['entity',, '.',, 'entity',] 树内所有分支无匹配
DEBUG pool-3-thread-1 org.riseger.main.compiler.semantic.SemanticTree - 匹配失败，子树内所有分支无匹配
DEBUG pool-3-thread-1 org.riseger.main.compiler.semantic.SemanticTree - 进入['strings',]中匹配
DEBUG pool-3-thread-1 org.riseger.main.compiler.semantic.SemanticTree - 非关键词匹配
DEBUG pool-3-thread-1 org.riseger.main.compiler.semantic.SemanticTree - 进入['primary',, ',',, 'strings',]中匹配
DEBUG pool-3-thread-1 org.riseger.main.compiler.semantic.SemanticTree - 非关键词匹配
DEBUG pool-3-thread-1 org.riseger.main.compiler.semantic.SemanticTree - 进入['graphic_condition',]中匹配
DEBUG pool-3-thread-1 org.riseger.main.compiler.semantic.SemanticTree - 非关键词匹配
DEBUG pool-3-thread-1 org.riseger.main.compiler.semantic.SemanticTree - 进入['IN',, 'primary',]中匹配
DEBUG pool-3-thread-1 org.riseger.main.compiler.semantic.SemanticTree - 匹配失败,源代码：",":10 不匹配语法："IN":18
DEBUG pool-3-thread-1 org.riseger.main.compiler.semantic.SemanticTree - 进入['OUT',, 'primary',]中匹配
DEBUG pool-3-thread-1 org.riseger.main.compiler.semantic.SemanticTree - 匹配失败,源代码：",":10 不匹配语法："OUT":19
DEBUG pool-3-thread-1 org.riseger.main.compiler.semantic.SemanticTree - 匹配失败，['IN',, 'primary',] 树内所有分支无匹配
DEBUG pool-3-thread-1 org.riseger.main.compiler.semantic.SemanticTree - 匹配失败，子树内所有分支无匹配
DEBUG pool-3-thread-1 org.riseger.main.compiler.semantic.SemanticTree - 进入['entity_expression',]中匹配
DEBUG pool-3-thread-1 org.riseger.main.compiler.semantic.SemanticTree - 非关键词匹配
DEBUG pool-3-thread-1 org.riseger.main.compiler.semantic.SemanticTree - 进入['entity',, '.',, 'entity',]中匹配
DEBUG pool-3-thread-1 org.riseger.main.compiler.semantic.SemanticTree - 非关键词匹配
DEBUG pool-3-thread-1 org.riseger.main.compiler.semantic.SemanticTree - 语法终结点：,
DEBUG pool-3-thread-1 org.riseger.main.compiler.semantic.SemanticTree - 语法终结点 匹配失败
DEBUG pool-3-thread-1 org.riseger.main.compiler.semantic.SemanticTree - 匹配失败，子树内所有分支无匹配
DEBUG pool-3-thread-1 org.riseger.main.compiler.semantic.SemanticTree - 进入['RECT',, '(',, 'primary',, ',',, 'additive',, ')',]中匹配
DEBUG pool-3-thread-1 org.riseger.main.compiler.semantic.SemanticTree - 匹配失败,源代码："72658.1":-647486277 不匹配语法："RECT":21
DEBUG pool-3-thread-1 org.riseger.main.compiler.semantic.SemanticTree - 进入['COORD',, '(',, 'additive',, ',',, 'additive',, ')',]中匹配
DEBUG pool-3-thread-1 org.riseger.main.compiler.semantic.SemanticTree - 匹配失败,源代码："72658.1":-647486277 不匹配语法："COORD":24
DEBUG pool-3-thread-1 org.riseger.main.compiler.semantic.SemanticTree - 匹配失败，['entity',, '.',, 'entity',] 树内所有分支无匹配
DEBUG pool-3-thread-1 org.riseger.main.compiler.semantic.SemanticTree - 匹配失败，子树内所有分支无匹配
DEBUG pool-3-thread-1 org.riseger.main.compiler.semantic.SemanticTree - 进入['strings',]中匹配
DEBUG pool-3-thread-1 org.riseger.main.compiler.semantic.SemanticTree - 非关键词匹配
DEBUG pool-3-thread-1 org.riseger.main.compiler.semantic.SemanticTree - 进入['primary',, ',',, 'strings',]中匹配
DEBUG pool-3-thread-1 org.riseger.main.compiler.semantic.SemanticTree - 非关键词匹配
DEBUG pool-3-thread-1 org.riseger.main.compiler.semantic.SemanticTree - 进入['graphic_condition',]中匹配
DEBUG pool-3-thread-1 org.riseger.main.compiler.semantic.SemanticTree - 非关键词匹配
DEBUG pool-3-thread-1 org.riseger.main.compiler.semantic.SemanticTree - 进入['IN',, 'primary',]中匹配
DEBUG pool-3-thread-1 org.riseger.main.compiler.semantic.SemanticTree - 匹配失败,源代码："72658.1":-647486277 不匹配语法："IN":18
DEBUG pool-3-thread-1 org.riseger.main.compiler.semantic.SemanticTree - 进入['OUT',, 'primary',]中匹配
DEBUG pool-3-thread-1 org.riseger.main.compiler.semantic.SemanticTree - 匹配失败,源代码："72658.1":-647486277 不匹配语法："OUT":19
DEBUG pool-3-thread-1 org.riseger.main.compiler.semantic.SemanticTree - 匹配失败，['IN',, 'primary',] 树内所有分支无匹配
DEBUG pool-3-thread-1 org.riseger.main.compiler.semantic.SemanticTree - 匹配失败，子树内所有分支无匹配
DEBUG pool-3-thread-1 org.riseger.main.compiler.semantic.SemanticTree - 进入['entity_expression',]中匹配
DEBUG pool-3-thread-1 org.riseger.main.compiler.semantic.SemanticTree - 非关键词匹配
DEBUG pool-3-thread-1 org.riseger.main.compiler.semantic.SemanticTree - 进入['entity',, '.',, 'entity',]中匹配
DEBUG pool-3-thread-1 org.riseger.main.compiler.semantic.SemanticTree - 非关键词匹配
DEBUG pool-3-thread-1 org.riseger.main.compiler.semantic.SemanticTree - 语法终结点：72658.1
DEBUG pool-3-thread-1 org.riseger.main.compiler.semantic.SemanticTree - 语法终结点 匹配成功
DEBUG pool-3-thread-1 org.riseger.main.compiler.semantic.SemanticTree - 匹配成功
DEBUG pool-3-thread-1 org.riseger.main.compiler.semantic.SemanticTree - 匹配失败,源代码：")":23 不匹配语法：".":20
DEBUG pool-3-thread-1 org.riseger.main.compiler.semantic.SemanticTree - 进入['RECT',, '(',, 'primary',, ',',, 'additive',, ')',]中匹配
DEBUG pool-3-thread-1 org.riseger.main.compiler.semantic.SemanticTree - 匹配失败,源代码：")":23 不匹配语法："RECT":21
DEBUG pool-3-thread-1 org.riseger.main.compiler.semantic.SemanticTree - 进入['COORD',, '(',, 'additive',, ',',, 'additive',, ')',]中匹配
DEBUG pool-3-thread-1 org.riseger.main.compiler.semantic.SemanticTree - 匹配失败,源代码：")":23 不匹配语法："COORD":24
DEBUG pool-3-thread-1 org.riseger.main.compiler.semantic.SemanticTree - 匹配失败，['entity',, '.',, 'entity',] 树内所有分支无匹配
DEBUG pool-3-thread-1 org.riseger.main.compiler.semantic.SemanticTree - 匹配失败，子树内所有分支无匹配
DEBUG pool-3-thread-1 org.riseger.main.compiler.semantic.SemanticTree - 进入['strings',]中匹配
DEBUG pool-3-thread-1 org.riseger.main.compiler.semantic.SemanticTree - 非关键词匹配
DEBUG pool-3-thread-1 org.riseger.main.compiler.semantic.SemanticTree - 进入['primary',, ',',, 'strings',]中匹配
DEBUG pool-3-thread-1 org.riseger.main.compiler.semantic.SemanticTree - 非关键词匹配
DEBUG pool-3-thread-1 org.riseger.main.compiler.semantic.SemanticTree - 进入['graphic_condition',]中匹配
DEBUG pool-3-thread-1 org.riseger.main.compiler.semantic.SemanticTree - 非关键词匹配
DEBUG pool-3-thread-1 org.riseger.main.compiler.semantic.SemanticTree - 进入['IN',, 'primary',]中匹配
DEBUG pool-3-thread-1 org.riseger.main.compiler.semantic.SemanticTree - 匹配失败,源代码：")":23 不匹配语法："IN":18
DEBUG pool-3-thread-1 org.riseger.main.compiler.semantic.SemanticTree - 进入['OUT',, 'primary',]中匹配
DEBUG pool-3-thread-1 org.riseger.main.compiler.semantic.SemanticTree - 匹配失败,源代码：")":23 不匹配语法："OUT":19
DEBUG pool-3-thread-1 org.riseger.main.compiler.semantic.SemanticTree - 匹配失败，['IN',, 'primary',] 树内所有分支无匹配
DEBUG pool-3-thread-1 org.riseger.main.compiler.semantic.SemanticTree - 匹配失败，子树内所有分支无匹配
DEBUG pool-3-thread-1 org.riseger.main.compiler.semantic.SemanticTree - 进入['entity_expression',]中匹配
DEBUG pool-3-thread-1 org.riseger.main.compiler.semantic.SemanticTree - 非关键词匹配
DEBUG pool-3-thread-1 org.riseger.main.compiler.semantic.SemanticTree - 进入['entity',, '.',, 'entity',]中匹配
DEBUG pool-3-thread-1 org.riseger.main.compiler.semantic.SemanticTree - 非关键词匹配
DEBUG pool-3-thread-1 org.riseger.main.compiler.semantic.SemanticTree - 语法终结点：)
DEBUG pool-3-thread-1 org.riseger.main.compiler.semantic.SemanticTree - 语法终结点 匹配失败
DEBUG pool-3-thread-1 org.riseger.main.compiler.semantic.SemanticTree - 匹配失败，子树内所有分支无匹配
DEBUG pool-3-thread-1 org.riseger.main.compiler.semantic.SemanticTree - 进入['RECT',, '(',, 'primary',, ',',, 'additive',, ')',]中匹配
DEBUG pool-3-thread-1 org.riseger.main.compiler.semantic.SemanticTree - 匹配失败,源代码：",":10 不匹配语法："RECT":21
DEBUG pool-3-thread-1 org.riseger.main.compiler.semantic.SemanticTree - 进入['COORD',, '(',, 'additive',, ',',, 'additive',, ')',]中匹配
DEBUG pool-3-thread-1 org.riseger.main.compiler.semantic.SemanticTree - 匹配失败,源代码：",":10 不匹配语法："COORD":24
DEBUG pool-3-thread-1 org.riseger.main.compiler.semantic.SemanticTree - 匹配失败，['entity',, '.',, 'entity',] 树内所有分支无匹配
DEBUG pool-3-thread-1 org.riseger.main.compiler.semantic.SemanticTree - 匹配失败，子树内所有分支无匹配
DEBUG pool-3-thread-1 org.riseger.main.compiler.semantic.SemanticTree - 进入['strings',]中匹配
DEBUG pool-3-thread-1 org.riseger.main.compiler.semantic.SemanticTree - 非关键词匹配
DEBUG pool-3-thread-1 org.riseger.main.compiler.semantic.SemanticTree - 进入['primary',, ',',, 'strings',]中匹配
DEBUG pool-3-thread-1 org.riseger.main.compiler.semantic.SemanticTree - 非关键词匹配
DEBUG pool-3-thread-1 org.riseger.main.compiler.semantic.SemanticTree - 进入['graphic_condition',]中匹配
DEBUG pool-3-thread-1 org.riseger.main.compiler.semantic.SemanticTree - 非关键词匹配
DEBUG pool-3-thread-1 org.riseger.main.compiler.semantic.SemanticTree - 进入['IN',, 'primary',]中匹配
DEBUG pool-3-thread-1 org.riseger.main.compiler.semantic.SemanticTree - 匹配失败,源代码：",":10 不匹配语法："IN":18
DEBUG pool-3-thread-1 org.riseger.main.compiler.semantic.SemanticTree - 进入['OUT',, 'primary',]中匹配
DEBUG pool-3-thread-1 org.riseger.main.compiler.semantic.SemanticTree - 匹配失败,源代码：",":10 不匹配语法："OUT":19
DEBUG pool-3-thread-1 org.riseger.main.compiler.semantic.SemanticTree - 匹配失败，['IN',, 'primary',] 树内所有分支无匹配
DEBUG pool-3-thread-1 org.riseger.main.compiler.semantic.SemanticTree - 匹配失败，子树内所有分支无匹配
DEBUG pool-3-thread-1 org.riseger.main.compiler.semantic.SemanticTree - 进入['entity_expression',]中匹配
DEBUG pool-3-thread-1 org.riseger.main.compiler.semantic.SemanticTree - 非关键词匹配
DEBUG pool-3-thread-1 org.riseger.main.compiler.semantic.SemanticTree - 进入['entity',, '.',, 'entity',]中匹配
DEBUG pool-3-thread-1 org.riseger.main.compiler.semantic.SemanticTree - 非关键词匹配
DEBUG pool-3-thread-1 org.riseger.main.compiler.semantic.SemanticTree - 语法终结点：,
DEBUG pool-3-thread-1 org.riseger.main.compiler.semantic.SemanticTree - 语法终结点 匹配失败
DEBUG pool-3-thread-1 org.riseger.main.compiler.semantic.SemanticTree - 匹配失败，子树内所有分支无匹配
DEBUG pool-3-thread-1 org.riseger.main.compiler.semantic.SemanticTree - 进入['RECT',, '(',, 'primary',, ',',, 'additive',, ')',]中匹配
DEBUG pool-3-thread-1 org.riseger.main.compiler.semantic.SemanticTree - 匹配失败,源代码："45.2":-639696893 不匹配语法："RECT":21
DEBUG pool-3-thread-1 org.riseger.main.compiler.semantic.SemanticTree - 进入['COORD',, '(',, 'additive',, ',',, 'additive',, ')',]中匹配
DEBUG pool-3-thread-1 org.riseger.main.compiler.semantic.SemanticTree - 匹配失败,源代码："45.2":-639696893 不匹配语法："COORD":24
DEBUG pool-3-thread-1 org.riseger.main.compiler.semantic.SemanticTree - 匹配失败，['entity',, '.',, 'entity',] 树内所有分支无匹配
DEBUG pool-3-thread-1 org.riseger.main.compiler.semantic.SemanticTree - 匹配失败，子树内所有分支无匹配
DEBUG pool-3-thread-1 org.riseger.main.compiler.semantic.SemanticTree - 进入['strings',]中匹配
DEBUG pool-3-thread-1 org.riseger.main.compiler.semantic.SemanticTree - 非关键词匹配
DEBUG pool-3-thread-1 org.riseger.main.compiler.semantic.SemanticTree - 进入['primary',, ',',, 'strings',]中匹配
DEBUG pool-3-thread-1 org.riseger.main.compiler.semantic.SemanticTree - 非关键词匹配
DEBUG pool-3-thread-1 org.riseger.main.compiler.semantic.SemanticTree - 进入['graphic_condition',]中匹配
DEBUG pool-3-thread-1 org.riseger.main.compiler.semantic.SemanticTree - 非关键词匹配
DEBUG pool-3-thread-1 org.riseger.main.compiler.semantic.SemanticTree - 进入['IN',, 'primary',]中匹配
DEBUG pool-3-thread-1 org.riseger.main.compiler.semantic.SemanticTree - 匹配失败,源代码："45.2":-639696893 不匹配语法："IN":18
DEBUG pool-3-thread-1 org.riseger.main.compiler.semantic.SemanticTree - 进入['OUT',, 'primary',]中匹配
DEBUG pool-3-thread-1 org.riseger.main.compiler.semantic.SemanticTree - 匹配失败,源代码："45.2":-639696893 不匹配语法："OUT":19
DEBUG pool-3-thread-1 org.riseger.main.compiler.semantic.SemanticTree - 匹配失败，['IN',, 'primary',] 树内所有分支无匹配
DEBUG pool-3-thread-1 org.riseger.main.compiler.semantic.SemanticTree - 匹配失败，子树内所有分支无匹配
DEBUG pool-3-thread-1 org.riseger.main.compiler.semantic.SemanticTree - 进入['entity_expression',]中匹配
DEBUG pool-3-thread-1 org.riseger.main.compiler.semantic.SemanticTree - 非关键词匹配
DEBUG pool-3-thread-1 org.riseger.main.compiler.semantic.SemanticTree - 进入['entity',, '.',, 'entity',]中匹配
DEBUG pool-3-thread-1 org.riseger.main.compiler.semantic.SemanticTree - 非关键词匹配
DEBUG pool-3-thread-1 org.riseger.main.compiler.semantic.SemanticTree - 语法终结点：45.2
DEBUG pool-3-thread-1 org.riseger.main.compiler.semantic.SemanticTree - 语法终结点 匹配成功
DEBUG pool-3-thread-1 org.riseger.main.compiler.semantic.SemanticTree - 匹配成功
DEBUG pool-3-thread-1 org.riseger.main.compiler.semantic.SemanticTree - 匹配失败,源代码：")":23 不匹配语法：".":20
DEBUG pool-3-thread-1 org.riseger.main.compiler.semantic.SemanticTree - 进入['RECT',, '(',, 'primary',, ',',, 'additive',, ')',]中匹配
DEBUG pool-3-thread-1 org.riseger.main.compiler.semantic.SemanticTree - 匹配失败,源代码：")":23 不匹配语法："RECT":21
DEBUG pool-3-thread-1 org.riseger.main.compiler.semantic.SemanticTree - 进入['COORD',, '(',, 'additive',, ',',, 'additive',, ')',]中匹配
DEBUG pool-3-thread-1 org.riseger.main.compiler.semantic.SemanticTree - 匹配失败,源代码：")":23 不匹配语法："COORD":24
DEBUG pool-3-thread-1 org.riseger.main.compiler.semantic.SemanticTree - 匹配失败，['entity',, '.',, 'entity',] 树内所有分支无匹配
DEBUG pool-3-thread-1 org.riseger.main.compiler.semantic.SemanticTree - 匹配失败，子树内所有分支无匹配
DEBUG pool-3-thread-1 org.riseger.main.compiler.semantic.SemanticTree - 进入['strings',]中匹配
DEBUG pool-3-thread-1 org.riseger.main.compiler.semantic.SemanticTree - 非关键词匹配
DEBUG pool-3-thread-1 org.riseger.main.compiler.semantic.SemanticTree - 进入['primary',, ',',, 'strings',]中匹配
DEBUG pool-3-thread-1 org.riseger.main.compiler.semantic.SemanticTree - 非关键词匹配
DEBUG pool-3-thread-1 org.riseger.main.compiler.semantic.SemanticTree - 进入['graphic_condition',]中匹配
DEBUG pool-3-thread-1 org.riseger.main.compiler.semantic.SemanticTree - 非关键词匹配
DEBUG pool-3-thread-1 org.riseger.main.compiler.semantic.SemanticTree - 进入['IN',, 'primary',]中匹配
DEBUG pool-3-thread-1 org.riseger.main.compiler.semantic.SemanticTree - 匹配失败,源代码：")":23 不匹配语法："IN":18
DEBUG pool-3-thread-1 org.riseger.main.compiler.semantic.SemanticTree - 进入['OUT',, 'primary',]中匹配
DEBUG pool-3-thread-1 org.riseger.main.compiler.semantic.SemanticTree - 匹配失败,源代码：")":23 不匹配语法："OUT":19
DEBUG pool-3-thread-1 org.riseger.main.compiler.semantic.SemanticTree - 匹配失败，['IN',, 'primary',] 树内所有分支无匹配
DEBUG pool-3-thread-1 org.riseger.main.compiler.semantic.SemanticTree - 匹配失败，子树内所有分支无匹配
DEBUG pool-3-thread-1 org.riseger.main.compiler.semantic.SemanticTree - 进入['entity_expression',]中匹配
DEBUG pool-3-thread-1 org.riseger.main.compiler.semantic.SemanticTree - 非关键词匹配
DEBUG pool-3-thread-1 org.riseger.main.compiler.semantic.SemanticTree - 进入['entity',, '.',, 'entity',]中匹配
DEBUG pool-3-thread-1 org.riseger.main.compiler.semantic.SemanticTree - 非关键词匹配
DEBUG pool-3-thread-1 org.riseger.main.compiler.semantic.SemanticTree - 语法终结点：)
DEBUG pool-3-thread-1 org.riseger.main.compiler.semantic.SemanticTree - 语法终结点 匹配失败
DEBUG pool-3-thread-1 org.riseger.main.compiler.semantic.SemanticTree - 匹配失败，子树内所有分支无匹配
DEBUG pool-3-thread-1 org.riseger.main.compiler.semantic.SemanticTree - 进入['RECT',, '(',, 'primary',, ',',, 'additive',, ')',]中匹配
DEBUG pool-3-thread-1 org.riseger.main.compiler.semantic.SemanticTree - 匹配失败,源代码："AND":3 不匹配语法："RECT":21
DEBUG pool-3-thread-1 org.riseger.main.compiler.semantic.SemanticTree - 进入['COORD',, '(',, 'additive',, ',',, 'additive',, ')',]中匹配
DEBUG pool-3-thread-1 org.riseger.main.compiler.semantic.SemanticTree - 匹配失败,源代码："AND":3 不匹配语法："COORD":24
DEBUG pool-3-thread-1 org.riseger.main.compiler.semantic.SemanticTree - 匹配失败，['entity',, '.',, 'entity',] 树内所有分支无匹配
DEBUG pool-3-thread-1 org.riseger.main.compiler.semantic.SemanticTree - 匹配失败，子树内所有分支无匹配
DEBUG pool-3-thread-1 org.riseger.main.compiler.semantic.SemanticTree - 进入['strings',]中匹配
DEBUG pool-3-thread-1 org.riseger.main.compiler.semantic.SemanticTree - 非关键词匹配
DEBUG pool-3-thread-1 org.riseger.main.compiler.semantic.SemanticTree - 进入['primary',, ',',, 'strings',]中匹配
DEBUG pool-3-thread-1 org.riseger.main.compiler.semantic.SemanticTree - 非关键词匹配
DEBUG pool-3-thread-1 org.riseger.main.compiler.semantic.SemanticTree - 进入['graphic_condition',]中匹配
DEBUG pool-3-thread-1 org.riseger.main.compiler.semantic.SemanticTree - 非关键词匹配
DEBUG pool-3-thread-1 org.riseger.main.compiler.semantic.SemanticTree - 进入['IN',, 'primary',]中匹配
DEBUG pool-3-thread-1 org.riseger.main.compiler.semantic.SemanticTree - 匹配失败,源代码："AND":3 不匹配语法："IN":18
DEBUG pool-3-thread-1 org.riseger.main.compiler.semantic.SemanticTree - 进入['OUT',, 'primary',]中匹配
DEBUG pool-3-thread-1 org.riseger.main.compiler.semantic.SemanticTree - 匹配失败,源代码："AND":3 不匹配语法："OUT":19
DEBUG pool-3-thread-1 org.riseger.main.compiler.semantic.SemanticTree - 匹配失败，['IN',, 'primary',] 树内所有分支无匹配
DEBUG pool-3-thread-1 org.riseger.main.compiler.semantic.SemanticTree - 匹配失败，子树内所有分支无匹配
DEBUG pool-3-thread-1 org.riseger.main.compiler.semantic.SemanticTree - 进入['entity_expression',]中匹配
DEBUG pool-3-thread-1 org.riseger.main.compiler.semantic.SemanticTree - 非关键词匹配
DEBUG pool-3-thread-1 org.riseger.main.compiler.semantic.SemanticTree - 进入['entity',, '.',, 'entity',]中匹配
DEBUG pool-3-thread-1 org.riseger.main.compiler.semantic.SemanticTree - 非关键词匹配
DEBUG pool-3-thread-1 org.riseger.main.compiler.semantic.SemanticTree - 语法终结点：AND
DEBUG pool-3-thread-1 org.riseger.main.compiler.semantic.SemanticTree - 语法终结点 匹配失败
DEBUG pool-3-thread-1 org.riseger.main.compiler.semantic.SemanticTree - 匹配失败，子树内所有分支无匹配
DEBUG pool-3-thread-1 org.riseger.main.compiler.semantic.SemanticTree - 进入['RECT',, '(',, 'primary',, ',',, 'additive',, ')',]中匹配
DEBUG pool-3-thread-1 org.riseger.main.compiler.semantic.SemanticTree - 匹配失败,源代码："building_model":1100388830 不匹配语法："RECT":21
DEBUG pool-3-thread-1 org.riseger.main.compiler.semantic.SemanticTree - 进入['COORD',, '(',, 'additive',, ',',, 'additive',, ')',]中匹配
DEBUG pool-3-thread-1 org.riseger.main.compiler.semantic.SemanticTree - 匹配失败,源代码："building_model":1100388830 不匹配语法："COORD":24
DEBUG pool-3-thread-1 org.riseger.main.compiler.semantic.SemanticTree - 匹配失败，['entity',, '.',, 'entity',] 树内所有分支无匹配
DEBUG pool-3-thread-1 org.riseger.main.compiler.semantic.SemanticTree - 匹配失败，子树内所有分支无匹配
DEBUG pool-3-thread-1 org.riseger.main.compiler.semantic.SemanticTree - 进入['strings',]中匹配
DEBUG pool-3-thread-1 org.riseger.main.compiler.semantic.SemanticTree - 非关键词匹配
DEBUG pool-3-thread-1 org.riseger.main.compiler.semantic.SemanticTree - 进入['primary',, ',',, 'strings',]中匹配
DEBUG pool-3-thread-1 org.riseger.main.compiler.semantic.SemanticTree - 非关键词匹配
DEBUG pool-3-thread-1 org.riseger.main.compiler.semantic.SemanticTree - 进入['graphic_condition',]中匹配
DEBUG pool-3-thread-1 org.riseger.main.compiler.semantic.SemanticTree - 非关键词匹配
DEBUG pool-3-thread-1 org.riseger.main.compiler.semantic.SemanticTree - 进入['IN',, 'primary',]中匹配
DEBUG pool-3-thread-1 org.riseger.main.compiler.semantic.SemanticTree - 匹配失败,源代码："building_model":1100388830 不匹配语法："IN":18
DEBUG pool-3-thread-1 org.riseger.main.compiler.semantic.SemanticTree - 进入['OUT',, 'primary',]中匹配
DEBUG pool-3-thread-1 org.riseger.main.compiler.semantic.SemanticTree - 匹配失败,源代码："building_model":1100388830 不匹配语法："OUT":19
DEBUG pool-3-thread-1 org.riseger.main.compiler.semantic.SemanticTree - 匹配失败，['IN',, 'primary',] 树内所有分支无匹配
DEBUG pool-3-thread-1 org.riseger.main.compiler.semantic.SemanticTree - 匹配失败，子树内所有分支无匹配
DEBUG pool-3-thread-1 org.riseger.main.compiler.semantic.SemanticTree - 进入['entity_expression',]中匹配
DEBUG pool-3-thread-1 org.riseger.main.compiler.semantic.SemanticTree - 非关键词匹配
DEBUG pool-3-thread-1 org.riseger.main.compiler.semantic.SemanticTree - 进入['entity',, '.',, 'entity',]中匹配
DEBUG pool-3-thread-1 org.riseger.main.compiler.semantic.SemanticTree - 非关键词匹配
DEBUG pool-3-thread-1 org.riseger.main.compiler.semantic.SemanticTree - 语法终结点：building_model
DEBUG pool-3-thread-1 org.riseger.main.compiler.semantic.SemanticTree - 语法终结点 匹配成功
DEBUG pool-3-thread-1 org.riseger.main.compiler.semantic.SemanticTree - 匹配成功
DEBUG pool-3-thread-1 org.riseger.main.compiler.semantic.SemanticTree - 匹配成功，源代码为："." 匹配代码为:"."
DEBUG pool-3-thread-1 org.riseger.main.compiler.semantic.SemanticTree - 非关键词匹配
DEBUG pool-3-thread-1 org.riseger.main.compiler.semantic.SemanticTree - 语法终结点：floorArea
DEBUG pool-3-thread-1 org.riseger.main.compiler.semantic.SemanticTree - 语法终结点 匹配成功
DEBUG pool-3-thread-1 org.riseger.main.compiler.semantic.SemanticTree - 匹配成功
DEBUG pool-3-thread-1 org.riseger.main.compiler.semantic.SemanticTree - 单支['entity',, '.',, 'entity',]匹配成功，填充函数：class org.riseger.protoctl.compiler.function.entity.Attribute_f
DEBUG pool-3-thread-1 org.riseger.main.compiler.semantic.SemanticTree - 匹配成功
DEBUG pool-3-thread-1 org.riseger.main.compiler.semantic.SemanticTree - 单支['entity_expression',]匹配成功，填充函数：null
DEBUG pool-3-thread-1 org.riseger.main.compiler.semantic.SemanticTree - 匹配成功
DEBUG pool-3-thread-1 org.riseger.main.compiler.semantic.SemanticTree - 匹配失败,源代码：">":12 不匹配语法：",":10
DEBUG pool-3-thread-1 org.riseger.main.compiler.semantic.SemanticTree - 进入['primary',]中匹配
DEBUG pool-3-thread-1 org.riseger.main.compiler.semantic.SemanticTree - 非关键词匹配
DEBUG pool-3-thread-1 org.riseger.main.compiler.semantic.SemanticTree - 进入['graphic_condition',]中匹配
DEBUG pool-3-thread-1 org.riseger.main.compiler.semantic.SemanticTree - 非关键词匹配
DEBUG pool-3-thread-1 org.riseger.main.compiler.semantic.SemanticTree - 进入['IN',, 'primary',]中匹配
DEBUG pool-3-thread-1 org.riseger.main.compiler.semantic.SemanticTree - 匹配失败,源代码：">":12 不匹配语法："IN":18
DEBUG pool-3-thread-1 org.riseger.main.compiler.semantic.SemanticTree - 进入['OUT',, 'primary',]中匹配
DEBUG pool-3-thread-1 org.riseger.main.compiler.semantic.SemanticTree - 匹配失败,源代码：">":12 不匹配语法："OUT":19
DEBUG pool-3-thread-1 org.riseger.main.compiler.semantic.SemanticTree - 匹配失败，['IN',, 'primary',] 树内所有分支无匹配
DEBUG pool-3-thread-1 org.riseger.main.compiler.semantic.SemanticTree - 匹配失败，子树内所有分支无匹配
DEBUG pool-3-thread-1 org.riseger.main.compiler.semantic.SemanticTree - 进入['entity_expression',]中匹配
DEBUG pool-3-thread-1 org.riseger.main.compiler.semantic.SemanticTree - 非关键词匹配
DEBUG pool-3-thread-1 org.riseger.main.compiler.semantic.SemanticTree - 进入['entity',, '.',, 'entity',]中匹配
DEBUG pool-3-thread-1 org.riseger.main.compiler.semantic.SemanticTree - 非关键词匹配
DEBUG pool-3-thread-1 org.riseger.main.compiler.semantic.SemanticTree - 语法终结点：>
DEBUG pool-3-thread-1 org.riseger.main.compiler.semantic.SemanticTree - 语法终结点 匹配失败
DEBUG pool-3-thread-1 org.riseger.main.compiler.semantic.SemanticTree - 匹配失败，子树内所有分支无匹配
DEBUG pool-3-thread-1 org.riseger.main.compiler.semantic.SemanticTree - 进入['RECT',, '(',, 'primary',, ',',, 'additive',, ')',]中匹配
DEBUG pool-3-thread-1 org.riseger.main.compiler.semantic.SemanticTree - 匹配失败,源代码："1000":1083129856 不匹配语法："RECT":21
DEBUG pool-3-thread-1 org.riseger.main.compiler.semantic.SemanticTree - 进入['COORD',, '(',, 'additive',, ',',, 'additive',, ')',]中匹配
DEBUG pool-3-thread-1 org.riseger.main.compiler.semantic.SemanticTree - 匹配失败,源代码："1000":1083129856 不匹配语法："COORD":24
DEBUG pool-3-thread-1 org.riseger.main.compiler.semantic.SemanticTree - 匹配失败，['entity',, '.',, 'entity',] 树内所有分支无匹配
DEBUG pool-3-thread-1 org.riseger.main.compiler.semantic.SemanticTree - 匹配失败，子树内所有分支无匹配
DEBUG pool-3-thread-1 org.riseger.main.compiler.semantic.SemanticTree - 进入['strings',]中匹配
DEBUG pool-3-thread-1 org.riseger.main.compiler.semantic.SemanticTree - 非关键词匹配
DEBUG pool-3-thread-1 org.riseger.main.compiler.semantic.SemanticTree - 进入['primary',, ',',, 'strings',]中匹配
DEBUG pool-3-thread-1 org.riseger.main.compiler.semantic.SemanticTree - 非关键词匹配
DEBUG pool-3-thread-1 org.riseger.main.compiler.semantic.SemanticTree - 进入['graphic_condition',]中匹配
DEBUG pool-3-thread-1 org.riseger.main.compiler.semantic.SemanticTree - 非关键词匹配
DEBUG pool-3-thread-1 org.riseger.main.compiler.semantic.SemanticTree - 进入['IN',, 'primary',]中匹配
DEBUG pool-3-thread-1 org.riseger.main.compiler.semantic.SemanticTree - 匹配失败,源代码："1000":1083129856 不匹配语法："IN":18
DEBUG pool-3-thread-1 org.riseger.main.compiler.semantic.SemanticTree - 进入['OUT',, 'primary',]中匹配
DEBUG pool-3-thread-1 org.riseger.main.compiler.semantic.SemanticTree - 匹配失败,源代码："1000":1083129856 不匹配语法："OUT":19
DEBUG pool-3-thread-1 org.riseger.main.compiler.semantic.SemanticTree - 匹配失败，['IN',, 'primary',] 树内所有分支无匹配
DEBUG pool-3-thread-1 org.riseger.main.compiler.semantic.SemanticTree - 匹配失败，子树内所有分支无匹配
DEBUG pool-3-thread-1 org.riseger.main.compiler.semantic.SemanticTree - 进入['entity_expression',]中匹配
DEBUG pool-3-thread-1 org.riseger.main.compiler.semantic.SemanticTree - 非关键词匹配
DEBUG pool-3-thread-1 org.riseger.main.compiler.semantic.SemanticTree - 进入['entity',, '.',, 'entity',]中匹配
DEBUG pool-3-thread-1 org.riseger.main.compiler.semantic.SemanticTree - 非关键词匹配
DEBUG pool-3-thread-1 org.riseger.main.compiler.semantic.SemanticTree - 语法终结点：1000
DEBUG pool-3-thread-1 org.riseger.main.compiler.semantic.SemanticTree - 语法终结点 匹配成功
DEBUG pool-3-thread-1 org.riseger.main.compiler.semantic.SemanticTree - 匹配成功
DEBUG pool-3-thread-1 org.riseger.main.compiler.semantic.SemanticTree - 匹配失败,源代码：";":9 不匹配语法：".":20
DEBUG pool-3-thread-1 org.riseger.main.compiler.semantic.SemanticTree - 进入['RECT',, '(',, 'primary',, ',',, 'additive',, ')',]中匹配
DEBUG pool-3-thread-1 org.riseger.main.compiler.semantic.SemanticTree - 匹配失败,源代码：";":9 不匹配语法："RECT":21
DEBUG pool-3-thread-1 org.riseger.main.compiler.semantic.SemanticTree - 进入['COORD',, '(',, 'additive',, ',',, 'additive',, ')',]中匹配
DEBUG pool-3-thread-1 org.riseger.main.compiler.semantic.SemanticTree - 匹配失败,源代码：";":9 不匹配语法："COORD":24
DEBUG pool-3-thread-1 org.riseger.main.compiler.semantic.SemanticTree - 匹配失败，['entity',, '.',, 'entity',] 树内所有分支无匹配
DEBUG pool-3-thread-1 org.riseger.main.compiler.semantic.SemanticTree - 匹配失败，子树内所有分支无匹配
DEBUG pool-3-thread-1 org.riseger.main.compiler.semantic.SemanticTree - 进入['strings',]中匹配
DEBUG pool-3-thread-1 org.riseger.main.compiler.semantic.SemanticTree - 非关键词匹配
DEBUG pool-3-thread-1 org.riseger.main.compiler.semantic.SemanticTree - 进入['primary',, ',',, 'strings',]中匹配
DEBUG pool-3-thread-1 org.riseger.main.compiler.semantic.SemanticTree - 非关键词匹配
DEBUG pool-3-thread-1 org.riseger.main.compiler.semantic.SemanticTree - 进入['graphic_condition',]中匹配
DEBUG pool-3-thread-1 org.riseger.main.compiler.semantic.SemanticTree - 非关键词匹配
DEBUG pool-3-thread-1 org.riseger.main.compiler.semantic.SemanticTree - 进入['IN',, 'primary',]中匹配
DEBUG pool-3-thread-1 org.riseger.main.compiler.semantic.SemanticTree - 匹配失败,源代码：";":9 不匹配语法："IN":18
DEBUG pool-3-thread-1 org.riseger.main.compiler.semantic.SemanticTree - 进入['OUT',, 'primary',]中匹配
DEBUG pool-3-thread-1 org.riseger.main.compiler.semantic.SemanticTree - 匹配失败,源代码：";":9 不匹配语法："OUT":19
DEBUG pool-3-thread-1 org.riseger.main.compiler.semantic.SemanticTree - 匹配失败，['IN',, 'primary',] 树内所有分支无匹配
DEBUG pool-3-thread-1 org.riseger.main.compiler.semantic.SemanticTree - 匹配失败，子树内所有分支无匹配
DEBUG pool-3-thread-1 org.riseger.main.compiler.semantic.SemanticTree - 进入['entity_expression',]中匹配
DEBUG pool-3-thread-1 org.riseger.main.compiler.semantic.SemanticTree - 非关键词匹配
DEBUG pool-3-thread-1 org.riseger.main.compiler.semantic.SemanticTree - 进入['entity',, '.',, 'entity',]中匹配
DEBUG pool-3-thread-1 org.riseger.main.compiler.semantic.SemanticTree - 非关键词匹配
DEBUG pool-3-thread-1 org.riseger.main.compiler.semantic.SemanticTree - 语法终结点：;
DEBUG pool-3-thread-1 org.riseger.main.compiler.semantic.SemanticTree - 语法终结点 匹配失败
DEBUG pool-3-thread-1 org.riseger.main.compiler.semantic.SemanticTree - 匹配失败，子树内所有分支无匹配
DEBUG pool-3-thread-1 org.riseger.main.compiler.semantic.SemanticTree - 匹配失败，子树内所有分支无匹配
DEBUG pool-3-thread-1 org.riseger.main.compiler.semantic.SemanticTree - 匹配失败，子树内所有分支无匹配
DEBUG pool-3-thread-1 org.riseger.main.compiler.semantic.SemanticTree - 匹配失败，子树内所有分支无匹配
DEBUG pool-3-thread-1 org.riseger.main.compiler.semantic.SemanticTree - 匹配失败，子树内所有分支无匹配
DEBUG pool-3-thread-1 org.riseger.main.compiler.semantic.SemanticTree - 匹配失败，子树内所有分支无匹配
DEBUG pool-3-thread-1 org.riseger.main.compiler.semantic.SemanticTree - 匹配失败，子树内所有分支无匹配
DEBUG pool-3-thread-1 org.riseger.main.compiler.semantic.SemanticTree - 匹配失败，子树内所有分支无匹配
DEBUG pool-3-thread-1 org.riseger.main.compiler.semantic.SemanticTree - 匹配失败，子树内所有分支无匹配
DEBUG pool-3-thread-1 org.riseger.main.compiler.semantic.SemanticTree - 匹配失败，子树内所有分支无匹配
DEBUG pool-3-thread-1 org.riseger.main.compiler.semantic.SemanticTree - 匹配失败，子树内所有分支无匹配
DEBUG pool-3-thread-1 org.riseger.main.compiler.semantic.SemanticTree - 匹配失败，子树内所有分支无匹配
DEBUG pool-3-thread-1 org.riseger.main.compiler.semantic.SemanticTree - 匹配失败，子树内所有分支无匹配
DEBUG pool-3-thread-1 org.riseger.main.compiler.semantic.SemanticTree - 匹配失败，子树内所有分支无匹配
DEBUG pool-3-thread-1 org.riseger.main.compiler.semantic.SemanticTree - 匹配失败，子树内所有分支无匹配
DEBUG pool-3-thread-1 org.riseger.main.compiler.semantic.SemanticTree - 匹配失败，子树内所有分支无匹配
DEBUG pool-3-thread-1 org.riseger.main.compiler.semantic.SemanticTree - 匹配失败，子树内所有分支无匹配
DEBUG pool-3-thread-1 org.riseger.main.compiler.semantic.SemanticTree - 匹配失败，子树内所有分支无匹配
DEBUG pool-3-thread-1 org.riseger.main.compiler.semantic.SemanticTree - 匹配失败，子树内所有分支无匹配
DEBUG pool-3-thread-1 org.riseger.main.compiler.semantic.SemanticTree - 匹配失败，子树内所有分支无匹配
DEBUG pool-3-thread-1 org.riseger.main.compiler.semantic.SemanticTree - 匹配失败，子树内所有分支无匹配
DEBUG pool-3-thread-1 org.riseger.main.compiler.semantic.SemanticTree - 匹配失败，子树内所有分支无匹配
DEBUG pool-3-thread-1 org.riseger.main.compiler.semantic.SemanticTree - 匹配失败，子树内所有分支无匹配
DEBUG pool-3-thread-1 org.riseger.main.compiler.semantic.SemanticTree - 匹配失败，子树内所有分支无匹配
DEBUG pool-3-thread-1 org.riseger.main.compiler.semantic.SemanticTree - 匹配失败，子树内所有分支无匹配
DEBUG pool-3-thread-1 org.riseger.main.compiler.semantic.SemanticTree - 匹配失败，子树内所有分支无匹配
DEBUG pool-3-thread-1 org.riseger.main.compiler.semantic.SemanticTree - 匹配失败，子树内所有分支无匹配
DEBUG pool-3-thread-1 org.riseger.main.compiler.semantic.SemanticTree - 匹配失败，子树内所有分支无匹配
DEBUG pool-3-thread-1 org.riseger.main.compiler.semantic.SemanticTree - 匹配失败，子树内所有分支无匹配
DEBUG pool-3-thread-1 org.riseger.main.compiler.semantic.SemanticTree - 匹配失败，子树内所有分支无匹配
DEBUG pool-3-thread-1 org.riseger.main.compiler.semantic.SemanticTree - 匹配失败，子树内所有分支无匹配
DEBUG pool-3-thread-1 org.riseger.main.compiler.semantic.SemanticTree - 匹配失败，子树内所有分支无匹配
DEBUG pool-3-thread-1 org.riseger.main.compiler.semantic.SemanticTree - 匹配失败，子树内所有分支无匹配
DEBUG pool-3-thread-1 org.riseger.main.compiler.semantic.SemanticTree - 匹配失败，子树内所有分支无匹配
DEBUG pool-3-thread-1 org.riseger.main.compiler.semantic.SemanticTree - 匹配失败，子树内所有分支无匹配
DEBUG pool-3-thread-1 org.riseger.main.compiler.semantic.SemanticTree - 匹配失败，子树内所有分支无匹配
DEBUG pool-3-thread-1 org.riseger.main.compiler.semantic.SemanticTree - 匹配失败，子树内所有分支无匹配
DEBUG pool-3-thread-1 org.riseger.main.compiler.semantic.SemanticTree - 匹配失败，子树内所有分支无匹配
DEBUG pool-3-thread-1 org.riseger.main.compiler.semantic.SemanticTree - 匹配失败，子树内所有分支无匹配
DEBUG pool-3-thread-1 org.riseger.main.compiler.semantic.SemanticTree - 匹配失败，子树内所有分支无匹配
DEBUG pool-3-thread-1 org.riseger.main.compiler.semantic.SemanticTree - 匹配失败，子树内所有分支无匹配
DEBUG pool-3-thread-1 org.riseger.main.compiler.semantic.SemanticTree - 匹配失败，子树内所有分支无匹配
DEBUG pool-3-thread-1 org.riseger.main.compiler.semantic.SemanticTree - 匹配失败，子树内所有分支无匹配
DEBUG pool-3-thread-1 org.riseger.main.compiler.semantic.SemanticTree - 匹配失败，子树内所有分支无匹配
DEBUG pool-3-thread-1 org.riseger.main.compiler.semantic.SemanticTree - 匹配失败，子树内所有分支无匹配
DEBUG pool-3-thread-1 org.riseger.main.compiler.semantic.SemanticTree - 匹配失败，子树内所有分支无匹配
DEBUG pool-3-thread-1 org.riseger.main.compiler.semantic.SemanticTree - 匹配失败，子树内所有分支无匹配
DEBUG pool-3-thread-1 org.riseger.main.compiler.semantic.SemanticTree - 匹配失败，子树内所有分支无匹配
DEBUG pool-3-thread-1 org.riseger.main.compiler.semantic.SemanticTree - 匹配失败，子树内所有分支无匹配
DEBUG pool-3-thread-1 org.riseger.main.compiler.semantic.SemanticTree - 匹配失败，子树内所有分支无匹配
DEBUG pool-3-thread-1 org.riseger.main.compiler.semantic.SemanticTree - 匹配失败，子树内所有分支无匹配
DEBUG pool-3-thread-1 org.riseger.main.compiler.semantic.SemanticTree - 匹配失败，子树内所有分支无匹配
DEBUG pool-3-thread-1 org.riseger.main.compiler.semantic.SemanticTree - 匹配失败，子树内所有分支无匹配
DEBUG pool-3-thread-1 org.riseger.main.compiler.semantic.SemanticTree - 匹配失败，子树内所有分支无匹配
DEBUG pool-3-thread-1 org.riseger.main.compiler.semantic.SemanticTree - 匹配失败，子树内所有分支无匹配
DEBUG pool-3-thread-1 org.riseger.main.compiler.semantic.SemanticTree - 匹配失败，子树内所有分支无匹配
DEBUG pool-3-thread-1 org.riseger.main.compiler.semantic.SemanticTree - 匹配失败，子树内所有分支无匹配
DEBUG pool-3-thread-1 org.riseger.main.compiler.semantic.SemanticTree - 匹配失败，子树内所有分支无匹配
DEBUG pool-3-thread-1 org.riseger.main.compiler.semantic.SemanticTree - 匹配失败，子树内所有分支无匹配
DEBUG pool-3-thread-1 org.riseger.main.compiler.semantic.SemanticTree - 匹配失败，子树内所有分支无匹配
DEBUG pool-3-thread-1 org.riseger.main.compiler.semantic.SemanticTree - 匹配失败，子树内所有分支无匹配
DEBUG pool-3-thread-1 org.riseger.main.compiler.semantic.SemanticTree - 匹配失败，子树内所有分支无匹配
DEBUG pool-3-thread-1 org.riseger.main.compiler.semantic.SemanticTree - 匹配失败，子树内所有分支无匹配
DEBUG pool-3-thread-1 org.riseger.main.compiler.semantic.SemanticTree - 匹配失败，子树内所有分支无匹配
DEBUG pool-3-thread-1 org.riseger.main.compiler.semantic.SemanticTree - 匹配失败，子树内所有分支无匹配
DEBUG pool-3-thread-1 org.riseger.main.compiler.semantic.SemanticTree - 匹配失败，子树内所有分支无匹配
DEBUG pool-3-thread-1 org.riseger.main.compiler.semantic.SemanticTree - 匹配失败，子树内所有分支无匹配
DEBUG pool-3-thread-1 org.riseger.main.compiler.semantic.SemanticTree - 匹配失败，子树内所有分支无匹配
DEBUG pool-3-thread-1 org.riseger.main.compiler.semantic.SemanticTree - 匹配失败，子树内所有分支无匹配
DEBUG pool-3-thread-1 org.riseger.main.compiler.semantic.SemanticTree - 匹配失败，子树内所有分支无匹配
DEBUG pool-3-thread-1 org.riseger.main.compiler.semantic.SemanticTree - 匹配失败，子树内所有分支无匹配
DEBUG pool-3-thread-1 org.riseger.main.compiler.semantic.SemanticTree - 匹配失败，子树内所有分支无匹配
DEBUG pool-3-thread-1 org.riseger.main.compiler.semantic.SemanticTree - 匹配失败，子树内所有分支无匹配
DEBUG pool-3-thread-1 org.riseger.main.compiler.semantic.SemanticTree - 匹配失败，子树内所有分支无匹配
DEBUG pool-3-thread-1 org.riseger.main.compiler.semantic.SemanticTree - 匹配失败，子树内所有分支无匹配
DEBUG pool-3-thread-1 org.riseger.main.compiler.semantic.SemanticTree - 匹配失败，子树内所有分支无匹配
DEBUG pool-3-thread-1 org.riseger.main.compiler.semantic.SemanticTree - 匹配失败，子树内所有分支无匹配
DEBUG pool-3-thread-1 org.riseger.main.compiler.semantic.SemanticTree - 匹配失败，子树内所有分支无匹配
DEBUG pool-3-thread-1 org.riseger.main.compiler.semantic.SemanticTree - 匹配失败，子树内所有分支无匹配
DEBUG pool-3-thread-1 org.riseger.main.compiler.semantic.SemanticTree - 匹配失败，子树内所有分支无匹配
DEBUG pool-3-thread-1 org.riseger.main.compiler.semantic.SemanticTree - 匹配失败，子树内所有分支无匹配
DEBUG pool-3-thread-1 org.riseger.main.compiler.semantic.SemanticTree - 匹配失败，子树内所有分支无匹配
DEBUG pool-3-thread-1 org.riseger.main.compiler.semantic.SemanticTree - 匹配失败，子树内所有分支无匹配
DEBUG pool-3-thread-1 org.riseger.main.compiler.semantic.SemanticTree - 匹配失败，子树内所有分支无匹配
DEBUG pool-3-thread-1 org.riseger.main.compiler.semantic.SemanticTree - 匹配失败，子树内所有分支无匹配
DEBUG pool-3-thread-1 org.riseger.main.compiler.semantic.SemanticTree - 匹配失败，子树内所有分支无匹配
DEBUG pool-3-thread-1 org.riseger.main.compiler.semantic.SemanticTree - 匹配失败，子树内所有分支无匹配
DEBUG pool-3-thread-1 org.riseger.main.compiler.semantic.SemanticTree - 匹配失败，子树内所有分支无匹配
DEBUG pool-3-thread-1 org.riseger.main.compiler.semantic.SemanticTree - 匹配失败，子树内所有分支无匹配
DEBUG pool-3-thread-1 org.riseger.main.compiler.semantic.SemanticTree - 匹配失败，子树内所有分支无匹配
DEBUG pool-3-thread-1 org.riseger.main.compiler.semantic.SemanticTree - 匹配失败，子树内所有分支无匹配
DEBUG pool-3-thread-1 org.riseger.main.compiler.semantic.SemanticTree - 匹配失败，子树内所有分支无匹配
DEBUG pool-3-thread-1 org.riseger.main.compiler.semantic.SemanticTree - 匹配失败，子树内所有分支无匹配
DEBUG pool-3-thread-1 org.riseger.main.compiler.semantic.SemanticTree - 匹配失败，子树内所有分支无匹配
DEBUG pool-3-thread-1 org.riseger.main.compiler.semantic.SemanticTree - 匹配失败，子树内所有分支无匹配
DEBUG pool-3-thread-1 org.riseger.main.compiler.semantic.SemanticTree - 匹配失败，子树内所有分支无匹配
DEBUG pool-3-thread-1 org.riseger.main.compiler.semantic.SemanticTree - 匹配失败，子树内所有分支无匹配
DEBUG pool-3-thread-1 org.riseger.main.compiler.semantic.SemanticTree - 匹配失败，子树内所有分支无匹配
DEBUG pool-3-thread-1 org.riseger.main.compiler.semantic.SemanticTree - 匹配失败，子树内所有分支无匹配
DEBUG pool-3-thread-1 org.riseger.main.compiler.semantic.SemanticTree - 匹配失败，子树内所有分支无匹配
DEBUG pool-3-thread-1 org.riseger.main.compiler.semantic.SemanticTree - 匹配失败，子树内所有分支无匹配
DEBUG pool-3-thread-1 org.riseger.main.compiler.semantic.SemanticTree - 匹配失败，子树内所有分支无匹配
DEBUG pool-3-thread-1 org.riseger.main.compiler.semantic.SemanticTree - 匹配失败，子树内所有分支无匹配
DEBUG pool-3-thread-1 org.riseger.main.compiler.semantic.SemanticTree - 匹配失败，子树内所有分支无匹配
DEBUG pool-3-thread-1 org.riseger.main.compiler.semantic.SemanticTree - 匹配失败，子树内所有分支无匹配
DEBUG pool-3-thread-1 org.riseger.main.compiler.semantic.SemanticTree - 匹配失败，子树内所有分支无匹配
DEBUG pool-3-thread-1 org.riseger.main.compiler.semantic.SemanticTree - 匹配失败，子树内所有分支无匹配
DEBUG pool-3-thread-1 org.riseger.main.compiler.compoent.SearchSession - No command
INFO nioEventLoopGroup-3-1 org.riseger.main.entry.handler.TransponderHandler - Request processed successfully.
DEBUG nioEventLoopGroup-3-1 org.riseger.protoctl.codec.ProtocolCodec - Encoding message: TEXT_SQL_RESPONSE
INFO nioEventLoopGroup-3-1 org.riseger.main.entry.handler.TransponderHandler - Sending Request: {"success":true}
INFO main org.riseger.main.init.MainBootstrap - Log initializer successfully
INFO main org.riseger.main.init.MainBootstrap - Storage initialized successfully
INFO main org.riseger.main.init.MainBootstrap - Cache initialized successfully
INFO main org.riseger.main.init.MainBootstrap - Compiler initialized successfully
INFO main org.riseger.main.init.MainBootstrap - RequestHandler initialized successfully
INFO main org.riseger.main.init.MainBootstrap - Entry initialized successfully
