#
# A fatal error has been detected by the Java Runtime Environment:
#
#  Internal Error (os_linux_x86.cpp:291), pid=39970, tid=0xf6bc9b40
#  fatal error: An irrecoverable SI_KERNEL SIGSEGV has occurred due to unstable signal handling in this distribution.
#
# JRE version: Java(TM) SE Runtime Environment (8.0) (build 1.8.0_381-b09)
# Java VM: Java HotSpot(TM) Server VM (25.381-b09 mixed mode linux-x86 )
# Failed to write core dump. Core dumps have been disabled. To enable core dumping, try "ulimit -c unlimited" before starting Java again
#
# If you would like to submit a bug report, please visit:
#   http://bugreport.java.com/bugreport/crash.jsp
#

---------------  T H R E A D  ---------------

Current thread (0xf6a09800):  JavaThread "main" [_thread_in_vm, id=39971, stack(0xf6b7a000,0xf6bca000)]

Stack: [0xf6b7a000,0xf6bca000],  sp=0xf6bc4fd0,  free space=299k
Native frames: (J=compiled Java code, j=interpreted, Vv=VM code, C=native code)
V  [libjvm.so+0x95d0b8]  VMError::report_and_die()+0x2c8
V  [libjvm.so+0x3bf305]  report_fatal(VMErrorType, char const*, int, char const*, char const*)+0x55
V  [libjvm.so+0x7bd221]  JVM_handle_linux_signal+0x271
V  [libjvm.so+0x7aecf0]  signalHandler(int, siginfo*, void*)+0x30
C  [linux-gate.so.1+0x570]  __kernel_rt_sigreturn+0x0

Java frames: (J=compiled Java code, j=interpreted, Vv=VM code)
j  java.lang.System.nanoTime()J+0
j  java.util.zip.ZipFile.<init>(Ljava/io/File;ILjava/nio/charset/Charset;)V+171
j  java.util.zip.ZipFile.<init>(Ljava/io/File;I)V+6
j  java.util.jar.JarFile.<init>(Ljava/io/File;ZI)V+3
j  java.util.jar.JarFile.<init>(Ljava/lang/String;)V+11
j  sun.misc.URLClassPath$JarLoader.getJarFile(Ljava/net/URL;)Ljava/util/jar/JarFile;+44
j  sun.misc.URLClassPath$JarLoader.access$800(Lsun/misc/URLClassPath$JarLoader;Ljava/net/URL;)Ljava/util/jar/JarFile;+2
j  sun.misc.URLClassPath$JarLoader$1.run()Ljava/lang/Void;+55
j  sun.misc.URLClassPath$JarLoader$1.run()Ljava/lang/Object;+1
v  ~StubRoutines::call_stub
j  java.security.AccessController.doPrivileged(Ljava/security/PrivilegedExceptionAction;Ljava/security/AccessControlContext;)Ljava/lang/Object;+0
j  sun.misc.URLClassPath$JarLoader.ensureOpen()V+19
j  sun.misc.URLClassPath$JarLoader.<init>(Ljava/net/URL;Ljava/net/URLStreamHandler;Ljava/util/HashMap;Ljava/security/AccessControlContext;)V+143
j  sun.misc.URLClassPath$3.run()Lsun/misc/URLClassPath$Loader;+89
j  sun.misc.URLClassPath$3.run()Ljava/lang/Object;+1
v  ~StubRoutines::call_stub
j  java.security.AccessController.doPrivileged(Ljava/security/PrivilegedExceptionAction;Ljava/security/AccessControlContext;)Ljava/lang/Object;+0
j  sun.misc.URLClassPath.getLoader(Ljava/net/URL;)Lsun/misc/URLClassPath$Loader;+13
j  sun.misc.URLClassPath.getLoader(I)Lsun/misc/URLClassPath$Loader;+87
J 87 C1 sun.misc.URLClassPath.getNextLoader([II)Lsun/misc/URLClassPath$Loader; (88 bytes) @ 0xe7b7c2b8 [0xe7b7bee0+0x3d8]
j  sun.misc.URLClassPath.getResource(Ljava/lang/String;Z)Lsun/misc/Resource;+51
j  java.net.URLClassLoader$1.run()Ljava/lang/Class;+26
j  java.net.URLClassLoader$1.run()Ljava/lang/Object;+1
v  ~StubRoutines::call_stub
j  java.security.AccessController.doPrivileged(Ljava/security/PrivilegedExceptionAction;Ljava/security/AccessControlContext;)Ljava/lang/Object;+0
j  java.net.URLClassLoader.findClass(Ljava/lang/String;)Ljava/lang/Class;+13
j  org.codehaus.plexus.classworlds.realm.ClassRealm.loadClassFromSelf(Ljava/lang/String;)Ljava/lang/Class;+20
j  org.codehaus.plexus.classworlds.strategy.SelfFirstStrategy.loadClass(Ljava/lang/String;)Ljava/lang/Class;+18
j  org.codehaus.plexus.classworlds.realm.ClassRealm.unsynchronizedLoadClass(Ljava/lang/String;Z)Ljava/lang/Class;+13
j  org.codehaus.plexus.classworlds.realm.ClassRealm.loadClass(Ljava/lang/String;Z)Ljava/lang/Class;+9
j  org.codehaus.plexus.classworlds.realm.ClassRealm.loadClass(Ljava/lang/String;)Ljava/lang/Class;+3
j  org.codehaus.plexus.classworlds.launcher.Launcher.getMainClass()Ljava/lang/Class;+8
j  org.codehaus.plexus.classworlds.launcher.Launcher.launchEnhanced([Ljava/lang/String;)V+6
j  org.codehaus.plexus.classworlds.launcher.Launcher.launch([Ljava/lang/String;)V+2
j  org.codehaus.plexus.classworlds.launcher.Launcher.mainWithExitCode([Ljava/lang/String;)I+101
j  org.codehaus.plexus.classworlds.launcher.Launcher.main([Ljava/lang/String;)V+1
j  org.codehaus.classworlds.Launcher.main([Ljava/lang/String;)V+1
v  ~StubRoutines::call_stub

---------------  P R O C E S S  ---------------

Java Threads: ( => current thread )
  0x9ed0a400 JavaThread "Service Thread" daemon [_thread_blocked, id=40002, stack(0xa642e000,0xa647f000)]
  0xa2cff000 JavaThread "C1 CompilerThread11" daemon [_thread_blocked, id=40001, stack(0x9ee7f000,0x9eeff000)]
  0xa2cfd400 JavaThread "C1 CompilerThread10" daemon [_thread_blocked, id=40000, stack(0xa0c80000,0xa0d00000)]
  0xa2cfbc00 JavaThread "C1 CompilerThread9" daemon [_thread_blocked, id=39999, stack(0xa0e80000,0xa0f00000)]
  0xa2cfa800 JavaThread "C1 CompilerThread8" daemon [_thread_blocked, id=39998, stack(0xa1080000,0xa1100000)]
  0xa2cf8c00 JavaThread "C2 CompilerThread7" daemon [_thread_blocked, id=39997, stack(0xa1280000,0xa1300000)]
  0xa2cf7800 JavaThread "C2 CompilerThread6" daemon [_thread_blocked, id=39996, stack(0xa1480000,0xa1500000)]
  0xa2cf6000 JavaThread "C2 CompilerThread5" daemon [_thread_blocked, id=39995, stack(0xa1680000,0xa1700000)]
  0xa2cf4800 JavaThread "C2 CompilerThread4" daemon [_thread_blocked, id=39994, stack(0xa1880000,0xa1900000)]
  0xa2cf3000 JavaThread "C2 CompilerThread3" daemon [_thread_blocked, id=39993, stack(0xa1a80000,0xa1b00000)]
  0xa2cf1400 JavaThread "C2 CompilerThread2" daemon [_thread_blocked, id=39992, stack(0xa1c80000,0xa1d00000)]
  0xa2cefc00 JavaThread "C2 CompilerThread1" daemon [_thread_blocked, id=39991, stack(0xa1e80000,0xa1f00000)]
  0xa2cee400 JavaThread "C2 CompilerThread0" daemon [_thread_blocked, id=39990, stack(0xa2180000,0xa2200000)]
  0xa2cec000 JavaThread "Monitor Ctrl-Break" daemon [_thread_in_native, id=39989, stack(0xa662e000,0xa667f000)]
  0xa2cd3800 JavaThread "Signal Dispatcher" daemon [_thread_blocked, id=39988, stack(0xa682e000,0xa687f000)]
  0xa2cb8c00 JavaThread "Finalizer" daemon [_thread_blocked, id=39987, stack(0xa6a2e000,0xa6a7f000)]
  0xa2cb6000 JavaThread "Reference Handler" daemon [_thread_blocked, id=39986, stack(0xa6c2e000,0xa6c7f000)]
=>0xf6a09800 JavaThread "main" [_thread_in_vm, id=39971, stack(0xf6b7a000,0xf6bca000)]

Other Threads:
  0xa2cb0400 VMThread [stack: 0xa2e53000,0xa2ed3000] [id=39985]
  0x9ed0c400 WatcherThread [stack: 0x9ec80000,0x9ed00000] [id=40003]

VM state:not at safepoint (normal execution)

VM Mutex/Monitor currently owned by a thread:  ([mutex/lock_event])
[0xf6a08290] AdapterHandlerLibrary_lock - owner thread: 0xf6a09800

Heap:
 PSYoungGen      total 19200K, used 2330K [0xd20c0000, 0xd3600000, 0xe7600000)
  eden space 16640K, 14% used [0xd20c0000,0xd23068e0,0xd3100000)
  from space 2560K, 0% used [0xd3380000,0xd3380000,0xd3600000)
  to   space 2560K, 0% used [0xd3100000,0xd3100000,0xd3380000)
 ParOldGen       total 43776K, used 0K [0xa7600000, 0xaa0c0000, 0xd20c0000)
  object space 43776K, 0% used [0xa7600000,0xa7600000,0xaa0c0000)
 Metaspace       used 2248K, capacity 2272K, committed 2328K, reserved 4400K

Card table byte_map: [0xa73ff000,0xa7600000] byte_map_base: 0xa6ec4000

Marking Bits: (ParMarkBitMap*) 0xf78af140
 Begin Bits: [0xa3900000, 0xa4900000)
 End Bits:   [0xa4900000, 0xa5900000)

Polling page: 0xf7f2d000

CodeCache: size=245760Kb used=1663Kb max_used=1663Kb free=244096Kb
 bounds [0xe79e3000, 0xe7c23000, 0xf69e3000]
 total_blobs=257 nmethods=93 adapters=75
 compilation: enabled

Compilation events (10 events):
Event: 0.041 Thread 0xa2cfa800   88  s!   3       sun.misc.URLClassPath::getLoader (243 bytes)
Event: 0.041 Thread 0xa2cfd400   86       3       java.util.HashMap::getNode (148 bytes)
Event: 0.041 Thread 0xa2cfbc00   87  s    3       sun.misc.URLClassPath::getNextLoader (88 bytes)
Event: 0.041 Thread 0xa2cfbc00 nmethod 87 0xe7b7bd48 code [0xe7b7bee0, 0xe7b7c544]
Event: 0.041 Thread 0xa2cfd400 nmethod 86 0xe7b7b208 code [0xe7b7b380, 0xe7b7baa4]
Event: 0.042 Thread 0xa2cff000   89       3       java.lang.ref.Reference::<init> (25 bytes)
Event: 0.042 Thread 0xa2cfbc00   91       3       java.util.Arrays::copyOf (19 bytes)
Event: 0.042 Thread 0xa2cfd400   90       1       java.lang.StringCoding$StringEncoder::requestedCharsetName (5 bytes)
Event: 0.042 Thread 0xa2cfd400 nmethod 90 0xe7b7db08 code [0xe7b7dc00, 0xe7b7dca0]
Event: 0.042 Thread 0xa2cfd400   92       3       java.lang.Math::max (11 bytes)

GC Heap History (0 events):
No events

Deoptimization events (0 events):
No events

Classes redefined (0 events):
No events

Internal exceptions (5 events):
Event: 0.013 Thread 0xf6a09800 Exception <a 'java/lang/NoSuchMethodError': Method sun.misc.Unsafe.defineClass(Ljava/lang/String;[BII)Ljava/lang/Class; name or signature does not match> (0xd20c6ec0) thrown at [/scratch/jenkins/workspace/8-2-build-linux-i586-sans-NAS/jdk8u381/237/hotspot
Event: 0.013 Thread 0xf6a09800 Exception <a 'java/lang/NoSuchMethodError': Method sun.misc.Unsafe.prefetchRead(Ljava/lang/Object;J)V name or signature does not match> (0xd20c7190) thrown at [/scratch/jenkins/workspace/8-2-build-linux-i586-sans-NAS/jdk8u381/237/hotspot/src/share/vm/prim
Event: 0.027 Thread 0xf6a09800 Exception <a 'java/util/zip/ZipException'> (0xd213ea78) thrown at [/scratch/jenkins/workspace/8-2-build-linux-i586-sans-NAS/jdk8u381/237/hotspot/src/share/vm/prims/jni.cpp, line 710]
Event: 0.027 Thread 0xf6a09800 Exception <a 'java/security/PrivilegedActionException'> (0xd213f180) thrown at [/scratch/jenkins/workspace/8-2-build-linux-i586-sans-NAS/jdk8u381/237/hotspot/src/share/vm/prims/jvm.cpp, line 1513]
Event: 0.027 Thread 0xf6a09800 Exception <a 'java/security/PrivilegedActionException'> (0xd213f380) thrown at [/scratch/jenkins/workspace/8-2-build-linux-i586-sans-NAS/jdk8u381/237/hotspot/src/share/vm/prims/jvm.cpp, line 1513]

Events (10 events):
Event: 0.041 loading class org/apache/maven/cli/MavenCli
Event: 0.041 loading class org/apache/maven/cli/MavenCli done
Event: 0.041 loading class java/util/TreeMap$KeySet
Event: 0.041 loading class java/util/TreeMap$KeySet done
Event: 0.041 loading class java/util/TreeMap$KeyIterator
Event: 0.041 loading class java/util/TreeMap$PrivateEntryIterator
Event: 0.041 loading class java/util/TreeMap$PrivateEntryIterator done
Event: 0.041 loading class java/util/TreeMap$KeyIterator done
Event: 0.041 loading class sun/misc/URLClassPath$FileLoader
Event: 0.041 loading class sun/misc/URLClassPath$FileLoader done


Dynamic libraries:
08048000-08049000 r-xp 00000000 103:0b 7877835                           /usr/lib/jvm/jdk1.8.0_381/bin/java
08049000-0804a000 r--p 00000000 103:0b 7877835                           /usr/lib/jvm/jdk1.8.0_381/bin/java
0804a000-0804b000 rw-p 00001000 103:0b 7877835                           /usr/lib/jvm/jdk1.8.0_381/bin/java
099e9000-09a0b000 rw-p 00000000 00:00 0                                  [heap]
9e896000-9eb00000 rw-p 00000000 00:00 0 
9eb00000-9eb21000 rw-p 00000000 00:00 0 
9eb21000-9ec00000 ---p 00000000 00:00 0 
9ec7f000-9ec80000 ---p 00000000 00:00 0 
9ec80000-9ed00000 rw-p 00000000 00:00 0 
9ed00000-9ed7e000 rw-p 00000000 00:00 0 
9ed7e000-9ee00000 ---p 00000000 00:00 0 
9ee7e000-9ee7f000 ---p 00000000 00:00 0 
9ee7f000-9ee82000 ---p 00000000 00:00 0 
9ee82000-a0b00000 rw-p 00000000 00:00 0 
a0b00000-a0b21000 rw-p 00000000 00:00 0 
a0b21000-a0c00000 ---p 00000000 00:00 0 
a0c7f000-a0c80000 ---p 00000000 00:00 0 
a0c80000-a0c83000 ---p 00000000 00:00 0 
a0c83000-a0d00000 rw-p 00000000 00:00 0 
a0d00000-a0d2a000 rw-p 00000000 00:00 0 
a0d2a000-a0e00000 ---p 00000000 00:00 0 
a0e7f000-a0e80000 ---p 00000000 00:00 0 
a0e80000-a0e83000 ---p 00000000 00:00 0 
a0e83000-a0f00000 rw-p 00000000 00:00 0 
a0f00000-a0f35000 rw-p 00000000 00:00 0 
a0f35000-a1000000 ---p 00000000 00:00 0 
a107f000-a1080000 ---p 00000000 00:00 0 
a1080000-a1083000 ---p 00000000 00:00 0 
a1083000-a1100000 rw-p 00000000 00:00 0 
a1100000-a1121000 rw-p 00000000 00:00 0 
a1121000-a1200000 ---p 00000000 00:00 0 
a127f000-a1280000 ---p 00000000 00:00 0 
a1280000-a1283000 ---p 00000000 00:00 0 
a1283000-a1300000 rw-p 00000000 00:00 0 
a1300000-a1321000 rw-p 00000000 00:00 0 
a1321000-a1400000 ---p 00000000 00:00 0 
a147f000-a1480000 ---p 00000000 00:00 0 
a1480000-a1483000 ---p 00000000 00:00 0 
a1483000-a1500000 rw-p 00000000 00:00 0 
a1500000-a1521000 rw-p 00000000 00:00 0 
a1521000-a1600000 ---p 00000000 00:00 0 
a167f000-a1680000 ---p 00000000 00:00 0 
a1680000-a1683000 ---p 00000000 00:00 0 
a1683000-a1700000 rw-p 00000000 00:00 0 
a1700000-a1721000 rw-p 00000000 00:00 0 
a1721000-a1800000 ---p 00000000 00:00 0 
a187f000-a1880000 ---p 00000000 00:00 0 
a1880000-a1883000 ---p 00000000 00:00 0 
a1883000-a1900000 rw-p 00000000 00:00 0 
a1900000-a1921000 rw-p 00000000 00:00 0 
a1921000-a1a00000 ---p 00000000 00:00 0 
a1a7f000-a1a80000 ---p 00000000 00:00 0 
a1a80000-a1a83000 ---p 00000000 00:00 0 
a1a83000-a1b00000 rw-p 00000000 00:00 0 
a1b00000-a1b21000 rw-p 00000000 00:00 0 
a1b21000-a1c00000 ---p 00000000 00:00 0 
a1c7f000-a1c80000 ---p 00000000 00:00 0 
a1c80000-a1c83000 ---p 00000000 00:00 0 
a1c83000-a1d00000 rw-p 00000000 00:00 0 
a1d00000-a1d21000 rw-p 00000000 00:00 0 
a1d21000-a1e00000 ---p 00000000 00:00 0 
a1e7f000-a1e80000 ---p 00000000 00:00 0 
a1e80000-a1e83000 ---p 00000000 00:00 0 
a1e83000-a1f00000 rw-p 00000000 00:00 0 
a1f00000-a1f77000 rw-p 00000000 00:00 0 
a1f77000-a2000000 ---p 00000000 00:00 0 
a2000000-a2022000 rw-p 00000000 00:00 0 
a2022000-a2100000 ---p 00000000 00:00 0 
a217f000-a2180000 ---p 00000000 00:00 0 
a2180000-a2183000 ---p 00000000 00:00 0 
a2183000-a2200000 rw-p 00000000 00:00 0 
a2200000-a2500000 r--p 002e4000 103:0b 7865283                           /usr/lib/locale/locale-archive
a2500000-a2700000 r--p 00000000 103:0b 7865283                           /usr/lib/locale/locale-archive
a2700000-a2721000 rw-p 00000000 00:00 0 
a2721000-a2800000 ---p 00000000 00:00 0 
a2800000-a2821000 rw-p 00000000 00:00 0 
a2821000-a2900000 ---p 00000000 00:00 0 
a2900000-a2921000 rw-p 00000000 00:00 0 
a2921000-a2a00000 ---p 00000000 00:00 0 
a2a00000-a2a21000 rw-p 00000000 00:00 0 
a2a21000-a2b00000 ---p 00000000 00:00 0 
a2b00000-a2bf2000 rw-p 00000000 00:00 0 
a2bf2000-a2c00000 ---p 00000000 00:00 0 
a2c00000-a2d00000 rw-p 00000000 00:00 0 
a2d00000-a2df1000 rw-p 00000000 00:00 0 
a2df1000-a2e00000 ---p 00000000 00:00 0 
a2e52000-a2e53000 ---p 00000000 00:00 0 
a2e53000-a2ed3000 rw-p 00000000 00:00 0 
a2ed3000-a30b4000 r--s 03ec2000 103:0b 7878079                           /usr/lib/jvm/jdk1.8.0_381/jre/lib/rt.jar
a30b4000-a32fa000 rw-p 00000000 00:00 0 
a32fa000-a3500000 ---p 00000000 00:00 0 
a3500000-a5900000 rw-p 00000000 00:00 0 
a5900000-a5921000 rw-p 00000000 00:00 0 
a5921000-a5a00000 ---p 00000000 00:00 0 
a5a7f000-a5a80000 ---p 00000000 00:00 0 
a5a80000-a5b00000 rw-p 00000000 00:00 0 
a5b00000-a5b21000 rw-p 00000000 00:00 0 
a5b21000-a5c00000 ---p 00000000 00:00 0 
a5c7f000-a5c80000 ---p 00000000 00:00 0 
a5c80000-a5d00000 rw-p 00000000 00:00 0 
a5d00000-a5d21000 rw-p 00000000 00:00 0 
a5d21000-a5e00000 ---p 00000000 00:00 0 
a5e7f000-a5e80000 ---p 00000000 00:00 0 
a5e80000-a5f00000 rw-p 00000000 00:00 0 
a5f00000-a5f21000 rw-p 00000000 00:00 0 
a5f21000-a6000000 ---p 00000000 00:00 0 
a607f000-a6080000 ---p 00000000 00:00 0 
a6080000-a6100000 rw-p 00000000 00:00 0 
a6100000-a6121000 rw-p 00000000 00:00 0 
a6121000-a6200000 ---p 00000000 00:00 0 
a627f000-a6280000 ---p 00000000 00:00 0 
a6280000-a6300000 rw-p 00000000 00:00 0 
a6300000-a6321000 rw-p 00000000 00:00 0 
a6321000-a6400000 ---p 00000000 00:00 0 
a642e000-a6431000 ---p 00000000 00:00 0 
a6431000-a647f000 rw-p 00000000 00:00 0 
a647f000-a6480000 ---p 00000000 00:00 0 
a6480000-a6500000 rw-p 00000000 00:00 0 
a6500000-a6521000 rw-p 00000000 00:00 0 
a6521000-a6600000 ---p 00000000 00:00 0 
a662e000-a6631000 ---p 00000000 00:00 0 
a6631000-a667f000 rw-p 00000000 00:00 0 
a667f000-a6680000 ---p 00000000 00:00 0 
a6680000-a6700000 rw-p 00000000 00:00 0 
a6700000-a6721000 rw-p 00000000 00:00 0 
a6721000-a6800000 ---p 00000000 00:00 0 
a682e000-a6831000 ---p 00000000 00:00 0 
a6831000-a687f000 rw-p 00000000 00:00 0 
a687f000-a6880000 ---p 00000000 00:00 0 
a6880000-a6900000 rw-p 00000000 00:00 0 
a6900000-a6921000 rw-p 00000000 00:00 0 
a6921000-a6a00000 ---p 00000000 00:00 0 
a6a2e000-a6a31000 ---p 00000000 00:00 0 
a6a31000-a6a7f000 rw-p 00000000 00:00 0 
a6a7f000-a6a80000 ---p 00000000 00:00 0 
a6a80000-a6b00000 rw-p 00000000 00:00 0 
a6b00000-a6b21000 rw-p 00000000 00:00 0 
a6b21000-a6c00000 ---p 00000000 00:00 0 
a6c2e000-a6c31000 ---p 00000000 00:00 0 
a6c31000-a6c7f000 rw-p 00000000 00:00 0 
a6c7f000-a6c80000 ---p 00000000 00:00 0 
a6c80000-a6d00000 rw-p 00000000 00:00 0 
a6d00000-a6d21000 rw-p 00000000 00:00 0 
a6d21000-a6e00000 ---p 00000000 00:00 0 
a6e2e000-a6e7f000 rw-p 00000000 00:00 0 
a6e7f000-a6e80000 ---p 00000000 00:00 0 
a6e80000-a6f00000 rw-p 00000000 00:00 0 
a6f00000-a6f21000 rw-p 00000000 00:00 0 
a6f21000-a7000000 ---p 00000000 00:00 0 
a7024000-a707f000 rw-p 00000000 00:00 0 
a707f000-a7080000 ---p 00000000 00:00 0 
a7080000-a7100000 rw-p 00000000 00:00 0 
a7100000-a7121000 rw-p 00000000 00:00 0 
a7121000-a7200000 ---p 00000000 00:00 0 
a7210000-a7226000 r-xp 00000000 103:0b 7877909                           /usr/lib/jvm/jdk1.8.0_381/jre/lib/i386/libnet.so
a7226000-a7227000 r--p 00015000 103:0b 7877909                           /usr/lib/jvm/jdk1.8.0_381/jre/lib/i386/libnet.so
a7227000-a7228000 rw-p 00016000 103:0b 7877909                           /usr/lib/jvm/jdk1.8.0_381/jre/lib/i386/libnet.so
a7228000-a7229000 ---p 00000000 00:00 0 
a7229000-a72bf000 rw-p 00000000 00:00 0 
a72bf000-a73ff000 ---p 00000000 00:00 0 
a73ff000-a7415000 rw-p 00000000 00:00 0 
a7415000-a7554000 ---p 00000000 00:00 0 
a7554000-a755f000 rw-p 00000000 00:00 0 
a755f000-a75ff000 ---p 00000000 00:00 0 
a75ff000-aa0c0000 rw-p 00000000 00:00 0 
aa0c0000-d20c0000 ---p 00000000 00:00 0 
d20c0000-d3600000 rw-p 00000000 00:00 0 
d3600000-e7600000 ---p 00000000 00:00 0 
e760b000-e762c000 rw-p 00000000 00:00 0 
e762c000-e79e3000 ---p 00000000 00:00 0 
e79e3000-e7c23000 rwxp 00000000 00:00 0 
e7c23000-f69e3000 ---p 00000000 00:00 0 
f69e3000-f69fe000 r-xp 00000000 103:0b 7877908                           /usr/lib/jvm/jdk1.8.0_381/jre/lib/i386/libzip.so
f69fe000-f69ff000 r--p 0001a000 103:0b 7877908                           /usr/lib/jvm/jdk1.8.0_381/jre/lib/i386/libzip.so
f69ff000-f6a00000 rw-p 0001b000 103:0b 7877908                           /usr/lib/jvm/jdk1.8.0_381/jre/lib/i386/libzip.so
f6a00000-f6af3000 rw-p 00000000 00:00 0 
f6af3000-f6b00000 ---p 00000000 00:00 0 
f6b11000-f6b13000 r--p 00000000 103:0b 8008338                           /usr/lib32/libnss_files-2.28.so
f6b13000-f6b1a000 r-xp 00002000 103:0b 8008338                           /usr/lib32/libnss_files-2.28.so
f6b1a000-f6b1d000 r--p 00009000 103:0b 8008338                           /usr/lib32/libnss_files-2.28.so
f6b1d000-f6b1e000 ---p 0000c000 103:0b 8008338                           /usr/lib32/libnss_files-2.28.so
f6b1e000-f6b1f000 r--p 0000c000 103:0b 8008338                           /usr/lib32/libnss_files-2.28.so
f6b1f000-f6b20000 rw-p 0000d000 103:0b 8008338                           /usr/lib32/libnss_files-2.28.so
f6b20000-f6b26000 rw-p 00000000 00:00 0 
f6b36000-f6b38000 r--s 0000c000 103:0d 1335049                           /opt/apps/com.jetbrains.intellij-idea-ultimate/files/plugins/maven/lib/maven3/lib/wagon-provider-api-3.4.3.jar
f6b38000-f6b39000 r--s 00006000 103:0d 1335041                           /opt/apps/com.jetbrains.intellij-idea-ultimate/files/plugins/maven/lib/maven3/lib/plexus-sec-dispatcher-1.4.jar
f6b39000-f6b3c000 r--s 00008000 103:0d 1334971                           /opt/apps/com.jetbrains.intellij-idea-ultimate/files/plugins/maven/lib/maven3/lib/cdi-api-1.0.jar
f6b3c000-f6b3d000 r--s 00005000 103:0d 1335030                           /opt/apps/com.jetbrains.intellij-idea-ultimate/files/plugins/maven/lib/maven3/lib/maven-slf4j-provider-3.8.1.jar
f6b3d000-f6b45000 rw-s 00000000 103:0b 5505401                           /tmp/hsperfdata_MuLeiSY/39970
f6b45000-f6b6c000 r-xp 00000000 103:0b 7877905                           /usr/lib/jvm/jdk1.8.0_381/jre/lib/i386/libjava.so
f6b6c000-f6b6d000 r--p 00026000 103:0b 7877905                           /usr/lib/jvm/jdk1.8.0_381/jre/lib/i386/libjava.so
f6b6d000-f6b6e000 rw-p 00027000 103:0b 7877905                           /usr/lib/jvm/jdk1.8.0_381/jre/lib/i386/libjava.so
f6b6e000-f6b70000 r--p 00000000 103:0b 8008345                           /usr/lib32/librt-2.28.so
f6b70000-f6b74000 r-xp 00002000 103:0b 8008345                           /usr/lib32/librt-2.28.so
f6b74000-f6b76000 r--p 00006000 103:0b 8008345                           /usr/lib32/librt-2.28.so
f6b76000-f6b77000 ---p 00008000 103:0b 8008345                           /usr/lib32/librt-2.28.so
f6b77000-f6b78000 r--p 00008000 103:0b 8008345                           /usr/lib32/librt-2.28.so
f6b78000-f6b79000 rw-p 00009000 103:0b 8008345                           /usr/lib32/librt-2.28.so
f6b79000-f6b7a000 ---p 00000000 00:00 0 
f6b7a000-f6b7d000 ---p 00000000 00:00 0 
f6b7d000-f6bca000 rw-p 00000000 00:00 0 
f6bca000-f6bd4000 r--p 00000000 103:0b 8008261                           /usr/lib32/libm-2.28.so
f6bd4000-f6c5d000 r-xp 0000a000 103:0b 8008261                           /usr/lib32/libm-2.28.so
f6c5d000-f6c97000 r--p 00093000 103:0b 8008261                           /usr/lib32/libm-2.28.so
f6c97000-f6c98000 r--p 000cc000 103:0b 8008261                           /usr/lib32/libm-2.28.so
f6c98000-f6c99000 rw-p 000cd000 103:0b 8008261                           /usr/lib32/libm-2.28.so
f6c99000-f7837000 r-xp 00000000 103:0b 7877883                           /usr/lib/jvm/jdk1.8.0_381/jre/lib/i386/server/libjvm.so
f7837000-f7838000 ---p 00b9e000 103:0b 7877883                           /usr/lib/jvm/jdk1.8.0_381/jre/lib/i386/server/libjvm.so
f7838000-f787e000 r--p 00b9e000 103:0b 7877883                           /usr/lib/jvm/jdk1.8.0_381/jre/lib/i386/server/libjvm.so
f787e000-f789b000 rw-p 00be4000 103:0b 7877883                           /usr/lib/jvm/jdk1.8.0_381/jre/lib/i386/server/libjvm.so
f789b000-f7cc2000 rw-p 00000000 00:00 0 
f7cc2000-f7cdb000 r--p 00000000 103:0b 8008249                           /usr/lib32/libc-2.28.so
f7cdb000-f7e29000 r-xp 00019000 103:0b 8008249                           /usr/lib32/libc-2.28.so
f7e29000-f7e99000 r--p 00167000 103:0b 8008249                           /usr/lib32/libc-2.28.so
f7e99000-f7e9a000 ---p 001d7000 103:0b 8008249                           /usr/lib32/libc-2.28.so
f7e9a000-f7e9c000 r--p 001d7000 103:0b 8008249                           /usr/lib32/libc-2.28.so
f7e9c000-f7e9d000 rw-p 001d9000 103:0b 8008249                           /usr/lib32/libc-2.28.so
f7e9d000-f7ea0000 rw-p 00000000 00:00 0 
f7ea0000-f7ea1000 r--p 00000000 103:0b 8008260                           /usr/lib32/libdl-2.28.so
f7ea1000-f7ea3000 r-xp 00001000 103:0b 8008260                           /usr/lib32/libdl-2.28.so
f7ea3000-f7ea4000 r--p 00003000 103:0b 8008260                           /usr/lib32/libdl-2.28.so
f7ea4000-f7ea5000 r--p 00003000 103:0b 8008260                           /usr/lib32/libdl-2.28.so
f7ea5000-f7ea6000 rw-p 00004000 103:0b 8008260                           /usr/lib32/libdl-2.28.so
f7ea6000-f7ebc000 r-xp 00000000 103:0b 7878387                           /usr/lib/jvm/jdk1.8.0_381/lib/i386/jli/libjli.so
f7ebc000-f7ebd000 r--p 00015000 103:0b 7878387                           /usr/lib/jvm/jdk1.8.0_381/lib/i386/jli/libjli.so
f7ebd000-f7ebe000 rw-p 00016000 103:0b 7878387                           /usr/lib/jvm/jdk1.8.0_381/lib/i386/jli/libjli.so
f7ebe000-f7ec3000 r--p 00000000 103:0b 8008343                           /usr/lib32/libpthread-2.28.so
f7ec3000-f7ed3000 r-xp 00005000 103:0b 8008343                           /usr/lib32/libpthread-2.28.so
f7ed3000-f7eda000 r--p 00015000 103:0b 8008343                           /usr/lib32/libpthread-2.28.so
f7eda000-f7edb000 ---p 0001c000 103:0b 8008343                           /usr/lib32/libpthread-2.28.so
f7edb000-f7edc000 r--p 0001c000 103:0b 8008343                           /usr/lib32/libpthread-2.28.so
f7edc000-f7edd000 rw-p 0001d000 103:0b 8008343                           /usr/lib32/libpthread-2.28.so
f7edd000-f7edf000 rw-p 00000000 00:00 0 
f7edf000-f7ee1000 r--s 0001f000 103:0d 1333688                           /opt/apps/com.jetbrains.intellij-idea-ultimate/files/lib/idea_rt.jar
f7ee1000-f7ee3000 r--s 0000b000 103:0d 1334963                           /opt/apps/com.jetbrains.intellij-idea-ultimate/files/plugins/maven/lib/maven3/boot/plexus-classworlds-2.6.0.jar
f7ee3000-f7eed000 r-xp 00000000 103:0b 7877914                           /usr/lib/jvm/jdk1.8.0_381/jre/lib/i386/libinstrument.so
f7eed000-f7eee000 r--p 00009000 103:0b 7877914                           /usr/lib/jvm/jdk1.8.0_381/jre/lib/i386/libinstrument.so
f7eee000-f7eef000 rw-p 0000a000 103:0b 7877914                           /usr/lib/jvm/jdk1.8.0_381/jre/lib/i386/libinstrument.so
f7eef000-f7ef0000 rw-p 00000000 00:00 0 
f7ef0000-f7efb000 r-xp 00000000 103:0b 7877894                           /usr/lib/jvm/jdk1.8.0_381/jre/lib/i386/libverify.so
f7efb000-f7efc000 ---p 0000b000 103:0b 7877894                           /usr/lib/jvm/jdk1.8.0_381/jre/lib/i386/libverify.so
f7efc000-f7efd000 r--p 0000b000 103:0b 7877894                           /usr/lib/jvm/jdk1.8.0_381/jre/lib/i386/libverify.so
f7efd000-f7efe000 rw-p 0000c000 103:0b 7877894                           /usr/lib/jvm/jdk1.8.0_381/jre/lib/i386/libverify.so
f7efe000-f7f00000 rw-p 00000000 00:00 0 
f7f00000-f7f04000 r--p 00000000 00:00 0                                  [vvar]
f7f04000-f7f06000 r-xp 00000000 00:00 0                                  [vdso]
f7f06000-f7f07000 r--p 00000000 103:0b 7995462                           /usr/lib32/ld-2.28.so
f7f07000-f7f23000 r-xp 00001000 103:0b 7995462                           /usr/lib32/ld-2.28.so
f7f23000-f7f2d000 r--p 0001d000 103:0b 7995462                           /usr/lib32/ld-2.28.so
f7f2d000-f7f2e000 r--p 00000000 00:00 0 
f7f2e000-f7f2f000 r--p 00027000 103:0b 7995462                           /usr/lib32/ld-2.28.so
f7f2f000-f7f30000 rw-p 00028000 103:0b 7995462                           /usr/lib32/ld-2.28.so
ffac2000-ffae3000 rw-p 00000000 00:00 0                                  [stack]

VM Arguments:
jvm_args: -Dmaven.multiModuleProjectDirectory=/home/MuLeiSY/IdeaProjects/RisegerDB -Djansi.passthrough=true -Dmaven.home=/opt/apps/com.jetbrains.intellij-idea-ultimate/files/plugins/maven/lib/maven3 -Dclassworlds.conf=/opt/apps/com.jetbrains.intellij-idea-ultimate/files/plugins/maven/lib/maven3/bin/m2.conf -Dmaven.ext.class.path=/opt/apps/com.jetbrains.intellij-idea-ultimate/files/plugins/maven/lib/maven-event-listener.jar -javaagent:/opt/apps/com.jetbrains.intellij-idea-ultimate/files/lib/idea_rt.jar=39227:/opt/apps/com.jetbrains.intellij-idea-ultimate/files/bin -Dfile.encoding=UTF-8 
java_command: org.codehaus.classworlds.Launcher -Didea.version=2023.1.2 --offline -s /home/MuLeiSY/.m2/settings.xml clean
java_class_path (initial): /opt/apps/com.jetbrains.intellij-idea-ultimate/files/plugins/maven/lib/maven3/boot/plexus-classworlds-2.6.0.jar:/opt/apps/com.jetbrains.intellij-idea-ultimate/files/plugins/maven/lib/maven3/boot/plexus-classworlds.license:/opt/apps/com.jetbrains.intellij-idea-ultimate/files/lib/idea_rt.jar
Launcher Type: SUN_STANDARD

Environment Variables:
JAVA_HOME=/usr/lib/jvm/jdk1.8.0_381
CLASSPATH=.:/usr/lib/jvm/jdk1.8.0_381/lib/dt.jar:/usr/lib/jvm/jdk1.8.0_381/lib/tools.jar
PATH=/usr/lib/jvm/jdk1.8.0_381/bin:/usr/local/bin:/usr/bin:/bin:/usr/local/games:/usr/games:/sbin:/usr/sbin
SHELL=/bin/bash
DISPLAY=:0

Signal Handlers:
SIGSEGV: [libjvm.so+0x95da20], sa_mask[0]=11111111011111111101111111111110, sa_flags=SA_RESTART|SA_SIGINFO
SIGBUS: [libjvm.so+0x95da20], sa_mask[0]=11111111011111111101111111111110, sa_flags=SA_RESTART|SA_SIGINFO
SIGFPE: [libjvm.so+0x95da20], sa_mask[0]=11111111011111111101111111111110, sa_flags=SA_RESTART|SA_SIGINFO
SIGPIPE: [libjvm.so+0x7aecc0], sa_mask[0]=11111111011111111101111111111110, sa_flags=SA_RESTART|SA_SIGINFO
SIGXFSZ: [libjvm.so+0x7aecc0], sa_mask[0]=11111111011111111101111111111110, sa_flags=SA_RESTART|SA_SIGINFO
SIGILL: [libjvm.so+0x95da20], sa_mask[0]=11111111011111111101111111111110, sa_flags=SA_RESTART|SA_SIGINFO
SIGUSR1: SIG_DFL, sa_mask[0]=00000000000000000000000000000000, sa_flags=none
SIGUSR2: [libjvm.so+0x7aed30], sa_mask[0]=00100000000000000000000000000000, sa_flags=SA_RESTART|SA_SIGINFO
SIGHUP: SIG_IGN, sa_mask[0]=00000000000000000000000000000000, sa_flags=none
SIGINT: [libjvm.so+0x7af5f0], sa_mask[0]=11111111011111111101111111111110, sa_flags=SA_RESTART|SA_SIGINFO
SIGTERM: [libjvm.so+0x7af5f0], sa_mask[0]=11111111011111111101111111111110, sa_flags=SA_RESTART|SA_SIGINFO
SIGQUIT: [libjvm.so+0x7af5f0], sa_mask[0]=11111111011111111101111111111110, sa_flags=SA_RESTART|SA_SIGINFO


---------------  S Y S T E M  ---------------

OS:DISTRIB_ID=Deepin
DISTRIB_RELEASE=20.9
DISTRIB_DESCRIPTION="Deepin 20.9"
DISTRIB_CODENAME=apricot

uname:Linux 5.15.77-amd64-desktop #2 SMP Thu Jun 15 16:06:18 CST 2023 x86_64
libc:glibc 2.28 NPTL 2.28 
rlimit: STACK 8192k, CORE 0k, NPROC 159246, NOFILE 1048576, AS infinity
load average:0.98 0.79 0.92

/proc/meminfo:
MemTotal:       40869184 kB
MemFree:        26155720 kB
MemAvailable:   33377876 kB
Buffers:          381644 kB
Cached:          6540900 kB
SwapCached:            0 kB
Active:          3459860 kB
Inactive:        9432344 kB
Active(anon):       4188 kB
Inactive(anon):  6241456 kB
Active(file):    3455672 kB
Inactive(file):  3190888 kB
Unevictable:         216 kB
Mlocked:              96 kB
SwapTotal:      16777212 kB
SwapFree:       16777212 kB
Dirty:              5864 kB
Writeback:             0 kB
AnonPages:       5970044 kB
Mapped:          2298540 kB
Shmem:            399172 kB
KReclaimable:    1112292 kB
Slab:            1304520 kB
SReclaimable:    1112292 kB
SUnreclaim:       192228 kB
KernelStack:       30584 kB
PageTables:        72200 kB
NFS_Unstable:          0 kB
Bounce:                0 kB
WritebackTmp:          0 kB
CommitLimit:    37211804 kB
Committed_AS:   16840052 kB
VmallocTotal:   34359738367 kB
VmallocUsed:      133676 kB
VmallocChunk:          0 kB
Percpu:            11648 kB
HardwareCorrupted:     0 kB
AnonHugePages:     10240 kB
ShmemHugePages:        0 kB
ShmemPmdMapped:        0 kB
FileHugePages:         0 kB
FilePmdMapped:         0 kB
CmaTotal:              0 kB
CmaFree:               0 kB
HugePages_Total:       0
HugePages_Free:        0
HugePages_Rsvd:        0
HugePages_Surp:        0
Hugepagesize:       2048 kB
Hugetlb:               0 kB
DirectMap4k:      704192 kB
DirectMap2M:    11657216 kB
DirectMap1G:    29360128 kB

container (cgroup) information:
container_type: cgroupv1
cpu_cpuset_cpus: 0-15
cpu_memory_nodes: 0
active_processor_count: 16
cpu_quota: no quota
cpu_period: 100000
cpu_shares: no shares
memory_limit_in_bytes: unlimited
memory_and_swap_limit_in_bytes: unlimited
memory_soft_limit_in_bytes: unlimited
memory_usage_in_bytes: 10646928 k
memory_max_usage_in_bytes: 12061056 k
kernel_memory_usage_in_bytes: 734444 k
kernel_memory_max_usage_in_bytes: unlimited
kernel_memory_limit_in_bytes: 924644 k
maximum number of tasks: unlimited
current number of tasks: 1252


CPU:total 16 (initial active 16) (8 cores per cpu, 2 threads per core) family 6 model 141 stepping 1, cmov, cx8, fxsr, mmx, sse, sse2, sse3, ssse3, sse4.1, sse4.2, popcnt, avx, avx2, aes, clmul, erms, 3dnowpref, lzcnt, ht, tsc, tscinvbit, bmi1, bmi2, adx

/proc/cpuinfo:
processor	: 0
vendor_id	: GenuineIntel
cpu family	: 6
model		: 141
model name	: 11th Gen Intel(R) Core(TM) i7-11800H @ 2.30GHz
stepping	: 1
microcode	: 0x3e
cpu MHz		: 2300.000
cache size	: 24576 KB
physical id	: 0
siblings	: 16
core id		: 0
cpu cores	: 8
apicid		: 0
initial apicid	: 0
fpu		: yes
fpu_exception	: yes
cpuid level	: 27
wp		: yes
flags		: fpu vme de pse tsc msr pae mce cx8 apic sep mtrr pge mca cmov pat pse36 clflush dts acpi mmx fxsr sse sse2 ss ht tm pbe syscall nx pdpe1gb rdtscp lm constant_tsc art arch_perfmon pebs bts rep_good nopl xtopology nonstop_tsc cpuid aperfmperf tsc_known_freq pni pclmulqdq dtes64 monitor ds_cpl vmx est tm2 ssse3 sdbg fma cx16 xtpr pdcm pcid sse4_1 sse4_2 x2apic movbe popcnt tsc_deadline_timer aes xsave avx f16c rdrand lahf_lm abm 3dnowprefetch cpuid_fault epb cat_l2 invpcid_single cdp_l2 ssbd ibrs ibpb stibp ibrs_enhanced tpr_shadow vnmi flexpriority ept vpid ept_ad fsgsbase tsc_adjust bmi1 avx2 smep bmi2 erms invpcid rdt_a avx512f avx512dq rdseed adx smap avx512ifma clflushopt clwb intel_pt avx512cd sha_ni avx512bw avx512vl xsaveopt xsavec xgetbv1 xsaves split_lock_detect dtherm ida arat pln pts hwp hwp_notify hwp_act_window hwp_epp hwp_pkg_req avx512vbmi umip pku ospke avx512_vbmi2 gfni vaes vpclmulqdq avx512_vnni avx512_bitalg avx512_vpopcntdq rdpid movdiri movdir64b fsrm avx512_vp2intersect md_clear flush_l1d arch_capabilities
vmx flags	: vnmi preemption_timer posted_intr invvpid ept_x_only ept_ad ept_1gb flexpriority apicv tsc_offset vtpr mtf vapic ept vpid unrestricted_guest vapic_reg vid ple pml ept_mode_based_exec tsc_scaling
bugs		: spectre_v1 spectre_v2 spec_store_bypass swapgs eibrs_pbrsb
bogomips	: 4608.00
clflush size	: 64
cache_alignment	: 64
address sizes	: 39 bits physical, 48 bits virtual
power management:

processor	: 1
vendor_id	: GenuineIntel
cpu family	: 6
model		: 141
model name	: 11th Gen Intel(R) Core(TM) i7-11800H @ 2.30GHz
stepping	: 1
microcode	: 0x3e
cpu MHz		: 2300.000
cache size	: 24576 KB
physical id	: 0
siblings	: 16
core id		: 1
cpu cores	: 8
apicid		: 2
initial apicid	: 2
fpu		: yes
fpu_exception	: yes
cpuid level	: 27
wp		: yes
flags		: fpu vme de pse tsc msr pae mce cx8 apic sep mtrr pge mca cmov pat pse36 clflush dts acpi mmx fxsr sse sse2 ss ht tm pbe syscall nx pdpe1gb rdtscp lm constant_tsc art arch_perfmon pebs bts rep_good nopl xtopology nonstop_tsc cpuid aperfmperf tsc_known_freq pni pclmulqdq dtes64 monitor ds_cpl vmx est tm2 ssse3 sdbg fma cx16 xtpr pdcm pcid sse4_1 sse4_2 x2apic movbe popcnt tsc_deadline_timer aes xsave avx f16c rdrand lahf_lm abm 3dnowprefetch cpuid_fault epb cat_l2 invpcid_single cdp_l2 ssbd ibrs ibpb stibp ibrs_enhanced tpr_shadow vnmi flexpriority ept vpid ept_ad fsgsbase tsc_adjust bmi1 avx2 smep bmi2 erms invpcid rdt_a avx512f avx512dq rdseed adx smap avx512ifma clflushopt clwb intel_pt avx512cd sha_ni avx512bw avx512vl xsaveopt xsavec xgetbv1 xsaves split_lock_detect dtherm ida arat pln pts hwp hwp_notify hwp_act_window hwp_epp hwp_pkg_req avx512vbmi umip pku ospke avx512_vbmi2 gfni vaes vpclmulqdq avx512_vnni avx512_bitalg avx512_vpopcntdq rdpid movdiri movdir64b fsrm avx512_vp2intersect md_clear flush_l1d arch_capabilities
vmx flags	: vnmi preemption_timer posted_intr invvpid ept_x_only ept_ad ept_1gb flexpriority apicv tsc_offset vtpr mtf vapic ept vpid unrestricted_guest vapic_reg vid ple pml ept_mode_based_exec tsc_scaling
bugs		: spectre_v1 spectre_v2 spec_store_bypass swapgs eibrs_pbrsb
bogomips	: 4608.00
clflush size	: 64
cache_alignment	: 64
address sizes	: 39 bits physical, 48 bits virtual
power management:

processor	: 2
vendor_id	: GenuineIntel
cpu family	: 6
model		: 141
model name	: 11th Gen Intel(R) Core(TM) i7-11800H @ 2.30GHz
stepping	: 1
microcode	: 0x3e
cpu MHz		: 2300.000
cache size	: 24576 KB
physical id	: 0
siblings	: 16
core id		: 2
cpu cores	: 8
apicid		: 4
initial apicid	: 4
fpu		: yes
fpu_exception	: yes
cpuid level	: 27
wp		: yes
flags		: fpu vme de pse tsc msr pae mce cx8 apic sep mtrr pge mca cmov pat pse36 clflush dts acpi mmx fxsr sse sse2 ss ht tm pbe syscall nx pdpe1gb rdtscp lm constant_tsc art arch_perfmon pebs bts rep_good nopl xtopology nonstop_tsc cpuid aperfmperf tsc_known_freq pni pclmulqdq dtes64 monitor ds_cpl vmx est tm2 ssse3 sdbg fma cx16 xtpr pdcm pcid sse4_1 sse4_2 x2apic movbe popcnt tsc_deadline_timer aes xsave avx f16c rdrand lahf_lm abm 3dnowprefetch cpuid_fault epb cat_l2 invpcid_single cdp_l2 ssbd ibrs ibpb stibp ibrs_enhanced tpr_shadow vnmi flexpriority ept vpid ept_ad fsgsbase tsc_adjust bmi1 avx2 smep bmi2 erms invpcid rdt_a avx512f avx512dq rdseed adx smap avx512ifma clflushopt clwb intel_pt avx512cd sha_ni avx512bw avx512vl xsaveopt xsavec xgetbv1 xsaves split_lock_detect dtherm ida arat pln pts hwp hwp_notify hwp_act_window hwp_epp hwp_pkg_req avx512vbmi umip pku ospke avx512_vbmi2 gfni vaes vpclmulqdq avx512_vnni avx512_bitalg avx512_vpopcntdq rdpid movdiri movdir64b fsrm avx512_vp2intersect md_clear flush_l1d arch_capabilities
vmx flags	: vnmi preemption_timer posted_intr invvpid ept_x_only ept_ad ept_1gb flexpriority apicv tsc_offset vtpr mtf vapic ept vpid unrestricted_guest vapic_reg vid ple pml ept_mode_based_exec tsc_scaling
bugs		: spectre_v1 spectre_v2 spec_store_bypass swapgs eibrs_pbrsb
bogomips	: 4608.00
clflush size	: 64
cache_alignment	: 64
address sizes	: 39 bits physical, 48 bits virtual
power management:

processor	: 3
vendor_id	: GenuineIntel
cpu family	: 6
model		: 141
model name	: 11th Gen Intel(R) Core(TM) i7-11800H @ 2.30GHz
stepping	: 1
microcode	: 0x3e
cpu MHz		: 2300.000
cache size	: 24576 KB
physical id	: 0
siblings	: 16
core id		: 3
cpu cores	: 8
apicid		: 6
initial apicid	: 6
fpu		: yes
fpu_exception	: yes
cpuid level	: 27
wp		: yes
flags		: fpu vme de pse tsc msr pae mce cx8 apic sep mtrr pge mca cmov pat pse36 clflush dts acpi mmx fxsr sse sse2 ss ht tm pbe syscall nx pdpe1gb rdtscp lm constant_tsc art arch_perfmon pebs bts rep_good nopl xtopology nonstop_tsc cpuid aperfmperf tsc_known_freq pni pclmulqdq dtes64 monitor ds_cpl vmx est tm2 ssse3 sdbg fma cx16 xtpr pdcm pcid sse4_1 sse4_2 x2apic movbe popcnt tsc_deadline_timer aes xsave avx f16c rdrand lahf_lm abm 3dnowprefetch cpuid_fault epb cat_l2 invpcid_single cdp_l2 ssbd ibrs ibpb stibp ibrs_enhanced tpr_shadow vnmi flexpriority ept vpid ept_ad fsgsbase tsc_adjust bmi1 avx2 smep bmi2 erms invpcid rdt_a avx512f avx512dq rdseed adx smap avx512ifma clflushopt clwb intel_pt avx512cd sha_ni avx512bw avx512vl xsaveopt xsavec xgetbv1 xsaves split_lock_detect dtherm ida arat pln pts hwp hwp_notify hwp_act_window hwp_epp hwp_pkg_req avx512vbmi umip pku ospke avx512_vbmi2 gfni vaes vpclmulqdq avx512_vnni avx512_bitalg avx512_vpopcntdq rdpid movdiri movdir64b fsrm avx512_vp2intersect md_clear flush_l1d arch_capabilities
vmx flags	: vnmi preemption_timer posted_intr invvpid ept_x_only ept_ad ept_1gb flexpriority apicv tsc_offset vtpr mtf vapic ept vpid unrestricted_guest vapic_reg vid ple pml ept_mode_based_exec tsc_scaling
bugs		: spectre_v1 spectre_v2 spec_store_bypass swapgs eibrs_pbrsb
bogomips	: 4608.00
clflush size	: 64
cache_alignment	: 64
address sizes	: 39 bits physical, 48 bits virtual
power management:

processor	: 4
vendor_id	: GenuineIntel
cpu family	: 6
model		: 141
model name	: 11th Gen Intel(R) Core(TM) i7-11800H @ 2.30GHz
stepping	: 1
microcode	: 0x3e
cpu MHz		: 2300.000
cache size	: 24576 KB
physical id	: 0
siblings	: 16
core id		: 4
cpu cores	: 8
apicid		: 8
initial apicid	: 8
fpu		: yes
fpu_exception	: yes
cpuid level	: 27
wp		: yes
flags		: fpu vme de pse tsc msr pae mce cx8 apic sep mtrr pge mca cmov pat pse36 clflush dts acpi mmx fxsr sse sse2 ss ht tm pbe syscall nx pdpe1gb rdtscp lm constant_tsc art arch_perfmon pebs bts rep_good nopl xtopology nonstop_tsc cpuid aperfmperf tsc_known_freq pni pclmulqdq dtes64 monitor ds_cpl vmx est tm2 ssse3 sdbg fma cx16 xtpr pdcm pcid sse4_1 sse4_2 x2apic movbe popcnt tsc_deadline_timer aes xsave avx f16c rdrand lahf_lm abm 3dnowprefetch cpuid_fault epb cat_l2 invpcid_single cdp_l2 ssbd ibrs ibpb stibp ibrs_enhanced tpr_shadow vnmi flexpriority ept vpid ept_ad fsgsbase tsc_adjust bmi1 avx2 smep bmi2 erms invpcid rdt_a avx512f avx512dq rdseed adx smap avx512ifma clflushopt clwb intel_pt avx512cd sha_ni avx512bw avx512vl xsaveopt xsavec xgetbv1 xsaves split_lock_detect dtherm ida arat pln pts hwp hwp_notify hwp_act_window hwp_epp hwp_pkg_req avx512vbmi umip pku ospke avx512_vbmi2 gfni vaes vpclmulqdq avx512_vnni avx512_bitalg avx512_vpopcntdq rdpid movdiri movdir64b fsrm avx512_vp2intersect md_clear flush_l1d arch_capabilities
vmx flags	: vnmi preemption_timer posted_intr invvpid ept_x_only ept_ad ept_1gb flexpriority apicv tsc_offset vtpr mtf vapic ept vpid unrestricted_guest vapic_reg vid ple pml ept_mode_based_exec tsc_scaling
bugs		: spectre_v1 spectre_v2 spec_store_bypass swapgs eibrs_pbrsb
bogomips	: 4608.00
clflush size	: 64
cache_alignment	: 64
address sizes	: 39 bits physical, 48 bits virtual
power management:

processor	: 5
vendor_id	: GenuineIntel
cpu family	: 6
model		: 141
model name	: 11th Gen Intel(R) Core(TM) i7-11800H @ 2.30GHz
stepping	: 1
microcode	: 0x3e
cpu MHz		: 4231.821
cache size	: 24576 KB
physical id	: 0
siblings	: 16
core id		: 5
cpu cores	: 8
apicid		: 10
initial apicid	: 10
fpu		: yes
fpu_exception	: yes
cpuid level	: 27
wp		: yes
flags		: fpu vme de pse tsc msr pae mce cx8 apic sep mtrr pge mca cmov pat pse36 clflush dts acpi mmx fxsr sse sse2 ss ht tm pbe syscall nx pdpe1gb rdtscp lm constant_tsc art arch_perfmon pebs bts rep_good nopl xtopology nonstop_tsc cpuid aperfmperf tsc_known_freq pni pclmulqdq dtes64 monitor ds_cpl vmx est tm2 ssse3 sdbg fma cx16 xtpr pdcm pcid sse4_1 sse4_2 x2apic movbe popcnt tsc_deadline_timer aes xsave avx f16c rdrand lahf_lm abm 3dnowprefetch cpuid_fault epb cat_l2 invpcid_single cdp_l2 ssbd ibrs ibpb stibp ibrs_enhanced tpr_shadow vnmi flexpriority ept vpid ept_ad fsgsbase tsc_adjust bmi1 avx2 smep bmi2 erms invpcid rdt_a avx512f avx512dq rdseed adx smap avx512ifma clflushopt clwb intel_pt avx512cd sha_ni avx512bw avx512vl xsaveopt xsavec xgetbv1 xsaves split_lock_detect dtherm ida arat pln pts hwp hwp_notify hwp_act_window hwp_epp hwp_pkg_req avx512vbmi umip pku ospke avx512_vbmi2 gfni vaes vpclmulqdq avx512_vnni avx512_bitalg avx512_vpopcntdq rdpid movdiri movdir64b fsrm avx512_vp2intersect md_clear flush_l1d arch_capabilities
vmx flags	: vnmi preemption_timer posted_intr invvpid ept_x_only ept_ad ept_1gb flexpriority apicv tsc_offset vtpr mtf vapic ept vpid unrestricted_guest vapic_reg vid ple pml ept_mode_based_exec tsc_scaling
bugs		: spectre_v1 spectre_v2 spec_store_bypass swapgs eibrs_pbrsb
bogomips	: 4608.00
clflush size	: 64
cache_alignment	: 64
address sizes	: 39 bits physical, 48 bits virtual
power management:

processor	: 6
vendor_id	: GenuineIntel
cpu family	: 6
model		: 141
model name	: 11th Gen Intel(R) Core(TM) i7-11800H @ 2.30GHz
stepping	: 1
microcode	: 0x3e
cpu MHz		: 2300.000
cache size	: 24576 KB
physical id	: 0
siblings	: 16
core id		: 6
cpu cores	: 8
apicid		: 12
initial apicid	: 12
fpu		: yes
fpu_exception	: yes
cpuid level	: 27
wp		: yes
flags		: fpu vme de pse tsc msr pae mce cx8 apic sep mtrr pge mca cmov pat pse36 clflush dts acpi mmx fxsr sse sse2 ss ht tm pbe syscall nx pdpe1gb rdtscp lm constant_tsc art arch_perfmon pebs bts rep_good nopl xtopology nonstop_tsc cpuid aperfmperf tsc_known_freq pni pclmulqdq dtes64 monitor ds_cpl vmx est tm2 ssse3 sdbg fma cx16 xtpr pdcm pcid sse4_1 sse4_2 x2apic movbe popcnt tsc_deadline_timer aes xsave avx f16c rdrand lahf_lm abm 3dnowprefetch cpuid_fault epb cat_l2 invpcid_single cdp_l2 ssbd ibrs ibpb stibp ibrs_enhanced tpr_shadow vnmi flexpriority ept vpid ept_ad fsgsbase tsc_adjust bmi1 avx2 smep bmi2 erms invpcid rdt_a avx512f avx512dq rdseed adx smap avx512ifma clflushopt clwb intel_pt avx512cd sha_ni avx512bw avx512vl xsaveopt xsavec xgetbv1 xsaves split_lock_detect dtherm ida arat pln pts hwp hwp_notify hwp_act_window hwp_epp hwp_pkg_req avx512vbmi umip pku ospke avx512_vbmi2 gfni vaes vpclmulqdq avx512_vnni avx512_bitalg avx512_vpopcntdq rdpid movdiri movdir64b fsrm avx512_vp2intersect md_clear flush_l1d arch_capabilities
vmx flags	: vnmi preemption_timer posted_intr invvpid ept_x_only ept_ad ept_1gb flexpriority apicv tsc_offset vtpr mtf vapic ept vpid unrestricted_guest vapic_reg vid ple pml ept_mode_based_exec tsc_scaling
bugs		: spectre_v1 spectre_v2 spec_store_bypass swapgs eibrs_pbrsb
bogomips	: 4608.00
clflush size	: 64
cache_alignment	: 64
address sizes	: 39 bits physical, 48 bits virtual
power management:

processor	: 7
vendor_id	: GenuineIntel
cpu family	: 6
model		: 141
model name	: 11th Gen Intel(R) Core(TM) i7-11800H @ 2.30GHz
stepping	: 1
microcode	: 0x3e
cpu MHz		: 2300.000
cache size	: 24576 KB
physical id	: 0
siblings	: 16
core id		: 7
cpu cores	: 8
apicid		: 14
initial apicid	: 14
fpu		: yes
fpu_exception	: yes
cpuid level	: 27
wp		: yes
flags		: fpu vme de pse tsc msr pae mce cx8 apic sep mtrr pge mca cmov pat pse36 clflush dts acpi mmx fxsr sse sse2 ss ht tm pbe syscall nx pdpe1gb rdtscp lm constant_tsc art arch_perfmon pebs bts rep_good nopl xtopology nonstop_tsc cpuid aperfmperf tsc_known_freq pni pclmulqdq dtes64 monitor ds_cpl vmx est tm2 ssse3 sdbg fma cx16 xtpr pdcm pcid sse4_1 sse4_2 x2apic movbe popcnt tsc_deadline_timer aes xsave avx f16c rdrand lahf_lm abm 3dnowprefetch cpuid_fault epb cat_l2 invpcid_single cdp_l2 ssbd ibrs ibpb stibp ibrs_enhanced tpr_shadow vnmi flexpriority ept vpid ept_ad fsgsbase tsc_adjust bmi1 avx2 smep bmi2 erms invpcid rdt_a avx512f avx512dq rdseed adx smap avx512ifma clflushopt clwb intel_pt avx512cd sha_ni avx512bw avx512vl xsaveopt xsavec xgetbv1 xsaves split_lock_detect dtherm ida arat pln pts hwp hwp_notify hwp_act_window hwp_epp hwp_pkg_req avx512vbmi umip pku ospke avx512_vbmi2 gfni vaes vpclmulqdq avx512_vnni avx512_bitalg avx512_vpopcntdq rdpid movdiri movdir64b fsrm avx512_vp2intersect md_clear flush_l1d arch_capabilities
vmx flags	: vnmi preemption_timer posted_intr invvpid ept_x_only ept_ad ept_1gb flexpriority apicv tsc_offset vtpr mtf vapic ept vpid unrestricted_guest vapic_reg vid ple pml ept_mode_based_exec tsc_scaling
bugs		: spectre_v1 spectre_v2 spec_store_bypass swapgs eibrs_pbrsb
bogomips	: 4608.00
clflush size	: 64
cache_alignment	: 64
address sizes	: 39 bits physical, 48 bits virtual
power management:

processor	: 8
vendor_id	: GenuineIntel
cpu family	: 6
model		: 141
model name	: 11th Gen Intel(R) Core(TM) i7-11800H @ 2.30GHz
stepping	: 1
microcode	: 0x3e
cpu MHz		: 2300.000
cache size	: 24576 KB
physical id	: 0
siblings	: 16
core id		: 0
cpu cores	: 8
apicid		: 1
initial apicid	: 1
fpu		: yes
fpu_exception	: yes
cpuid level	: 27
wp		: yes
flags		: fpu vme de pse tsc msr pae mce cx8 apic sep mtrr pge mca cmov pat pse36 clflush dts acpi mmx fxsr sse sse2 ss ht tm pbe syscall nx pdpe1gb rdtscp lm constant_tsc art arch_perfmon pebs bts rep_good nopl xtopology nonstop_tsc cpuid aperfmperf tsc_known_freq pni pclmulqdq dtes64 monitor ds_cpl vmx est tm2 ssse3 sdbg fma cx16 xtpr pdcm pcid sse4_1 sse4_2 x2apic movbe popcnt tsc_deadline_timer aes xsave avx f16c rdrand lahf_lm abm 3dnowprefetch cpuid_fault epb cat_l2 invpcid_single cdp_l2 ssbd ibrs ibpb stibp ibrs_enhanced tpr_shadow vnmi flexpriority ept vpid ept_ad fsgsbase tsc_adjust bmi1 avx2 smep bmi2 erms invpcid rdt_a avx512f avx512dq rdseed adx smap avx512ifma clflushopt clwb intel_pt avx512cd sha_ni avx512bw avx512vl xsaveopt xsavec xgetbv1 xsaves split_lock_detect dtherm ida arat pln pts hwp hwp_notify hwp_act_window hwp_epp hwp_pkg_req avx512vbmi umip pku ospke avx512_vbmi2 gfni vaes vpclmulqdq avx512_vnni avx512_bitalg avx512_vpopcntdq rdpid movdiri movdir64b fsrm avx512_vp2intersect md_clear flush_l1d arch_capabilities
vmx flags	: vnmi preemption_timer posted_intr invvpid ept_x_only ept_ad ept_1gb flexpriority apicv tsc_offset vtpr mtf vapic ept vpid unrestricted_guest vapic_reg vid ple pml ept_mode_based_exec tsc_scaling
bugs		: spectre_v1 spectre_v2 spec_store_bypass swapgs eibrs_pbrsb
bogomips	: 4608.00
clflush size	: 64
cache_alignment	: 64
address sizes	: 39 bits physical, 48 bits virtual
power management:

processor	: 9
vendor_id	: GenuineIntel
cpu family	: 6
model		: 141
model name	: 11th Gen Intel(R) Core(TM) i7-11800H @ 2.30GHz
stepping	: 1
microcode	: 0x3e
cpu MHz		: 2300.000
cache size	: 24576 KB
physical id	: 0
siblings	: 16
core id		: 1
cpu cores	: 8
apicid		: 3
initial apicid	: 3
fpu		: yes
fpu_exception	: yes
cpuid level	: 27
wp		: yes
flags		: fpu vme de pse tsc msr pae mce cx8 apic sep mtrr pge mca cmov pat pse36 clflush dts acpi mmx fxsr sse sse2 ss ht tm pbe syscall nx pdpe1gb rdtscp lm constant_tsc art arch_perfmon pebs bts rep_good nopl xtopology nonstop_tsc cpuid aperfmperf tsc_known_freq pni pclmulqdq dtes64 monitor ds_cpl vmx est tm2 ssse3 sdbg fma cx16 xtpr pdcm pcid sse4_1 sse4_2 x2apic movbe popcnt tsc_deadline_timer aes xsave avx f16c rdrand lahf_lm abm 3dnowprefetch cpuid_fault epb cat_l2 invpcid_single cdp_l2 ssbd ibrs ibpb stibp ibrs_enhanced tpr_shadow vnmi flexpriority ept vpid ept_ad fsgsbase tsc_adjust bmi1 avx2 smep bmi2 erms invpcid rdt_a avx512f avx512dq rdseed adx smap avx512ifma clflushopt clwb intel_pt avx512cd sha_ni avx512bw avx512vl xsaveopt xsavec xgetbv1 xsaves split_lock_detect dtherm ida arat pln pts hwp hwp_notify hwp_act_window hwp_epp hwp_pkg_req avx512vbmi umip pku ospke avx512_vbmi2 gfni vaes vpclmulqdq avx512_vnni avx512_bitalg avx512_vpopcntdq rdpid movdiri movdir64b fsrm avx512_vp2intersect md_clear flush_l1d arch_capabilities
vmx flags	: vnmi preemption_timer posted_intr invvpid ept_x_only ept_ad ept_1gb flexpriority apicv tsc_offset vtpr mtf vapic ept vpid unrestricted_guest vapic_reg vid ple pml ept_mode_based_exec tsc_scaling
bugs		: spectre_v1 spectre_v2 spec_store_bypass swapgs eibrs_pbrsb
bogomips	: 4608.00
clflush size	: 64
cache_alignment	: 64
address sizes	: 39 bits physical, 48 bits virtual
power management:

processor	: 10
vendor_id	: GenuineIntel
cpu family	: 6
model		: 141
model name	: 11th Gen Intel(R) Core(TM) i7-11800H @ 2.30GHz
stepping	: 1
microcode	: 0x3e
cpu MHz		: 2300.000
cache size	: 24576 KB
physical id	: 0
siblings	: 16
core id		: 2
cpu cores	: 8
apicid		: 5
initial apicid	: 5
fpu		: yes
fpu_exception	: yes
cpuid level	: 27
wp		: yes
flags		: fpu vme de pse tsc msr pae mce cx8 apic sep mtrr pge mca cmov pat pse36 clflush dts acpi mmx fxsr sse sse2 ss ht tm pbe syscall nx pdpe1gb rdtscp lm constant_tsc art arch_perfmon pebs bts rep_good nopl xtopology nonstop_tsc cpuid aperfmperf tsc_known_freq pni pclmulqdq dtes64 monitor ds_cpl vmx est tm2 ssse3 sdbg fma cx16 xtpr pdcm pcid sse4_1 sse4_2 x2apic movbe popcnt tsc_deadline_timer aes xsave avx f16c rdrand lahf_lm abm 3dnowprefetch cpuid_fault epb cat_l2 invpcid_single cdp_l2 ssbd ibrs ibpb stibp ibrs_enhanced tpr_shadow vnmi flexpriority ept vpid ept_ad fsgsbase tsc_adjust bmi1 avx2 smep bmi2 erms invpcid rdt_a avx512f avx512dq rdseed adx smap avx512ifma clflushopt clwb intel_pt avx512cd sha_ni avx512bw avx512vl xsaveopt xsavec xgetbv1 xsaves split_lock_detect dtherm ida arat pln pts hwp hwp_notify hwp_act_window hwp_epp hwp_pkg_req avx512vbmi umip pku ospke avx512_vbmi2 gfni vaes vpclmulqdq avx512_vnni avx512_bitalg avx512_vpopcntdq rdpid movdiri movdir64b fsrm avx512_vp2intersect md_clear flush_l1d arch_capabilities
vmx flags	: vnmi preemption_timer posted_intr invvpid ept_x_only ept_ad ept_1gb flexpriority apicv tsc_offset vtpr mtf vapic ept vpid unrestricted_guest vapic_reg vid ple pml ept_mode_based_exec tsc_scaling
bugs		: spectre_v1 spectre_v2 spec_store_bypass swapgs eibrs_pbrsb
bogomips	: 4608.00
clflush size	: 64
cache_alignment	: 64
address sizes	: 39 bits physical, 48 bits virtual
power management:

processor	: 11
vendor_id	: GenuineIntel
cpu family	: 6
model		: 141
model name	: 11th Gen Intel(R) Core(TM) i7-11800H @ 2.30GHz
stepping	: 1
microcode	: 0x3e
cpu MHz		: 3960.737
cache size	: 24576 KB
physical id	: 0
siblings	: 16
core id		: 3
cpu cores	: 8
apicid		: 7
initial apicid	: 7
fpu		: yes
fpu_exception	: yes
cpuid level	: 27
wp		: yes
flags		: fpu vme de pse tsc msr pae mce cx8 apic sep mtrr pge mca cmov pat pse36 clflush dts acpi mmx fxsr sse sse2 ss ht tm pbe syscall nx pdpe1gb rdtscp lm constant_tsc art arch_perfmon pebs bts rep_good nopl xtopology nonstop_tsc cpuid aperfmperf tsc_known_freq pni pclmulqdq dtes64 monitor ds_cpl vmx est tm2 ssse3 sdbg fma cx16 xtpr pdcm pcid sse4_1 sse4_2 x2apic movbe popcnt tsc_deadline_timer aes xsave avx f16c rdrand lahf_lm abm 3dnowprefetch cpuid_fault epb cat_l2 invpcid_single cdp_l2 ssbd ibrs ibpb stibp ibrs_enhanced tpr_shadow vnmi flexpriority ept vpid ept_ad fsgsbase tsc_adjust bmi1 avx2 smep bmi2 erms invpcid rdt_a avx512f avx512dq rdseed adx smap avx512ifma clflushopt clwb intel_pt avx512cd sha_ni avx512bw avx512vl xsaveopt xsavec xgetbv1 xsaves split_lock_detect dtherm ida arat pln pts hwp hwp_notify hwp_act_window hwp_epp hwp_pkg_req avx512vbmi umip pku ospke avx512_vbmi2 gfni vaes vpclmulqdq avx512_vnni avx512_bitalg avx512_vpopcntdq rdpid movdiri movdir64b fsrm avx512_vp2intersect md_clear flush_l1d arch_capabilities
vmx flags	: vnmi preemption_timer posted_intr invvpid ept_x_only ept_ad ept_1gb flexpriority apicv tsc_offset vtpr mtf vapic ept vpid unrestricted_guest vapic_reg vid ple pml ept_mode_based_exec tsc_scaling
bugs		: spectre_v1 spectre_v2 spec_store_bypass swapgs eibrs_pbrsb
bogomips	: 4608.00
clflush size	: 64
cache_alignment	: 64
address sizes	: 39 bits physical, 48 bits virtual
power management:

processor	: 12
vendor_id	: GenuineIntel
cpu family	: 6
model		: 141
model name	: 11th Gen Intel(R) Core(TM) i7-11800H @ 2.30GHz
stepping	: 1
microcode	: 0x3e
cpu MHz		: 3835.837
cache size	: 24576 KB
physical id	: 0
siblings	: 16
core id		: 4
cpu cores	: 8
apicid		: 9
initial apicid	: 9
fpu		: yes
fpu_exception	: yes
cpuid level	: 27
wp		: yes
flags		: fpu vme de pse tsc msr pae mce cx8 apic sep mtrr pge mca cmov pat pse36 clflush dts acpi mmx fxsr sse sse2 ss ht tm pbe syscall nx pdpe1gb rdtscp lm constant_tsc art arch_perfmon pebs bts rep_good nopl xtopology nonstop_tsc cpuid aperfmperf tsc_known_freq pni pclmulqdq dtes64 monitor ds_cpl vmx est tm2 ssse3 sdbg fma cx16 xtpr pdcm pcid sse4_1 sse4_2 x2apic movbe popcnt tsc_deadline_timer aes xsave avx f16c rdrand lahf_lm abm 3dnowprefetch cpuid_fault epb cat_l2 invpcid_single cdp_l2 ssbd ibrs ibpb stibp ibrs_enhanced tpr_shadow vnmi flexpriority ept vpid ept_ad fsgsbase tsc_adjust bmi1 avx2 smep bmi2 erms invpcid rdt_a avx512f avx512dq rdseed adx smap avx512ifma clflushopt clwb intel_pt avx512cd sha_ni avx512bw avx512vl xsaveopt xsavec xgetbv1 xsaves split_lock_detect dtherm ida arat pln pts hwp hwp_notify hwp_act_window hwp_epp hwp_pkg_req avx512vbmi umip pku ospke avx512_vbmi2 gfni vaes vpclmulqdq avx512_vnni avx512_bitalg avx512_vpopcntdq rdpid movdiri movdir64b fsrm avx512_vp2intersect md_clear flush_l1d arch_capabilities
vmx flags	: vnmi preemption_timer posted_intr invvpid ept_x_only ept_ad ept_1gb flexpriority apicv tsc_offset vtpr mtf vapic ept vpid unrestricted_guest vapic_reg vid ple pml ept_mode_based_exec tsc_scaling
bugs		: spectre_v1 spectre_v2 spec_store_bypass swapgs eibrs_pbrsb
bogomips	: 4608.00
clflush size	: 64
cache_alignment	: 64
address sizes	: 39 bits physical, 48 bits virtual
power management:

processor	: 13
vendor_id	: GenuineIntel
cpu family	: 6
model		: 141
model name	: 11th Gen Intel(R) Core(TM) i7-11800H @ 2.30GHz
stepping	: 1
microcode	: 0x3e
cpu MHz		: 2300.000
cache size	: 24576 KB
physical id	: 0
siblings	: 16
core id		: 5
cpu cores	: 8
apicid		: 11
initial apicid	: 11
fpu		: yes
fpu_exception	: yes
cpuid level	: 27
wp		: yes
flags		: fpu vme de pse tsc msr pae mce cx8 apic sep mtrr pge mca cmov pat pse36 clflush dts acpi mmx fxsr sse sse2 ss ht tm pbe syscall nx pdpe1gb rdtscp lm constant_tsc art arch_perfmon pebs bts rep_good nopl xtopology nonstop_tsc cpuid aperfmperf tsc_known_freq pni pclmulqdq dtes64 monitor ds_cpl vmx est tm2 ssse3 sdbg fma cx16 xtpr pdcm pcid sse4_1 sse4_2 x2apic movbe popcnt tsc_deadline_timer aes xsave avx f16c rdrand lahf_lm abm 3dnowprefetch cpuid_fault epb cat_l2 invpcid_single cdp_l2 ssbd ibrs ibpb stibp ibrs_enhanced tpr_shadow vnmi flexpriority ept vpid ept_ad fsgsbase tsc_adjust bmi1 avx2 smep bmi2 erms invpcid rdt_a avx512f avx512dq rdseed adx smap avx512ifma clflushopt clwb intel_pt avx512cd sha_ni avx512bw avx512vl xsaveopt xsavec xgetbv1 xsaves split_lock_detect dtherm ida arat pln pts hwp hwp_notify hwp_act_window hwp_epp hwp_pkg_req avx512vbmi umip pku ospke avx512_vbmi2 gfni vaes vpclmulqdq avx512_vnni avx512_bitalg avx512_vpopcntdq rdpid movdiri movdir64b fsrm avx512_vp2intersect md_clear flush_l1d arch_capabilities
vmx flags	: vnmi preemption_timer posted_intr invvpid ept_x_only ept_ad ept_1gb flexpriority apicv tsc_offset vtpr mtf vapic ept vpid unrestricted_guest vapic_reg vid ple pml ept_mode_based_exec tsc_scaling
bugs		: spectre_v1 spectre_v2 spec_store_bypass swapgs eibrs_pbrsb
bogomips	: 4608.00
clflush size	: 64
cache_alignment	: 64
address sizes	: 39 bits physical, 48 bits virtual
power management:

processor	: 14
vendor_id	: GenuineIntel
cpu family	: 6
model		: 141
model name	: 11th Gen Intel(R) Core(TM) i7-11800H @ 2.30GHz
stepping	: 1
microcode	: 0x3e
cpu MHz		: 2300.000
cache size	: 24576 KB
physical id	: 0
siblings	: 16
core id		: 6
cpu cores	: 8
apicid		: 13
initial apicid	: 13
fpu		: yes
fpu_exception	: yes
cpuid level	: 27
wp		: yes
flags		: fpu vme de pse tsc msr pae mce cx8 apic sep mtrr pge mca cmov pat pse36 clflush dts acpi mmx fxsr sse sse2 ss ht tm pbe syscall nx pdpe1gb rdtscp lm constant_tsc art arch_perfmon pebs bts rep_good nopl xtopology nonstop_tsc cpuid aperfmperf tsc_known_freq pni pclmulqdq dtes64 monitor ds_cpl vmx est tm2 ssse3 sdbg fma cx16 xtpr pdcm pcid sse4_1 sse4_2 x2apic movbe popcnt tsc_deadline_timer aes xsave avx f16c rdrand lahf_lm abm 3dnowprefetch cpuid_fault epb cat_l2 invpcid_single cdp_l2 ssbd ibrs ibpb stibp ibrs_enhanced tpr_shadow vnmi flexpriority ept vpid ept_ad fsgsbase tsc_adjust bmi1 avx2 smep bmi2 erms invpcid rdt_a avx512f avx512dq rdseed adx smap avx512ifma clflushopt clwb intel_pt avx512cd sha_ni avx512bw avx512vl xsaveopt xsavec xgetbv1 xsaves split_lock_detect dtherm ida arat pln pts hwp hwp_notify hwp_act_window hwp_epp hwp_pkg_req avx512vbmi umip pku ospke avx512_vbmi2 gfni vaes vpclmulqdq avx512_vnni avx512_bitalg avx512_vpopcntdq rdpid movdiri movdir64b fsrm avx512_vp2intersect md_clear flush_l1d arch_capabilities
vmx flags	: vnmi preemption_timer posted_intr invvpid ept_x_only ept_ad ept_1gb flexpriority apicv tsc_offset vtpr mtf vapic ept vpid unrestricted_guest vapic_reg vid ple pml ept_mode_based_exec tsc_scaling
bugs		: spectre_v1 spectre_v2 spec_store_bypass swapgs eibrs_pbrsb
bogomips	: 4608.00
clflush size	: 64
cache_alignment	: 64
address sizes	: 39 bits physical, 48 bits virtual
power management:

processor	: 15
vendor_id	: GenuineIntel
cpu family	: 6
model		: 141
model name	: 11th Gen Intel(R) Core(TM) i7-11800H @ 2.30GHz
stepping	: 1
microcode	: 0x3e
cpu MHz		: 2300.000
cache size	: 24576 KB
physical id	: 0
siblings	: 16
core id		: 7
cpu cores	: 8
apicid		: 15
initial apicid	: 15
fpu		: yes
fpu_exception	: yes
cpuid level	: 27
wp		: yes
flags		: fpu vme de pse tsc msr pae mce cx8 apic sep mtrr pge mca cmov pat pse36 clflush dts acpi mmx fxsr sse sse2 ss ht tm pbe syscall nx pdpe1gb rdtscp lm constant_tsc art arch_perfmon pebs bts rep_good nopl xtopology nonstop_tsc cpuid aperfmperf tsc_known_freq pni pclmulqdq dtes64 monitor ds_cpl vmx est tm2 ssse3 sdbg fma cx16 xtpr pdcm pcid sse4_1 sse4_2 x2apic movbe popcnt tsc_deadline_timer aes xsave avx f16c rdrand lahf_lm abm 3dnowprefetch cpuid_fault epb cat_l2 invpcid_single cdp_l2 ssbd ibrs ibpb stibp ibrs_enhanced tpr_shadow vnmi flexpriority ept vpid ept_ad fsgsbase tsc_adjust bmi1 avx2 smep bmi2 erms invpcid rdt_a avx512f avx512dq rdseed adx smap avx512ifma clflushopt clwb intel_pt avx512cd sha_ni avx512bw avx512vl xsaveopt xsavec xgetbv1 xsaves split_lock_detect dtherm ida arat pln pts hwp hwp_notify hwp_act_window hwp_epp hwp_pkg_req avx512vbmi umip pku ospke avx512_vbmi2 gfni vaes vpclmulqdq avx512_vnni avx512_bitalg avx512_vpopcntdq rdpid movdiri movdir64b fsrm avx512_vp2intersect md_clear flush_l1d arch_capabilities
vmx flags	: vnmi preemption_timer posted_intr invvpid ept_x_only ept_ad ept_1gb flexpriority apicv tsc_offset vtpr mtf vapic ept vpid unrestricted_guest vapic_reg vid ple pml ept_mode_based_exec tsc_scaling
bugs		: spectre_v1 spectre_v2 spec_store_bypass swapgs eibrs_pbrsb
bogomips	: 4608.00
clflush size	: 64
cache_alignment	: 64
address sizes	: 39 bits physical, 48 bits virtual
power management:



Memory: 4k page, physical 40869184k(26155232k free), swap 16777212k(16777212k free)

vm_info: Java HotSpot(TM) Server VM (25.381-b09) for linux-x86 JRE (1.8.0_381-b09), built on Jun 14 2023 13:47:49 by "java_re" with gcc 7.3.0

time: Sun Aug 13 19:08:53 2023
timezone: CST
elapsed time: 0.064377 seconds (0d 0h 0m 0s)

