#
# A fatal error has been detected by the Java Runtime Environment:
#
#  Internal Error (os_linux_x86.cpp:291), pid=48030, tid=0xf6c71b40
#  fatal error: An irrecoverable SI_KERNEL SIGSEGV has occurred due to unstable signal handling in this distribution.
#
# JRE version: Java(TM) SE Runtime Environment (8.0) (build 1.8.0_381-b09)
# Java VM: Java HotSpot(TM) Server VM (25.381-b09 mixed mode linux-x86 )
# Failed to write core dump. Core dumps have been disabled. To enable core dumping, try "ulimit -c unlimited" before starting Java again
#
# If you would like to submit a bug report, please visit:
#   http://bugreport.java.com/bugreport/crash.jsp
#

---------------  T H R E A D  ---------------

Current thread (0xf6b09800):  JavaThread "main" [_thread_in_vm, id=48031, stack(0xf6c22000,0xf6c72000)]

Stack: [0xf6c22000,0xf6c72000],  sp=0xf6c6cfd0,  free space=299k
Native frames: (J=compiled Java code, j=interpreted, Vv=VM code, C=native code)
V  [libjvm.so+0x95d0b8]  VMError::report_and_die()+0x2c8
V  [libjvm.so+0x3bf305]  report_fatal(VMErrorType, char const*, int, char const*, char const*)+0x55
V  [libjvm.so+0x7bd221]  JVM_handle_linux_signal+0x271
V  [libjvm.so+0x7aecf0]  signalHandler(int, siginfo*, void*)+0x30
C  [linux-gate.so.1+0x570]  __kernel_rt_sigreturn+0x0

Java frames: (J=compiled Java code, j=interpreted, Vv=VM code)
j  java.lang.System.nanoTime()J+0
j  java.util.zip.ZipFile.<init>(Ljava/io/File;ILjava/nio/charset/Charset;)V+171
j  java.util.zip.ZipFile.<init>(Ljava/io/File;I)V+6
j  java.util.jar.JarFile.<init>(Ljava/io/File;ZI)V+3
j  java.util.jar.JarFile.<init>(Ljava/lang/String;)V+11
j  sun.misc.URLClassPath$JarLoader.getJarFile(Ljava/net/URL;)Ljava/util/jar/JarFile;+44
j  sun.misc.URLClassPath$JarLoader.access$800(Lsun/misc/URLClassPath$JarLoader;Ljava/net/URL;)Ljava/util/jar/JarFile;+2
j  sun.misc.URLClassPath$JarLoader$1.run()Ljava/lang/Void;+55
j  sun.misc.URLClassPath$JarLoader$1.run()Ljava/lang/Object;+1
v  ~StubRoutines::call_stub
j  java.security.AccessController.doPrivileged(Ljava/security/PrivilegedExceptionAction;Ljava/security/AccessControlContext;)Ljava/lang/Object;+0
j  sun.misc.URLClassPath$JarLoader.ensureOpen()V+19
j  sun.misc.URLClassPath$JarLoader.<init>(Ljava/net/URL;Ljava/net/URLStreamHandler;Ljava/util/HashMap;Ljava/security/AccessControlContext;)V+143
j  sun.misc.URLClassPath$3.run()Lsun/misc/URLClassPath$Loader;+89
j  sun.misc.URLClassPath$3.run()Ljava/lang/Object;+1
v  ~StubRoutines::call_stub
j  java.security.AccessController.doPrivileged(Ljava/security/PrivilegedExceptionAction;Ljava/security/AccessControlContext;)Ljava/lang/Object;+0
j  sun.misc.URLClassPath.getLoader(Ljava/net/URL;)Lsun/misc/URLClassPath$Loader;+13
j  sun.misc.URLClassPath.getLoader(I)Lsun/misc/URLClassPath$Loader;+87
J 87 C1 sun.misc.URLClassPath.getNextLoader([II)Lsun/misc/URLClassPath$Loader; (88 bytes) @ 0xe7c4b178 [0xe7c4ada0+0x3d8]
j  sun.misc.URLClassPath.getResource(Ljava/lang/String;Z)Lsun/misc/Resource;+51
j  java.net.URLClassLoader$1.run()Ljava/lang/Class;+26
j  java.net.URLClassLoader$1.run()Ljava/lang/Object;+1
v  ~StubRoutines::call_stub
j  java.security.AccessController.doPrivileged(Ljava/security/PrivilegedExceptionAction;Ljava/security/AccessControlContext;)Ljava/lang/Object;+0
j  java.net.URLClassLoader.findClass(Ljava/lang/String;)Ljava/lang/Class;+13
j  org.codehaus.plexus.classworlds.realm.ClassRealm.loadClassFromSelf(Ljava/lang/String;)Ljava/lang/Class;+20
j  org.codehaus.plexus.classworlds.strategy.SelfFirstStrategy.loadClass(Ljava/lang/String;)Ljava/lang/Class;+18
j  org.codehaus.plexus.classworlds.realm.ClassRealm.unsynchronizedLoadClass(Ljava/lang/String;Z)Ljava/lang/Class;+13
j  org.codehaus.plexus.classworlds.realm.ClassRealm.loadClass(Ljava/lang/String;Z)Ljava/lang/Class;+9
j  org.codehaus.plexus.classworlds.realm.ClassRealm.loadClass(Ljava/lang/String;)Ljava/lang/Class;+3
j  org.codehaus.plexus.classworlds.launcher.Launcher.getMainClass()Ljava/lang/Class;+8
j  org.codehaus.plexus.classworlds.launcher.Launcher.launchEnhanced([Ljava/lang/String;)V+6
j  org.codehaus.plexus.classworlds.launcher.Launcher.launch([Ljava/lang/String;)V+2
j  org.codehaus.plexus.classworlds.launcher.Launcher.mainWithExitCode([Ljava/lang/String;)I+101
j  org.codehaus.plexus.classworlds.launcher.Launcher.main([Ljava/lang/String;)V+1
j  org.codehaus.classworlds.Launcher.main([Ljava/lang/String;)V+1
v  ~StubRoutines::call_stub

---------------  P R O C E S S  ---------------

Java Threads: ( => current thread )
  0x9ee02400 JavaThread "Service Thread" daemon [_thread_blocked, id=48062, stack(0xa652e000,0xa657f000)]
  0xa2dff000 JavaThread "C1 CompilerThread11" daemon [_thread_blocked, id=48061, stack(0x9ef80000,0x9f000000)]
  0xa2dfd800 JavaThread "C1 CompilerThread10" daemon [_thread_blocked, id=48060, stack(0x9f17f000,0x9f1ff000)]
  0xa2dfc000 JavaThread "C1 CompilerThread9" daemon [_thread_blocked, id=48059, stack(0xa0f80000,0xa1000000)]
  0xa2dfac00 JavaThread "C1 CompilerThread8" daemon [_thread_blocked, id=48058, stack(0xa1180000,0xa1200000)]
  0xa2df9000 JavaThread "C2 CompilerThread7" daemon [_thread_blocked, id=48057, stack(0xa1380000,0xa1400000)]
  0xa2df7800 JavaThread "C2 CompilerThread6" daemon [_thread_blocked, id=48056, stack(0xa1580000,0xa1600000)]
  0xa2df6000 JavaThread "C2 CompilerThread5" daemon [_thread_blocked, id=48055, stack(0xa1780000,0xa1800000)]
  0xa2df4800 JavaThread "C2 CompilerThread4" daemon [_thread_blocked, id=48054, stack(0xa1980000,0xa1a00000)]
  0xa2df3000 JavaThread "C2 CompilerThread3" daemon [_thread_blocked, id=48053, stack(0xa1b80000,0xa1c00000)]
  0xa2df1400 JavaThread "C2 CompilerThread2" daemon [_thread_blocked, id=48052, stack(0xa1d80000,0xa1e00000)]
  0xa2defc00 JavaThread "C2 CompilerThread1" daemon [_thread_blocked, id=48051, stack(0xa1f80000,0xa2000000)]
  0xa2dee400 JavaThread "C2 CompilerThread0" daemon [_thread_blocked, id=48050, stack(0xa2280000,0xa2300000)]
  0xa2dec000 JavaThread "Monitor Ctrl-Break" daemon [_thread_in_native, id=48049, stack(0xa672e000,0xa677f000)]
  0xa2dd3800 JavaThread "Signal Dispatcher" daemon [_thread_blocked, id=48048, stack(0xa692e000,0xa697f000)]
  0xa2db8c00 JavaThread "Finalizer" daemon [_thread_blocked, id=48047, stack(0xa6b2e000,0xa6b7f000)]
  0xa2db6000 JavaThread "Reference Handler" daemon [_thread_blocked, id=48046, stack(0xa6d2e000,0xa6d7f000)]
=>0xf6b09800 JavaThread "main" [_thread_in_vm, id=48031, stack(0xf6c22000,0xf6c72000)]

Other Threads:
  0xa2db0400 VMThread [stack: 0xa2f53000,0xa2fd3000] [id=48045]
  0x9ee04000 WatcherThread [stack: 0x9ec80000,0x9ed00000] [id=48063]

VM state:not at safepoint (normal execution)

VM Mutex/Monitor currently owned by a thread:  ([mutex/lock_event])
[0xf6b082c0] AdapterHandlerLibrary_lock - owner thread: 0xf6b09800

Heap:
 PSYoungGen      total 19200K, used 2330K [0xd20c0000, 0xd3600000, 0xe7600000)
  eden space 16640K, 14% used [0xd20c0000,0xd23068e0,0xd3100000)
  from space 2560K, 0% used [0xd3380000,0xd3380000,0xd3600000)
  to   space 2560K, 0% used [0xd3100000,0xd3100000,0xd3380000)
 ParOldGen       total 43776K, used 0K [0xa7600000, 0xaa0c0000, 0xd20c0000)
  object space 43776K, 0% used [0xa7600000,0xa7600000,0xaa0c0000)
 Metaspace       used 2248K, capacity 2272K, committed 2328K, reserved 4400K

Card table byte_map: [0xa73ff000,0xa7600000] byte_map_base: 0xa6ec4000

Marking Bits: (ParMarkBitMap*) 0xf7957140
 Begin Bits: [0xa3a00000, 0xa4a00000)
 End Bits:   [0xa4a00000, 0xa5a00000)

Polling page: 0xf7fd5000

CodeCache: size=245760Kb used=1664Kb max_used=1664Kb free=244095Kb
 bounds [0xe7ab2000, 0xe7cf2000, 0xf6ab2000]
 total_blobs=257 nmethods=93 adapters=75
 compilation: enabled

Compilation events (10 events):
Event: 0.043 Thread 0xa2dfac00 nmethod 85 0xe7c489c8 code [0xe7c48b00, 0xe7c48e2c]
Event: 0.043 Thread 0xa2dee400 nmethod 71 0xe7c4a048 code [0xe7c4a140, 0xe7c4a290]
Event: 0.043 Thread 0xa2dff000   86       3       java.util.HashMap::getNode (148 bytes)
Event: 0.043 Thread 0xa2dfd800   88  s!   3       sun.misc.URLClassPath::getLoader (243 bytes)
Event: 0.043 Thread 0xa2dfc000   87  s    3       sun.misc.URLClassPath::getNextLoader (88 bytes)
Event: 0.043 Thread 0xa2dfc000 nmethod 87 0xe7c4ac08 code [0xe7c4ada0, 0xe7c4b404]
Event: 0.044 Thread 0xa2dff000 nmethod 86 0xe7c4da48 code [0xe7c4dbc0, 0xe7c4e2e4]
Event: 0.044 Thread 0xa2dfac00   92       3       java.lang.Math::max (11 bytes)
Event: 0.044 Thread 0xa2dfc000   89       3       java.lang.ref.Reference::<init> (25 bytes)
Event: 0.044 Thread 0xa2dff000   91       3       java.util.Arrays::copyOf (19 bytes)

GC Heap History (0 events):
No events

Deoptimization events (0 events):
No events

Classes redefined (0 events):
No events

Internal exceptions (5 events):
Event: 0.013 Thread 0xf6b09800 Exception <a 'java/lang/NoSuchMethodError': Method sun.misc.Unsafe.defineClass(Ljava/lang/String;[BII)Ljava/lang/Class; name or signature does not match> (0xd20c6ec0) thrown at [/scratch/jenkins/workspace/8-2-build-linux-i586-sans-NAS/jdk8u381/237/hotspot
Event: 0.013 Thread 0xf6b09800 Exception <a 'java/lang/NoSuchMethodError': Method sun.misc.Unsafe.prefetchRead(Ljava/lang/Object;J)V name or signature does not match> (0xd20c7190) thrown at [/scratch/jenkins/workspace/8-2-build-linux-i586-sans-NAS/jdk8u381/237/hotspot/src/share/vm/prim
Event: 0.028 Thread 0xf6b09800 Exception <a 'java/util/zip/ZipException'> (0xd213ea38) thrown at [/scratch/jenkins/workspace/8-2-build-linux-i586-sans-NAS/jdk8u381/237/hotspot/src/share/vm/prims/jni.cpp, line 710]
Event: 0.028 Thread 0xf6b09800 Exception <a 'java/security/PrivilegedActionException'> (0xd213f140) thrown at [/scratch/jenkins/workspace/8-2-build-linux-i586-sans-NAS/jdk8u381/237/hotspot/src/share/vm/prims/jvm.cpp, line 1513]
Event: 0.028 Thread 0xf6b09800 Exception <a 'java/security/PrivilegedActionException'> (0xd213f340) thrown at [/scratch/jenkins/workspace/8-2-build-linux-i586-sans-NAS/jdk8u381/237/hotspot/src/share/vm/prims/jvm.cpp, line 1513]

Events (10 events):
Event: 0.043 loading class org/apache/maven/cli/MavenCli
Event: 0.043 loading class org/apache/maven/cli/MavenCli done
Event: 0.043 loading class java/util/TreeMap$KeySet
Event: 0.043 loading class java/util/TreeMap$KeySet done
Event: 0.043 loading class java/util/TreeMap$KeyIterator
Event: 0.043 loading class java/util/TreeMap$PrivateEntryIterator
Event: 0.043 loading class java/util/TreeMap$PrivateEntryIterator done
Event: 0.043 loading class java/util/TreeMap$KeyIterator done
Event: 0.043 loading class sun/misc/URLClassPath$FileLoader
Event: 0.043 loading class sun/misc/URLClassPath$FileLoader done


Dynamic libraries:
08048000-08049000 r-xp 00000000 103:0b 7877835                           /usr/lib/jvm/jdk1.8.0_381/bin/java
08049000-0804a000 r--p 00000000 103:0b 7877835                           /usr/lib/jvm/jdk1.8.0_381/bin/java
0804a000-0804b000 rw-p 00001000 103:0b 7877835                           /usr/lib/jvm/jdk1.8.0_381/bin/java
09aba000-09adc000 rw-p 00000000 00:00 0                                  [heap]
9ea15000-9ec7f000 rw-p 00000000 00:00 0 
9ec7f000-9ec80000 ---p 00000000 00:00 0 
9ec80000-9ed00000 rw-p 00000000 00:00 0 
9ed00000-9ed21000 rw-p 00000000 00:00 0 
9ed21000-9ee00000 ---p 00000000 00:00 0 
9ee00000-9ee5f000 rw-p 00000000 00:00 0 
9ee5f000-9ef00000 ---p 00000000 00:00 0 
9ef7f000-9ef80000 ---p 00000000 00:00 0 
9ef80000-9ef83000 ---p 00000000 00:00 0 
9ef83000-9f000000 rw-p 00000000 00:00 0 
9f000000-9f021000 rw-p 00000000 00:00 0 
9f021000-9f100000 ---p 00000000 00:00 0 
9f17e000-9f17f000 ---p 00000000 00:00 0 
9f17f000-9f182000 ---p 00000000 00:00 0 
9f182000-a0e00000 rw-p 00000000 00:00 0 
a0e00000-a0e2b000 rw-p 00000000 00:00 0 
a0e2b000-a0f00000 ---p 00000000 00:00 0 
a0f7f000-a0f80000 ---p 00000000 00:00 0 
a0f80000-a0f83000 ---p 00000000 00:00 0 
a0f83000-a1000000 rw-p 00000000 00:00 0 
a1000000-a103c000 rw-p 00000000 00:00 0 
a103c000-a1100000 ---p 00000000 00:00 0 
a117f000-a1180000 ---p 00000000 00:00 0 
a1180000-a1183000 ---p 00000000 00:00 0 
a1183000-a1200000 rw-p 00000000 00:00 0 
a1200000-a1221000 rw-p 00000000 00:00 0 
a1221000-a1300000 ---p 00000000 00:00 0 
a137f000-a1380000 ---p 00000000 00:00 0 
a1380000-a1383000 ---p 00000000 00:00 0 
a1383000-a1400000 rw-p 00000000 00:00 0 
a1400000-a1421000 rw-p 00000000 00:00 0 
a1421000-a1500000 ---p 00000000 00:00 0 
a157f000-a1580000 ---p 00000000 00:00 0 
a1580000-a1583000 ---p 00000000 00:00 0 
a1583000-a1600000 rw-p 00000000 00:00 0 
a1600000-a1621000 rw-p 00000000 00:00 0 
a1621000-a1700000 ---p 00000000 00:00 0 
a177f000-a1780000 ---p 00000000 00:00 0 
a1780000-a1783000 ---p 00000000 00:00 0 
a1783000-a1800000 rw-p 00000000 00:00 0 
a1800000-a1821000 rw-p 00000000 00:00 0 
a1821000-a1900000 ---p 00000000 00:00 0 
a197f000-a1980000 ---p 00000000 00:00 0 
a1980000-a1983000 ---p 00000000 00:00 0 
a1983000-a1a00000 rw-p 00000000 00:00 0 
a1a00000-a1a21000 rw-p 00000000 00:00 0 
a1a21000-a1b00000 ---p 00000000 00:00 0 
a1b7f000-a1b80000 ---p 00000000 00:00 0 
a1b80000-a1b83000 ---p 00000000 00:00 0 
a1b83000-a1c00000 rw-p 00000000 00:00 0 
a1c00000-a1c21000 rw-p 00000000 00:00 0 
a1c21000-a1d00000 ---p 00000000 00:00 0 
a1d7f000-a1d80000 ---p 00000000 00:00 0 
a1d80000-a1d83000 ---p 00000000 00:00 0 
a1d83000-a1e00000 rw-p 00000000 00:00 0 
a1e00000-a1e21000 rw-p 00000000 00:00 0 
a1e21000-a1f00000 ---p 00000000 00:00 0 
a1f7f000-a1f80000 ---p 00000000 00:00 0 
a1f80000-a1f83000 ---p 00000000 00:00 0 
a1f83000-a2000000 rw-p 00000000 00:00 0 
a2000000-a207f000 rw-p 00000000 00:00 0 
a207f000-a2100000 ---p 00000000 00:00 0 
a2100000-a2142000 rw-p 00000000 00:00 0 
a2142000-a2200000 ---p 00000000 00:00 0 
a227f000-a2280000 ---p 00000000 00:00 0 
a2280000-a2283000 ---p 00000000 00:00 0 
a2283000-a2300000 rw-p 00000000 00:00 0 
a2300000-a2600000 r--p 002e4000 103:0b 7865283                           /usr/lib/locale/locale-archive
a2600000-a2800000 r--p 00000000 103:0b 7865283                           /usr/lib/locale/locale-archive
a2800000-a2821000 rw-p 00000000 00:00 0 
a2821000-a2900000 ---p 00000000 00:00 0 
a2900000-a2921000 rw-p 00000000 00:00 0 
a2921000-a2a00000 ---p 00000000 00:00 0 
a2a00000-a2a21000 rw-p 00000000 00:00 0 
a2a21000-a2b00000 ---p 00000000 00:00 0 
a2b00000-a2b21000 rw-p 00000000 00:00 0 
a2b21000-a2c00000 ---p 00000000 00:00 0 
a2c00000-a2cf2000 rw-p 00000000 00:00 0 
a2cf2000-a2d00000 ---p 00000000 00:00 0 
a2d00000-a2e00000 rw-p 00000000 00:00 0 
a2e00000-a2ef1000 rw-p 00000000 00:00 0 
a2ef1000-a2f00000 ---p 00000000 00:00 0 
a2f52000-a2f53000 ---p 00000000 00:00 0 
a2f53000-a2fd3000 rw-p 00000000 00:00 0 
a2fd3000-a31b4000 r--s 03ec2000 103:0b 7878079                           /usr/lib/jvm/jdk1.8.0_381/jre/lib/rt.jar
a31b4000-a33fa000 rw-p 00000000 00:00 0 
a33fa000-a3600000 ---p 00000000 00:00 0 
a3600000-a5a00000 rw-p 00000000 00:00 0 
a5a00000-a5a21000 rw-p 00000000 00:00 0 
a5a21000-a5b00000 ---p 00000000 00:00 0 
a5b7f000-a5b80000 ---p 00000000 00:00 0 
a5b80000-a5c00000 rw-p 00000000 00:00 0 
a5c00000-a5c21000 rw-p 00000000 00:00 0 
a5c21000-a5d00000 ---p 00000000 00:00 0 
a5d7f000-a5d80000 ---p 00000000 00:00 0 
a5d80000-a5e00000 rw-p 00000000 00:00 0 
a5e00000-a5e21000 rw-p 00000000 00:00 0 
a5e21000-a5f00000 ---p 00000000 00:00 0 
a5f7f000-a5f80000 ---p 00000000 00:00 0 
a5f80000-a6000000 rw-p 00000000 00:00 0 
a6000000-a6021000 rw-p 00000000 00:00 0 
a6021000-a6100000 ---p 00000000 00:00 0 
a617f000-a6180000 ---p 00000000 00:00 0 
a6180000-a6200000 rw-p 00000000 00:00 0 
a6200000-a6221000 rw-p 00000000 00:00 0 
a6221000-a6300000 ---p 00000000 00:00 0 
a637f000-a6380000 ---p 00000000 00:00 0 
a6380000-a6400000 rw-p 00000000 00:00 0 
a6400000-a6421000 rw-p 00000000 00:00 0 
a6421000-a6500000 ---p 00000000 00:00 0 
a652e000-a6531000 ---p 00000000 00:00 0 
a6531000-a657f000 rw-p 00000000 00:00 0 
a657f000-a6580000 ---p 00000000 00:00 0 
a6580000-a6600000 rw-p 00000000 00:00 0 
a6600000-a6621000 rw-p 00000000 00:00 0 
a6621000-a6700000 ---p 00000000 00:00 0 
a672e000-a6731000 ---p 00000000 00:00 0 
a6731000-a677f000 rw-p 00000000 00:00 0 
a677f000-a6780000 ---p 00000000 00:00 0 
a6780000-a6800000 rw-p 00000000 00:00 0 
a6800000-a6821000 rw-p 00000000 00:00 0 
a6821000-a6900000 ---p 00000000 00:00 0 
a692e000-a6931000 ---p 00000000 00:00 0 
a6931000-a697f000 rw-p 00000000 00:00 0 
a697f000-a6980000 ---p 00000000 00:00 0 
a6980000-a6a00000 rw-p 00000000 00:00 0 
a6a00000-a6a21000 rw-p 00000000 00:00 0 
a6a21000-a6b00000 ---p 00000000 00:00 0 
a6b2e000-a6b31000 ---p 00000000 00:00 0 
a6b31000-a6b7f000 rw-p 00000000 00:00 0 
a6b7f000-a6b80000 ---p 00000000 00:00 0 
a6b80000-a6c00000 rw-p 00000000 00:00 0 
a6c00000-a6c21000 rw-p 00000000 00:00 0 
a6c21000-a6d00000 ---p 00000000 00:00 0 
a6d2e000-a6d31000 ---p 00000000 00:00 0 
a6d31000-a6d7f000 rw-p 00000000 00:00 0 
a6d7f000-a6d80000 ---p 00000000 00:00 0 
a6d80000-a6e00000 rw-p 00000000 00:00 0 
a6e00000-a6e21000 rw-p 00000000 00:00 0 
a6e21000-a6f00000 ---p 00000000 00:00 0 
a6f00000-a6f21000 rw-p 00000000 00:00 0 
a6f21000-a7000000 ---p 00000000 00:00 0 
a7024000-a707f000 rw-p 00000000 00:00 0 
a707f000-a7080000 ---p 00000000 00:00 0 
a7080000-a7100000 rw-p 00000000 00:00 0 
a7100000-a7121000 rw-p 00000000 00:00 0 
a7121000-a7200000 ---p 00000000 00:00 0 
a7210000-a7226000 r-xp 00000000 103:0b 7877909                           /usr/lib/jvm/jdk1.8.0_381/jre/lib/i386/libnet.so
a7226000-a7227000 r--p 00015000 103:0b 7877909                           /usr/lib/jvm/jdk1.8.0_381/jre/lib/i386/libnet.so
a7227000-a7228000 rw-p 00016000 103:0b 7877909                           /usr/lib/jvm/jdk1.8.0_381/jre/lib/i386/libnet.so
a7228000-a7229000 ---p 00000000 00:00 0 
a7229000-a72bf000 rw-p 00000000 00:00 0 
a72bf000-a73ff000 ---p 00000000 00:00 0 
a73ff000-a7415000 rw-p 00000000 00:00 0 
a7415000-a7554000 ---p 00000000 00:00 0 
a7554000-a755f000 rw-p 00000000 00:00 0 
a755f000-a75ff000 ---p 00000000 00:00 0 
a75ff000-aa0c0000 rw-p 00000000 00:00 0 
aa0c0000-d20c0000 ---p 00000000 00:00 0 
d20c0000-d3600000 rw-p 00000000 00:00 0 
d3600000-e7600000 ---p 00000000 00:00 0 
e7602000-e7604000 r--s 0000c000 103:0d 1335037                           /opt/apps/com.jetbrains.intellij-idea-ultimate/files/plugins/maven/lib/maven3/lib/wagon-provider-api-3.4.3.jar
e7604000-e7605000 r--s 00006000 103:0d 1335029                           /opt/apps/com.jetbrains.intellij-idea-ultimate/files/plugins/maven/lib/maven3/lib/plexus-sec-dispatcher-1.4.jar
e7605000-e7608000 r--s 00008000 103:0d 1334957                           /opt/apps/com.jetbrains.intellij-idea-ultimate/files/plugins/maven/lib/maven3/lib/cdi-api-1.0.jar
e7608000-e7671000 rw-p 00000000 00:00 0 
e7671000-e7672000 ---p 00000000 00:00 0 
e7672000-e76fb000 rw-p 00000000 00:00 0 
e76fb000-e7ab2000 ---p 00000000 00:00 0 
e7ab2000-e7cf2000 rwxp 00000000 00:00 0 
e7cf2000-f6ab2000 ---p 00000000 00:00 0 
f6ab2000-f6acd000 r-xp 00000000 103:0b 7877908                           /usr/lib/jvm/jdk1.8.0_381/jre/lib/i386/libzip.so
f6acd000-f6ace000 r--p 0001a000 103:0b 7877908                           /usr/lib/jvm/jdk1.8.0_381/jre/lib/i386/libzip.so
f6ace000-f6acf000 rw-p 0001b000 103:0b 7877908                           /usr/lib/jvm/jdk1.8.0_381/jre/lib/i386/libzip.so
f6acf000-f6ad7000 rw-s 00000000 103:0b 5505494                           /tmp/hsperfdata_MuLeiSY/48030
f6ad7000-f6afe000 r-xp 00000000 103:0b 7877905                           /usr/lib/jvm/jdk1.8.0_381/jre/lib/i386/libjava.so
f6afe000-f6aff000 r--p 00026000 103:0b 7877905                           /usr/lib/jvm/jdk1.8.0_381/jre/lib/i386/libjava.so
f6aff000-f6b00000 rw-p 00027000 103:0b 7877905                           /usr/lib/jvm/jdk1.8.0_381/jre/lib/i386/libjava.so
f6b00000-f6bf3000 rw-p 00000000 00:00 0 
f6bf3000-f6c00000 ---p 00000000 00:00 0 
f6c00000-f6c01000 r--s 00005000 103:0d 1335018                           /opt/apps/com.jetbrains.intellij-idea-ultimate/files/plugins/maven/lib/maven3/lib/maven-slf4j-provider-3.8.1.jar
f6c01000-f6c03000 r--p 00000000 103:0b 8008338                           /usr/lib32/libnss_files-2.28.so
f6c03000-f6c0a000 r-xp 00002000 103:0b 8008338                           /usr/lib32/libnss_files-2.28.so
f6c0a000-f6c0d000 r--p 00009000 103:0b 8008338                           /usr/lib32/libnss_files-2.28.so
f6c0d000-f6c0e000 ---p 0000c000 103:0b 8008338                           /usr/lib32/libnss_files-2.28.so
f6c0e000-f6c0f000 r--p 0000c000 103:0b 8008338                           /usr/lib32/libnss_files-2.28.so
f6c0f000-f6c10000 rw-p 0000d000 103:0b 8008338                           /usr/lib32/libnss_files-2.28.so
f6c10000-f6c16000 rw-p 00000000 00:00 0 
f6c16000-f6c18000 r--p 00000000 103:0b 8008345                           /usr/lib32/librt-2.28.so
f6c18000-f6c1c000 r-xp 00002000 103:0b 8008345                           /usr/lib32/librt-2.28.so
f6c1c000-f6c1e000 r--p 00006000 103:0b 8008345                           /usr/lib32/librt-2.28.so
f6c1e000-f6c1f000 ---p 00008000 103:0b 8008345                           /usr/lib32/librt-2.28.so
f6c1f000-f6c20000 r--p 00008000 103:0b 8008345                           /usr/lib32/librt-2.28.so
f6c20000-f6c21000 rw-p 00009000 103:0b 8008345                           /usr/lib32/librt-2.28.so
f6c21000-f6c22000 ---p 00000000 00:00 0 
f6c22000-f6c25000 ---p 00000000 00:00 0 
f6c25000-f6c72000 rw-p 00000000 00:00 0 
f6c72000-f6c7c000 r--p 00000000 103:0b 8008261                           /usr/lib32/libm-2.28.so
f6c7c000-f6d05000 r-xp 0000a000 103:0b 8008261                           /usr/lib32/libm-2.28.so
f6d05000-f6d3f000 r--p 00093000 103:0b 8008261                           /usr/lib32/libm-2.28.so
f6d3f000-f6d40000 r--p 000cc000 103:0b 8008261                           /usr/lib32/libm-2.28.so
f6d40000-f6d41000 rw-p 000cd000 103:0b 8008261                           /usr/lib32/libm-2.28.so
f6d41000-f78df000 r-xp 00000000 103:0b 7877883                           /usr/lib/jvm/jdk1.8.0_381/jre/lib/i386/server/libjvm.so
f78df000-f78e0000 ---p 00b9e000 103:0b 7877883                           /usr/lib/jvm/jdk1.8.0_381/jre/lib/i386/server/libjvm.so
f78e0000-f7926000 r--p 00b9e000 103:0b 7877883                           /usr/lib/jvm/jdk1.8.0_381/jre/lib/i386/server/libjvm.so
f7926000-f7943000 rw-p 00be4000 103:0b 7877883                           /usr/lib/jvm/jdk1.8.0_381/jre/lib/i386/server/libjvm.so
f7943000-f7d6a000 rw-p 00000000 00:00 0 
f7d6a000-f7d83000 r--p 00000000 103:0b 8008249                           /usr/lib32/libc-2.28.so
f7d83000-f7ed1000 r-xp 00019000 103:0b 8008249                           /usr/lib32/libc-2.28.so
f7ed1000-f7f41000 r--p 00167000 103:0b 8008249                           /usr/lib32/libc-2.28.so
f7f41000-f7f42000 ---p 001d7000 103:0b 8008249                           /usr/lib32/libc-2.28.so
f7f42000-f7f44000 r--p 001d7000 103:0b 8008249                           /usr/lib32/libc-2.28.so
f7f44000-f7f45000 rw-p 001d9000 103:0b 8008249                           /usr/lib32/libc-2.28.so
f7f45000-f7f48000 rw-p 00000000 00:00 0 
f7f48000-f7f49000 r--p 00000000 103:0b 8008260                           /usr/lib32/libdl-2.28.so
f7f49000-f7f4b000 r-xp 00001000 103:0b 8008260                           /usr/lib32/libdl-2.28.so
f7f4b000-f7f4c000 r--p 00003000 103:0b 8008260                           /usr/lib32/libdl-2.28.so
f7f4c000-f7f4d000 r--p 00003000 103:0b 8008260                           /usr/lib32/libdl-2.28.so
f7f4d000-f7f4e000 rw-p 00004000 103:0b 8008260                           /usr/lib32/libdl-2.28.so
f7f4e000-f7f64000 r-xp 00000000 103:0b 7878387                           /usr/lib/jvm/jdk1.8.0_381/lib/i386/jli/libjli.so
f7f64000-f7f65000 r--p 00015000 103:0b 7878387                           /usr/lib/jvm/jdk1.8.0_381/lib/i386/jli/libjli.so
f7f65000-f7f66000 rw-p 00016000 103:0b 7878387                           /usr/lib/jvm/jdk1.8.0_381/lib/i386/jli/libjli.so
f7f66000-f7f6b000 r--p 00000000 103:0b 8008343                           /usr/lib32/libpthread-2.28.so
f7f6b000-f7f7b000 r-xp 00005000 103:0b 8008343                           /usr/lib32/libpthread-2.28.so
f7f7b000-f7f82000 r--p 00015000 103:0b 8008343                           /usr/lib32/libpthread-2.28.so
f7f82000-f7f83000 ---p 0001c000 103:0b 8008343                           /usr/lib32/libpthread-2.28.so
f7f83000-f7f84000 r--p 0001c000 103:0b 8008343                           /usr/lib32/libpthread-2.28.so
f7f84000-f7f85000 rw-p 0001d000 103:0b 8008343                           /usr/lib32/libpthread-2.28.so
f7f85000-f7f87000 rw-p 00000000 00:00 0 
f7f87000-f7f89000 r--s 0001f000 103:0d 1333675                           /opt/apps/com.jetbrains.intellij-idea-ultimate/files/lib/idea_rt.jar
f7f89000-f7f8b000 r--s 0000b000 103:0d 1334949                           /opt/apps/com.jetbrains.intellij-idea-ultimate/files/plugins/maven/lib/maven3/boot/plexus-classworlds-2.6.0.jar
f7f8b000-f7f95000 r-xp 00000000 103:0b 7877914                           /usr/lib/jvm/jdk1.8.0_381/jre/lib/i386/libinstrument.so
f7f95000-f7f96000 r--p 00009000 103:0b 7877914                           /usr/lib/jvm/jdk1.8.0_381/jre/lib/i386/libinstrument.so
f7f96000-f7f97000 rw-p 0000a000 103:0b 7877914                           /usr/lib/jvm/jdk1.8.0_381/jre/lib/i386/libinstrument.so
f7f97000-f7f98000 rw-p 00000000 00:00 0 
f7f98000-f7fa3000 r-xp 00000000 103:0b 7877894                           /usr/lib/jvm/jdk1.8.0_381/jre/lib/i386/libverify.so
f7fa3000-f7fa4000 ---p 0000b000 103:0b 7877894                           /usr/lib/jvm/jdk1.8.0_381/jre/lib/i386/libverify.so
f7fa4000-f7fa5000 r--p 0000b000 103:0b 7877894                           /usr/lib/jvm/jdk1.8.0_381/jre/lib/i386/libverify.so
f7fa5000-f7fa6000 rw-p 0000c000 103:0b 7877894                           /usr/lib/jvm/jdk1.8.0_381/jre/lib/i386/libverify.so
f7fa6000-f7fa8000 rw-p 00000000 00:00 0 
f7fa8000-f7fac000 r--p 00000000 00:00 0                                  [vvar]
f7fac000-f7fae000 r-xp 00000000 00:00 0                                  [vdso]
f7fae000-f7faf000 r--p 00000000 103:0b 7995462                           /usr/lib32/ld-2.28.so
f7faf000-f7fcb000 r-xp 00001000 103:0b 7995462                           /usr/lib32/ld-2.28.so
f7fcb000-f7fd5000 r--p 0001d000 103:0b 7995462                           /usr/lib32/ld-2.28.so
f7fd5000-f7fd6000 r--p 00000000 00:00 0 
f7fd6000-f7fd7000 r--p 00027000 103:0b 7995462                           /usr/lib32/ld-2.28.so
f7fd7000-f7fd8000 rw-p 00028000 103:0b 7995462                           /usr/lib32/ld-2.28.so
ff901000-ff922000 rw-p 00000000 00:00 0                                  [stack]

VM Arguments:
jvm_args: -Dmaven.multiModuleProjectDirectory=/home/MuLeiSY/IdeaProjects/RisegerDB -Djansi.passthrough=true -Dmaven.home=/opt/apps/com.jetbrains.intellij-idea-ultimate/files/plugins/maven/lib/maven3 -Dclassworlds.conf=/opt/apps/com.jetbrains.intellij-idea-ultimate/files/plugins/maven/lib/maven3/bin/m2.conf -Dmaven.ext.class.path=/opt/apps/com.jetbrains.intellij-idea-ultimate/files/plugins/maven/lib/maven-event-listener.jar -javaagent:/opt/apps/com.jetbrains.intellij-idea-ultimate/files/lib/idea_rt.jar=40499:/opt/apps/com.jetbrains.intellij-idea-ultimate/files/bin -Dfile.encoding=UTF-8 
java_command: org.codehaus.classworlds.Launcher -Didea.version=2023.1.2 --offline -DskipTests=true verify
java_class_path (initial): /opt/apps/com.jetbrains.intellij-idea-ultimate/files/plugins/maven/lib/maven3/boot/plexus-classworlds-2.6.0.jar:/opt/apps/com.jetbrains.intellij-idea-ultimate/files/plugins/maven/lib/maven3/boot/plexus-classworlds.license:/opt/apps/com.jetbrains.intellij-idea-ultimate/files/lib/idea_rt.jar
Launcher Type: SUN_STANDARD

Environment Variables:
JAVA_HOME=/usr/lib/jvm/jdk1.8.0_381
CLASSPATH=.:/usr/lib/jvm/jdk1.8.0_381/lib/dt.jar:/usr/lib/jvm/jdk1.8.0_381/lib/tools.jar
PATH=/usr/lib/jvm/jdk1.8.0_381/bin:/usr/local/bin:/usr/bin:/bin:/usr/local/games:/usr/games:/sbin:/usr/sbin
SHELL=/bin/bash
DISPLAY=:0

Signal Handlers:
SIGSEGV: [libjvm.so+0x95da20], sa_mask[0]=11111111011111111101111111111110, sa_flags=SA_RESTART|SA_SIGINFO
SIGBUS: [libjvm.so+0x95da20], sa_mask[0]=11111111011111111101111111111110, sa_flags=SA_RESTART|SA_SIGINFO
SIGFPE: [libjvm.so+0x95da20], sa_mask[0]=11111111011111111101111111111110, sa_flags=SA_RESTART|SA_SIGINFO
SIGPIPE: [libjvm.so+0x7aecc0], sa_mask[0]=11111111011111111101111111111110, sa_flags=SA_RESTART|SA_SIGINFO
SIGXFSZ: [libjvm.so+0x7aecc0], sa_mask[0]=11111111011111111101111111111110, sa_flags=SA_RESTART|SA_SIGINFO
SIGILL: [libjvm.so+0x95da20], sa_mask[0]=11111111011111111101111111111110, sa_flags=SA_RESTART|SA_SIGINFO
SIGUSR1: SIG_DFL, sa_mask[0]=00000000000000000000000000000000, sa_flags=none
SIGUSR2: [libjvm.so+0x7aed30], sa_mask[0]=00100000000000000000000000000000, sa_flags=SA_RESTART|SA_SIGINFO
SIGHUP: SIG_IGN, sa_mask[0]=00000000000000000000000000000000, sa_flags=none
SIGINT: [libjvm.so+0x7af5f0], sa_mask[0]=11111111011111111101111111111110, sa_flags=SA_RESTART|SA_SIGINFO
SIGTERM: [libjvm.so+0x7af5f0], sa_mask[0]=11111111011111111101111111111110, sa_flags=SA_RESTART|SA_SIGINFO
SIGQUIT: [libjvm.so+0x7af5f0], sa_mask[0]=11111111011111111101111111111110, sa_flags=SA_RESTART|SA_SIGINFO


---------------  S Y S T E M  ---------------

OS:DISTRIB_ID=Deepin
DISTRIB_RELEASE=20.9
DISTRIB_DESCRIPTION="Deepin 20.9"
DISTRIB_CODENAME=apricot

uname:Linux 5.15.77-amd64-desktop #2 SMP Thu Jun 15 16:06:18 CST 2023 x86_64
libc:glibc 2.28 NPTL 2.28 
rlimit: STACK 8192k, CORE 0k, NPROC 159246, NOFILE 1048576, AS infinity
load average:0.42 0.57 0.75

/proc/meminfo:
MemTotal:       40869184 kB
MemFree:        23986100 kB
MemAvailable:   33428668 kB
Buffers:           10516 kB
Cached:          9036964 kB
SwapCached:            0 kB
Active:          2712680 kB
Inactive:       12370920 kB
Active(anon):       4780 kB
Inactive(anon):  6173480 kB
Active(file):    2707900 kB
Inactive(file):  6197440 kB
Unevictable:         232 kB
Mlocked:             112 kB
SwapTotal:      16777212 kB
SwapFree:       16777212 kB
Dirty:               868 kB
Writeback:             0 kB
AnonPages:       6036320 kB
Mapped:          2149812 kB
Shmem:            265688 kB
KReclaimable:    1073924 kB
Slab:            1277392 kB
SReclaimable:    1073924 kB
SUnreclaim:       203468 kB
KernelStack:       32368 kB
PageTables:        73072 kB
NFS_Unstable:          0 kB
Bounce:                0 kB
WritebackTmp:          0 kB
CommitLimit:    37211804 kB
Committed_AS:   17953332 kB
VmallocTotal:   34359738367 kB
VmallocUsed:      135484 kB
VmallocChunk:          0 kB
Percpu:            11840 kB
HardwareCorrupted:     0 kB
AnonHugePages:      8192 kB
ShmemHugePages:        0 kB
ShmemPmdMapped:        0 kB
FileHugePages:         0 kB
FilePmdMapped:         0 kB
CmaTotal:              0 kB
CmaFree:               0 kB
HugePages_Total:       0
HugePages_Free:        0
HugePages_Rsvd:        0
HugePages_Surp:        0
Hugepagesize:       2048 kB
Hugetlb:               0 kB
DirectMap4k:      710336 kB
DirectMap2M:    11651072 kB
DirectMap1G:    29360128 kB

container (cgroup) information:
container_type: cgroupv1
cpu_cpuset_cpus: 0-15
cpu_memory_nodes: 0
active_processor_count: 16
cpu_quota: no quota
cpu_period: 100000
cpu_shares: no shares
memory_limit_in_bytes: unlimited
memory_and_swap_limit_in_bytes: unlimited
memory_soft_limit_in_bytes: unlimited
memory_usage_in_bytes: 8852120 k
memory_max_usage_in_bytes: 12061056 k
kernel_memory_usage_in_bytes: 589232 k
kernel_memory_max_usage_in_bytes: unlimited
kernel_memory_limit_in_bytes: 924644 k
maximum number of tasks: unlimited
current number of tasks: 1315


CPU:total 16 (initial active 16) (8 cores per cpu, 2 threads per core) family 6 model 141 stepping 1, cmov, cx8, fxsr, mmx, sse, sse2, sse3, ssse3, sse4.1, sse4.2, popcnt, avx, avx2, aes, clmul, erms, 3dnowpref, lzcnt, ht, tsc, tscinvbit, bmi1, bmi2, adx

/proc/cpuinfo:
processor	: 0
vendor_id	: GenuineIntel
cpu family	: 6
model		: 141
model name	: 11th Gen Intel(R) Core(TM) i7-11800H @ 2.30GHz
stepping	: 1
microcode	: 0x3e
cpu MHz		: 2300.000
cache size	: 24576 KB
physical id	: 0
siblings	: 16
core id		: 0
cpu cores	: 8
apicid		: 0
initial apicid	: 0
fpu		: yes
fpu_exception	: yes
cpuid level	: 27
wp		: yes
flags		: fpu vme de pse tsc msr pae mce cx8 apic sep mtrr pge mca cmov pat pse36 clflush dts acpi mmx fxsr sse sse2 ss ht tm pbe syscall nx pdpe1gb rdtscp lm constant_tsc art arch_perfmon pebs bts rep_good nopl xtopology nonstop_tsc cpuid aperfmperf tsc_known_freq pni pclmulqdq dtes64 monitor ds_cpl vmx est tm2 ssse3 sdbg fma cx16 xtpr pdcm pcid sse4_1 sse4_2 x2apic movbe popcnt tsc_deadline_timer aes xsave avx f16c rdrand lahf_lm abm 3dnowprefetch cpuid_fault epb cat_l2 invpcid_single cdp_l2 ssbd ibrs ibpb stibp ibrs_enhanced tpr_shadow vnmi flexpriority ept vpid ept_ad fsgsbase tsc_adjust bmi1 avx2 smep bmi2 erms invpcid rdt_a avx512f avx512dq rdseed adx smap avx512ifma clflushopt clwb intel_pt avx512cd sha_ni avx512bw avx512vl xsaveopt xsavec xgetbv1 xsaves split_lock_detect dtherm ida arat pln pts hwp hwp_notify hwp_act_window hwp_epp hwp_pkg_req avx512vbmi umip pku ospke avx512_vbmi2 gfni vaes vpclmulqdq avx512_vnni avx512_bitalg avx512_vpopcntdq rdpid movdiri movdir64b fsrm avx512_vp2intersect md_clear flush_l1d arch_capabilities
vmx flags	: vnmi preemption_timer posted_intr invvpid ept_x_only ept_ad ept_1gb flexpriority apicv tsc_offset vtpr mtf vapic ept vpid unrestricted_guest vapic_reg vid ple pml ept_mode_based_exec tsc_scaling
bugs		: spectre_v1 spectre_v2 spec_store_bypass swapgs eibrs_pbrsb
bogomips	: 4608.00
clflush size	: 64
cache_alignment	: 64
address sizes	: 39 bits physical, 48 bits virtual
power management:

processor	: 1
vendor_id	: GenuineIntel
cpu family	: 6
model		: 141
model name	: 11th Gen Intel(R) Core(TM) i7-11800H @ 2.30GHz
stepping	: 1
microcode	: 0x3e
cpu MHz		: 2300.000
cache size	: 24576 KB
physical id	: 0
siblings	: 16
core id		: 1
cpu cores	: 8
apicid		: 2
initial apicid	: 2
fpu		: yes
fpu_exception	: yes
cpuid level	: 27
wp		: yes
flags		: fpu vme de pse tsc msr pae mce cx8 apic sep mtrr pge mca cmov pat pse36 clflush dts acpi mmx fxsr sse sse2 ss ht tm pbe syscall nx pdpe1gb rdtscp lm constant_tsc art arch_perfmon pebs bts rep_good nopl xtopology nonstop_tsc cpuid aperfmperf tsc_known_freq pni pclmulqdq dtes64 monitor ds_cpl vmx est tm2 ssse3 sdbg fma cx16 xtpr pdcm pcid sse4_1 sse4_2 x2apic movbe popcnt tsc_deadline_timer aes xsave avx f16c rdrand lahf_lm abm 3dnowprefetch cpuid_fault epb cat_l2 invpcid_single cdp_l2 ssbd ibrs ibpb stibp ibrs_enhanced tpr_shadow vnmi flexpriority ept vpid ept_ad fsgsbase tsc_adjust bmi1 avx2 smep bmi2 erms invpcid rdt_a avx512f avx512dq rdseed adx smap avx512ifma clflushopt clwb intel_pt avx512cd sha_ni avx512bw avx512vl xsaveopt xsavec xgetbv1 xsaves split_lock_detect dtherm ida arat pln pts hwp hwp_notify hwp_act_window hwp_epp hwp_pkg_req avx512vbmi umip pku ospke avx512_vbmi2 gfni vaes vpclmulqdq avx512_vnni avx512_bitalg avx512_vpopcntdq rdpid movdiri movdir64b fsrm avx512_vp2intersect md_clear flush_l1d arch_capabilities
vmx flags	: vnmi preemption_timer posted_intr invvpid ept_x_only ept_ad ept_1gb flexpriority apicv tsc_offset vtpr mtf vapic ept vpid unrestricted_guest vapic_reg vid ple pml ept_mode_based_exec tsc_scaling
bugs		: spectre_v1 spectre_v2 spec_store_bypass swapgs eibrs_pbrsb
bogomips	: 4608.00
clflush size	: 64
cache_alignment	: 64
address sizes	: 39 bits physical, 48 bits virtual
power management:

processor	: 2
vendor_id	: GenuineIntel
cpu family	: 6
model		: 141
model name	: 11th Gen Intel(R) Core(TM) i7-11800H @ 2.30GHz
stepping	: 1
microcode	: 0x3e
cpu MHz		: 2300.000
cache size	: 24576 KB
physical id	: 0
siblings	: 16
core id		: 2
cpu cores	: 8
apicid		: 4
initial apicid	: 4
fpu		: yes
fpu_exception	: yes
cpuid level	: 27
wp		: yes
flags		: fpu vme de pse tsc msr pae mce cx8 apic sep mtrr pge mca cmov pat pse36 clflush dts acpi mmx fxsr sse sse2 ss ht tm pbe syscall nx pdpe1gb rdtscp lm constant_tsc art arch_perfmon pebs bts rep_good nopl xtopology nonstop_tsc cpuid aperfmperf tsc_known_freq pni pclmulqdq dtes64 monitor ds_cpl vmx est tm2 ssse3 sdbg fma cx16 xtpr pdcm pcid sse4_1 sse4_2 x2apic movbe popcnt tsc_deadline_timer aes xsave avx f16c rdrand lahf_lm abm 3dnowprefetch cpuid_fault epb cat_l2 invpcid_single cdp_l2 ssbd ibrs ibpb stibp ibrs_enhanced tpr_shadow vnmi flexpriority ept vpid ept_ad fsgsbase tsc_adjust bmi1 avx2 smep bmi2 erms invpcid rdt_a avx512f avx512dq rdseed adx smap avx512ifma clflushopt clwb intel_pt avx512cd sha_ni avx512bw avx512vl xsaveopt xsavec xgetbv1 xsaves split_lock_detect dtherm ida arat pln pts hwp hwp_notify hwp_act_window hwp_epp hwp_pkg_req avx512vbmi umip pku ospke avx512_vbmi2 gfni vaes vpclmulqdq avx512_vnni avx512_bitalg avx512_vpopcntdq rdpid movdiri movdir64b fsrm avx512_vp2intersect md_clear flush_l1d arch_capabilities
vmx flags	: vnmi preemption_timer posted_intr invvpid ept_x_only ept_ad ept_1gb flexpriority apicv tsc_offset vtpr mtf vapic ept vpid unrestricted_guest vapic_reg vid ple pml ept_mode_based_exec tsc_scaling
bugs		: spectre_v1 spectre_v2 spec_store_bypass swapgs eibrs_pbrsb
bogomips	: 4608.00
clflush size	: 64
cache_alignment	: 64
address sizes	: 39 bits physical, 48 bits virtual
power management:

processor	: 3
vendor_id	: GenuineIntel
cpu family	: 6
model		: 141
model name	: 11th Gen Intel(R) Core(TM) i7-11800H @ 2.30GHz
stepping	: 1
microcode	: 0x3e
cpu MHz		: 2300.000
cache size	: 24576 KB
physical id	: 0
siblings	: 16
core id		: 3
cpu cores	: 8
apicid		: 6
initial apicid	: 6
fpu		: yes
fpu_exception	: yes
cpuid level	: 27
wp		: yes
flags		: fpu vme de pse tsc msr pae mce cx8 apic sep mtrr pge mca cmov pat pse36 clflush dts acpi mmx fxsr sse sse2 ss ht tm pbe syscall nx pdpe1gb rdtscp lm constant_tsc art arch_perfmon pebs bts rep_good nopl xtopology nonstop_tsc cpuid aperfmperf tsc_known_freq pni pclmulqdq dtes64 monitor ds_cpl vmx est tm2 ssse3 sdbg fma cx16 xtpr pdcm pcid sse4_1 sse4_2 x2apic movbe popcnt tsc_deadline_timer aes xsave avx f16c rdrand lahf_lm abm 3dnowprefetch cpuid_fault epb cat_l2 invpcid_single cdp_l2 ssbd ibrs ibpb stibp ibrs_enhanced tpr_shadow vnmi flexpriority ept vpid ept_ad fsgsbase tsc_adjust bmi1 avx2 smep bmi2 erms invpcid rdt_a avx512f avx512dq rdseed adx smap avx512ifma clflushopt clwb intel_pt avx512cd sha_ni avx512bw avx512vl xsaveopt xsavec xgetbv1 xsaves split_lock_detect dtherm ida arat pln pts hwp hwp_notify hwp_act_window hwp_epp hwp_pkg_req avx512vbmi umip pku ospke avx512_vbmi2 gfni vaes vpclmulqdq avx512_vnni avx512_bitalg avx512_vpopcntdq rdpid movdiri movdir64b fsrm avx512_vp2intersect md_clear flush_l1d arch_capabilities
vmx flags	: vnmi preemption_timer posted_intr invvpid ept_x_only ept_ad ept_1gb flexpriority apicv tsc_offset vtpr mtf vapic ept vpid unrestricted_guest vapic_reg vid ple pml ept_mode_based_exec tsc_scaling
bugs		: spectre_v1 spectre_v2 spec_store_bypass swapgs eibrs_pbrsb
bogomips	: 4608.00
clflush size	: 64
cache_alignment	: 64
address sizes	: 39 bits physical, 48 bits virtual
power management:

processor	: 4
vendor_id	: GenuineIntel
cpu family	: 6
model		: 141
model name	: 11th Gen Intel(R) Core(TM) i7-11800H @ 2.30GHz
stepping	: 1
microcode	: 0x3e
cpu MHz		: 3811.853
cache size	: 24576 KB
physical id	: 0
siblings	: 16
core id		: 4
cpu cores	: 8
apicid		: 8
initial apicid	: 8
fpu		: yes
fpu_exception	: yes
cpuid level	: 27
wp		: yes
flags		: fpu vme de pse tsc msr pae mce cx8 apic sep mtrr pge mca cmov pat pse36 clflush dts acpi mmx fxsr sse sse2 ss ht tm pbe syscall nx pdpe1gb rdtscp lm constant_tsc art arch_perfmon pebs bts rep_good nopl xtopology nonstop_tsc cpuid aperfmperf tsc_known_freq pni pclmulqdq dtes64 monitor ds_cpl vmx est tm2 ssse3 sdbg fma cx16 xtpr pdcm pcid sse4_1 sse4_2 x2apic movbe popcnt tsc_deadline_timer aes xsave avx f16c rdrand lahf_lm abm 3dnowprefetch cpuid_fault epb cat_l2 invpcid_single cdp_l2 ssbd ibrs ibpb stibp ibrs_enhanced tpr_shadow vnmi flexpriority ept vpid ept_ad fsgsbase tsc_adjust bmi1 avx2 smep bmi2 erms invpcid rdt_a avx512f avx512dq rdseed adx smap avx512ifma clflushopt clwb intel_pt avx512cd sha_ni avx512bw avx512vl xsaveopt xsavec xgetbv1 xsaves split_lock_detect dtherm ida arat pln pts hwp hwp_notify hwp_act_window hwp_epp hwp_pkg_req avx512vbmi umip pku ospke avx512_vbmi2 gfni vaes vpclmulqdq avx512_vnni avx512_bitalg avx512_vpopcntdq rdpid movdiri movdir64b fsrm avx512_vp2intersect md_clear flush_l1d arch_capabilities
vmx flags	: vnmi preemption_timer posted_intr invvpid ept_x_only ept_ad ept_1gb flexpriority apicv tsc_offset vtpr mtf vapic ept vpid unrestricted_guest vapic_reg vid ple pml ept_mode_based_exec tsc_scaling
bugs		: spectre_v1 spectre_v2 spec_store_bypass swapgs eibrs_pbrsb
bogomips	: 4608.00
clflush size	: 64
cache_alignment	: 64
address sizes	: 39 bits physical, 48 bits virtual
power management:

processor	: 5
vendor_id	: GenuineIntel
cpu family	: 6
model		: 141
model name	: 11th Gen Intel(R) Core(TM) i7-11800H @ 2.30GHz
stepping	: 1
microcode	: 0x3e
cpu MHz		: 2300.000
cache size	: 24576 KB
physical id	: 0
siblings	: 16
core id		: 5
cpu cores	: 8
apicid		: 10
initial apicid	: 10
fpu		: yes
fpu_exception	: yes
cpuid level	: 27
wp		: yes
flags		: fpu vme de pse tsc msr pae mce cx8 apic sep mtrr pge mca cmov pat pse36 clflush dts acpi mmx fxsr sse sse2 ss ht tm pbe syscall nx pdpe1gb rdtscp lm constant_tsc art arch_perfmon pebs bts rep_good nopl xtopology nonstop_tsc cpuid aperfmperf tsc_known_freq pni pclmulqdq dtes64 monitor ds_cpl vmx est tm2 ssse3 sdbg fma cx16 xtpr pdcm pcid sse4_1 sse4_2 x2apic movbe popcnt tsc_deadline_timer aes xsave avx f16c rdrand lahf_lm abm 3dnowprefetch cpuid_fault epb cat_l2 invpcid_single cdp_l2 ssbd ibrs ibpb stibp ibrs_enhanced tpr_shadow vnmi flexpriority ept vpid ept_ad fsgsbase tsc_adjust bmi1 avx2 smep bmi2 erms invpcid rdt_a avx512f avx512dq rdseed adx smap avx512ifma clflushopt clwb intel_pt avx512cd sha_ni avx512bw avx512vl xsaveopt xsavec xgetbv1 xsaves split_lock_detect dtherm ida arat pln pts hwp hwp_notify hwp_act_window hwp_epp hwp_pkg_req avx512vbmi umip pku ospke avx512_vbmi2 gfni vaes vpclmulqdq avx512_vnni avx512_bitalg avx512_vpopcntdq rdpid movdiri movdir64b fsrm avx512_vp2intersect md_clear flush_l1d arch_capabilities
vmx flags	: vnmi preemption_timer posted_intr invvpid ept_x_only ept_ad ept_1gb flexpriority apicv tsc_offset vtpr mtf vapic ept vpid unrestricted_guest vapic_reg vid ple pml ept_mode_based_exec tsc_scaling
bugs		: spectre_v1 spectre_v2 spec_store_bypass swapgs eibrs_pbrsb
bogomips	: 4608.00
clflush size	: 64
cache_alignment	: 64
address sizes	: 39 bits physical, 48 bits virtual
power management:

processor	: 6
vendor_id	: GenuineIntel
cpu family	: 6
model		: 141
model name	: 11th Gen Intel(R) Core(TM) i7-11800H @ 2.30GHz
stepping	: 1
microcode	: 0x3e
cpu MHz		: 2300.000
cache size	: 24576 KB
physical id	: 0
siblings	: 16
core id		: 6
cpu cores	: 8
apicid		: 12
initial apicid	: 12
fpu		: yes
fpu_exception	: yes
cpuid level	: 27
wp		: yes
flags		: fpu vme de pse tsc msr pae mce cx8 apic sep mtrr pge mca cmov pat pse36 clflush dts acpi mmx fxsr sse sse2 ss ht tm pbe syscall nx pdpe1gb rdtscp lm constant_tsc art arch_perfmon pebs bts rep_good nopl xtopology nonstop_tsc cpuid aperfmperf tsc_known_freq pni pclmulqdq dtes64 monitor ds_cpl vmx est tm2 ssse3 sdbg fma cx16 xtpr pdcm pcid sse4_1 sse4_2 x2apic movbe popcnt tsc_deadline_timer aes xsave avx f16c rdrand lahf_lm abm 3dnowprefetch cpuid_fault epb cat_l2 invpcid_single cdp_l2 ssbd ibrs ibpb stibp ibrs_enhanced tpr_shadow vnmi flexpriority ept vpid ept_ad fsgsbase tsc_adjust bmi1 avx2 smep bmi2 erms invpcid rdt_a avx512f avx512dq rdseed adx smap avx512ifma clflushopt clwb intel_pt avx512cd sha_ni avx512bw avx512vl xsaveopt xsavec xgetbv1 xsaves split_lock_detect dtherm ida arat pln pts hwp hwp_notify hwp_act_window hwp_epp hwp_pkg_req avx512vbmi umip pku ospke avx512_vbmi2 gfni vaes vpclmulqdq avx512_vnni avx512_bitalg avx512_vpopcntdq rdpid movdiri movdir64b fsrm avx512_vp2intersect md_clear flush_l1d arch_capabilities
vmx flags	: vnmi preemption_timer posted_intr invvpid ept_x_only ept_ad ept_1gb flexpriority apicv tsc_offset vtpr mtf vapic ept vpid unrestricted_guest vapic_reg vid ple pml ept_mode_based_exec tsc_scaling
bugs		: spectre_v1 spectre_v2 spec_store_bypass swapgs eibrs_pbrsb
bogomips	: 4608.00
clflush size	: 64
cache_alignment	: 64
address sizes	: 39 bits physical, 48 bits virtual
power management:

processor	: 7
vendor_id	: GenuineIntel
cpu family	: 6
model		: 141
model name	: 11th Gen Intel(R) Core(TM) i7-11800H @ 2.30GHz
stepping	: 1
microcode	: 0x3e
cpu MHz		: 2300.000
cache size	: 24576 KB
physical id	: 0
siblings	: 16
core id		: 7
cpu cores	: 8
apicid		: 14
initial apicid	: 14
fpu		: yes
fpu_exception	: yes
cpuid level	: 27
wp		: yes
flags		: fpu vme de pse tsc msr pae mce cx8 apic sep mtrr pge mca cmov pat pse36 clflush dts acpi mmx fxsr sse sse2 ss ht tm pbe syscall nx pdpe1gb rdtscp lm constant_tsc art arch_perfmon pebs bts rep_good nopl xtopology nonstop_tsc cpuid aperfmperf tsc_known_freq pni pclmulqdq dtes64 monitor ds_cpl vmx est tm2 ssse3 sdbg fma cx16 xtpr pdcm pcid sse4_1 sse4_2 x2apic movbe popcnt tsc_deadline_timer aes xsave avx f16c rdrand lahf_lm abm 3dnowprefetch cpuid_fault epb cat_l2 invpcid_single cdp_l2 ssbd ibrs ibpb stibp ibrs_enhanced tpr_shadow vnmi flexpriority ept vpid ept_ad fsgsbase tsc_adjust bmi1 avx2 smep bmi2 erms invpcid rdt_a avx512f avx512dq rdseed adx smap avx512ifma clflushopt clwb intel_pt avx512cd sha_ni avx512bw avx512vl xsaveopt xsavec xgetbv1 xsaves split_lock_detect dtherm ida arat pln pts hwp hwp_notify hwp_act_window hwp_epp hwp_pkg_req avx512vbmi umip pku ospke avx512_vbmi2 gfni vaes vpclmulqdq avx512_vnni avx512_bitalg avx512_vpopcntdq rdpid movdiri movdir64b fsrm avx512_vp2intersect md_clear flush_l1d arch_capabilities
vmx flags	: vnmi preemption_timer posted_intr invvpid ept_x_only ept_ad ept_1gb flexpriority apicv tsc_offset vtpr mtf vapic ept vpid unrestricted_guest vapic_reg vid ple pml ept_mode_based_exec tsc_scaling
bugs		: spectre_v1 spectre_v2 spec_store_bypass swapgs eibrs_pbrsb
bogomips	: 4608.00
clflush size	: 64
cache_alignment	: 64
address sizes	: 39 bits physical, 48 bits virtual
power management:

processor	: 8
vendor_id	: GenuineIntel
cpu family	: 6
model		: 141
model name	: 11th Gen Intel(R) Core(TM) i7-11800H @ 2.30GHz
stepping	: 1
microcode	: 0x3e
cpu MHz		: 3929.035
cache size	: 24576 KB
physical id	: 0
siblings	: 16
core id		: 0
cpu cores	: 8
apicid		: 1
initial apicid	: 1
fpu		: yes
fpu_exception	: yes
cpuid level	: 27
wp		: yes
flags		: fpu vme de pse tsc msr pae mce cx8 apic sep mtrr pge mca cmov pat pse36 clflush dts acpi mmx fxsr sse sse2 ss ht tm pbe syscall nx pdpe1gb rdtscp lm constant_tsc art arch_perfmon pebs bts rep_good nopl xtopology nonstop_tsc cpuid aperfmperf tsc_known_freq pni pclmulqdq dtes64 monitor ds_cpl vmx est tm2 ssse3 sdbg fma cx16 xtpr pdcm pcid sse4_1 sse4_2 x2apic movbe popcnt tsc_deadline_timer aes xsave avx f16c rdrand lahf_lm abm 3dnowprefetch cpuid_fault epb cat_l2 invpcid_single cdp_l2 ssbd ibrs ibpb stibp ibrs_enhanced tpr_shadow vnmi flexpriority ept vpid ept_ad fsgsbase tsc_adjust bmi1 avx2 smep bmi2 erms invpcid rdt_a avx512f avx512dq rdseed adx smap avx512ifma clflushopt clwb intel_pt avx512cd sha_ni avx512bw avx512vl xsaveopt xsavec xgetbv1 xsaves split_lock_detect dtherm ida arat pln pts hwp hwp_notify hwp_act_window hwp_epp hwp_pkg_req avx512vbmi umip pku ospke avx512_vbmi2 gfni vaes vpclmulqdq avx512_vnni avx512_bitalg avx512_vpopcntdq rdpid movdiri movdir64b fsrm avx512_vp2intersect md_clear flush_l1d arch_capabilities
vmx flags	: vnmi preemption_timer posted_intr invvpid ept_x_only ept_ad ept_1gb flexpriority apicv tsc_offset vtpr mtf vapic ept vpid unrestricted_guest vapic_reg vid ple pml ept_mode_based_exec tsc_scaling
bugs		: spectre_v1 spectre_v2 spec_store_bypass swapgs eibrs_pbrsb
bogomips	: 4608.00
clflush size	: 64
cache_alignment	: 64
address sizes	: 39 bits physical, 48 bits virtual
power management:

processor	: 9
vendor_id	: GenuineIntel
cpu family	: 6
model		: 141
model name	: 11th Gen Intel(R) Core(TM) i7-11800H @ 2.30GHz
stepping	: 1
microcode	: 0x3e
cpu MHz		: 4350.571
cache size	: 24576 KB
physical id	: 0
siblings	: 16
core id		: 1
cpu cores	: 8
apicid		: 3
initial apicid	: 3
fpu		: yes
fpu_exception	: yes
cpuid level	: 27
wp		: yes
flags		: fpu vme de pse tsc msr pae mce cx8 apic sep mtrr pge mca cmov pat pse36 clflush dts acpi mmx fxsr sse sse2 ss ht tm pbe syscall nx pdpe1gb rdtscp lm constant_tsc art arch_perfmon pebs bts rep_good nopl xtopology nonstop_tsc cpuid aperfmperf tsc_known_freq pni pclmulqdq dtes64 monitor ds_cpl vmx est tm2 ssse3 sdbg fma cx16 xtpr pdcm pcid sse4_1 sse4_2 x2apic movbe popcnt tsc_deadline_timer aes xsave avx f16c rdrand lahf_lm abm 3dnowprefetch cpuid_fault epb cat_l2 invpcid_single cdp_l2 ssbd ibrs ibpb stibp ibrs_enhanced tpr_shadow vnmi flexpriority ept vpid ept_ad fsgsbase tsc_adjust bmi1 avx2 smep bmi2 erms invpcid rdt_a avx512f avx512dq rdseed adx smap avx512ifma clflushopt clwb intel_pt avx512cd sha_ni avx512bw avx512vl xsaveopt xsavec xgetbv1 xsaves split_lock_detect dtherm ida arat pln pts hwp hwp_notify hwp_act_window hwp_epp hwp_pkg_req avx512vbmi umip pku ospke avx512_vbmi2 gfni vaes vpclmulqdq avx512_vnni avx512_bitalg avx512_vpopcntdq rdpid movdiri movdir64b fsrm avx512_vp2intersect md_clear flush_l1d arch_capabilities
vmx flags	: vnmi preemption_timer posted_intr invvpid ept_x_only ept_ad ept_1gb flexpriority apicv tsc_offset vtpr mtf vapic ept vpid unrestricted_guest vapic_reg vid ple pml ept_mode_based_exec tsc_scaling
bugs		: spectre_v1 spectre_v2 spec_store_bypass swapgs eibrs_pbrsb
bogomips	: 4608.00
clflush size	: 64
cache_alignment	: 64
address sizes	: 39 bits physical, 48 bits virtual
power management:

processor	: 10
vendor_id	: GenuineIntel
cpu family	: 6
model		: 141
model name	: 11th Gen Intel(R) Core(TM) i7-11800H @ 2.30GHz
stepping	: 1
microcode	: 0x3e
cpu MHz		: 2300.000
cache size	: 24576 KB
physical id	: 0
siblings	: 16
core id		: 2
cpu cores	: 8
apicid		: 5
initial apicid	: 5
fpu		: yes
fpu_exception	: yes
cpuid level	: 27
wp		: yes
flags		: fpu vme de pse tsc msr pae mce cx8 apic sep mtrr pge mca cmov pat pse36 clflush dts acpi mmx fxsr sse sse2 ss ht tm pbe syscall nx pdpe1gb rdtscp lm constant_tsc art arch_perfmon pebs bts rep_good nopl xtopology nonstop_tsc cpuid aperfmperf tsc_known_freq pni pclmulqdq dtes64 monitor ds_cpl vmx est tm2 ssse3 sdbg fma cx16 xtpr pdcm pcid sse4_1 sse4_2 x2apic movbe popcnt tsc_deadline_timer aes xsave avx f16c rdrand lahf_lm abm 3dnowprefetch cpuid_fault epb cat_l2 invpcid_single cdp_l2 ssbd ibrs ibpb stibp ibrs_enhanced tpr_shadow vnmi flexpriority ept vpid ept_ad fsgsbase tsc_adjust bmi1 avx2 smep bmi2 erms invpcid rdt_a avx512f avx512dq rdseed adx smap avx512ifma clflushopt clwb intel_pt avx512cd sha_ni avx512bw avx512vl xsaveopt xsavec xgetbv1 xsaves split_lock_detect dtherm ida arat pln pts hwp hwp_notify hwp_act_window hwp_epp hwp_pkg_req avx512vbmi umip pku ospke avx512_vbmi2 gfni vaes vpclmulqdq avx512_vnni avx512_bitalg avx512_vpopcntdq rdpid movdiri movdir64b fsrm avx512_vp2intersect md_clear flush_l1d arch_capabilities
vmx flags	: vnmi preemption_timer posted_intr invvpid ept_x_only ept_ad ept_1gb flexpriority apicv tsc_offset vtpr mtf vapic ept vpid unrestricted_guest vapic_reg vid ple pml ept_mode_based_exec tsc_scaling
bugs		: spectre_v1 spectre_v2 spec_store_bypass swapgs eibrs_pbrsb
bogomips	: 4608.00
clflush size	: 64
cache_alignment	: 64
address sizes	: 39 bits physical, 48 bits virtual
power management:

processor	: 11
vendor_id	: GenuineIntel
cpu family	: 6
model		: 141
model name	: 11th Gen Intel(R) Core(TM) i7-11800H @ 2.30GHz
stepping	: 1
microcode	: 0x3e
cpu MHz		: 2300.000
cache size	: 24576 KB
physical id	: 0
siblings	: 16
core id		: 3
cpu cores	: 8
apicid		: 7
initial apicid	: 7
fpu		: yes
fpu_exception	: yes
cpuid level	: 27
wp		: yes
flags		: fpu vme de pse tsc msr pae mce cx8 apic sep mtrr pge mca cmov pat pse36 clflush dts acpi mmx fxsr sse sse2 ss ht tm pbe syscall nx pdpe1gb rdtscp lm constant_tsc art arch_perfmon pebs bts rep_good nopl xtopology nonstop_tsc cpuid aperfmperf tsc_known_freq pni pclmulqdq dtes64 monitor ds_cpl vmx est tm2 ssse3 sdbg fma cx16 xtpr pdcm pcid sse4_1 sse4_2 x2apic movbe popcnt tsc_deadline_timer aes xsave avx f16c rdrand lahf_lm abm 3dnowprefetch cpuid_fault epb cat_l2 invpcid_single cdp_l2 ssbd ibrs ibpb stibp ibrs_enhanced tpr_shadow vnmi flexpriority ept vpid ept_ad fsgsbase tsc_adjust bmi1 avx2 smep bmi2 erms invpcid rdt_a avx512f avx512dq rdseed adx smap avx512ifma clflushopt clwb intel_pt avx512cd sha_ni avx512bw avx512vl xsaveopt xsavec xgetbv1 xsaves split_lock_detect dtherm ida arat pln pts hwp hwp_notify hwp_act_window hwp_epp hwp_pkg_req avx512vbmi umip pku ospke avx512_vbmi2 gfni vaes vpclmulqdq avx512_vnni avx512_bitalg avx512_vpopcntdq rdpid movdiri movdir64b fsrm avx512_vp2intersect md_clear flush_l1d arch_capabilities
vmx flags	: vnmi preemption_timer posted_intr invvpid ept_x_only ept_ad ept_1gb flexpriority apicv tsc_offset vtpr mtf vapic ept vpid unrestricted_guest vapic_reg vid ple pml ept_mode_based_exec tsc_scaling
bugs		: spectre_v1 spectre_v2 spec_store_bypass swapgs eibrs_pbrsb
bogomips	: 4608.00
clflush size	: 64
cache_alignment	: 64
address sizes	: 39 bits physical, 48 bits virtual
power management:

processor	: 12
vendor_id	: GenuineIntel
cpu family	: 6
model		: 141
model name	: 11th Gen Intel(R) Core(TM) i7-11800H @ 2.30GHz
stepping	: 1
microcode	: 0x3e
cpu MHz		: 2300.000
cache size	: 24576 KB
physical id	: 0
siblings	: 16
core id		: 4
cpu cores	: 8
apicid		: 9
initial apicid	: 9
fpu		: yes
fpu_exception	: yes
cpuid level	: 27
wp		: yes
flags		: fpu vme de pse tsc msr pae mce cx8 apic sep mtrr pge mca cmov pat pse36 clflush dts acpi mmx fxsr sse sse2 ss ht tm pbe syscall nx pdpe1gb rdtscp lm constant_tsc art arch_perfmon pebs bts rep_good nopl xtopology nonstop_tsc cpuid aperfmperf tsc_known_freq pni pclmulqdq dtes64 monitor ds_cpl vmx est tm2 ssse3 sdbg fma cx16 xtpr pdcm pcid sse4_1 sse4_2 x2apic movbe popcnt tsc_deadline_timer aes xsave avx f16c rdrand lahf_lm abm 3dnowprefetch cpuid_fault epb cat_l2 invpcid_single cdp_l2 ssbd ibrs ibpb stibp ibrs_enhanced tpr_shadow vnmi flexpriority ept vpid ept_ad fsgsbase tsc_adjust bmi1 avx2 smep bmi2 erms invpcid rdt_a avx512f avx512dq rdseed adx smap avx512ifma clflushopt clwb intel_pt avx512cd sha_ni avx512bw avx512vl xsaveopt xsavec xgetbv1 xsaves split_lock_detect dtherm ida arat pln pts hwp hwp_notify hwp_act_window hwp_epp hwp_pkg_req avx512vbmi umip pku ospke avx512_vbmi2 gfni vaes vpclmulqdq avx512_vnni avx512_bitalg avx512_vpopcntdq rdpid movdiri movdir64b fsrm avx512_vp2intersect md_clear flush_l1d arch_capabilities
vmx flags	: vnmi preemption_timer posted_intr invvpid ept_x_only ept_ad ept_1gb flexpriority apicv tsc_offset vtpr mtf vapic ept vpid unrestricted_guest vapic_reg vid ple pml ept_mode_based_exec tsc_scaling
bugs		: spectre_v1 spectre_v2 spec_store_bypass swapgs eibrs_pbrsb
bogomips	: 4608.00
clflush size	: 64
cache_alignment	: 64
address sizes	: 39 bits physical, 48 bits virtual
power management:

processor	: 13
vendor_id	: GenuineIntel
cpu family	: 6
model		: 141
model name	: 11th Gen Intel(R) Core(TM) i7-11800H @ 2.30GHz
stepping	: 1
microcode	: 0x3e
cpu MHz		: 2300.000
cache size	: 24576 KB
physical id	: 0
siblings	: 16
core id		: 5
cpu cores	: 8
apicid		: 11
initial apicid	: 11
fpu		: yes
fpu_exception	: yes
cpuid level	: 27
wp		: yes
flags		: fpu vme de pse tsc msr pae mce cx8 apic sep mtrr pge mca cmov pat pse36 clflush dts acpi mmx fxsr sse sse2 ss ht tm pbe syscall nx pdpe1gb rdtscp lm constant_tsc art arch_perfmon pebs bts rep_good nopl xtopology nonstop_tsc cpuid aperfmperf tsc_known_freq pni pclmulqdq dtes64 monitor ds_cpl vmx est tm2 ssse3 sdbg fma cx16 xtpr pdcm pcid sse4_1 sse4_2 x2apic movbe popcnt tsc_deadline_timer aes xsave avx f16c rdrand lahf_lm abm 3dnowprefetch cpuid_fault epb cat_l2 invpcid_single cdp_l2 ssbd ibrs ibpb stibp ibrs_enhanced tpr_shadow vnmi flexpriority ept vpid ept_ad fsgsbase tsc_adjust bmi1 avx2 smep bmi2 erms invpcid rdt_a avx512f avx512dq rdseed adx smap avx512ifma clflushopt clwb intel_pt avx512cd sha_ni avx512bw avx512vl xsaveopt xsavec xgetbv1 xsaves split_lock_detect dtherm ida arat pln pts hwp hwp_notify hwp_act_window hwp_epp hwp_pkg_req avx512vbmi umip pku ospke avx512_vbmi2 gfni vaes vpclmulqdq avx512_vnni avx512_bitalg avx512_vpopcntdq rdpid movdiri movdir64b fsrm avx512_vp2intersect md_clear flush_l1d arch_capabilities
vmx flags	: vnmi preemption_timer posted_intr invvpid ept_x_only ept_ad ept_1gb flexpriority apicv tsc_offset vtpr mtf vapic ept vpid unrestricted_guest vapic_reg vid ple pml ept_mode_based_exec tsc_scaling
bugs		: spectre_v1 spectre_v2 spec_store_bypass swapgs eibrs_pbrsb
bogomips	: 4608.00
clflush size	: 64
cache_alignment	: 64
address sizes	: 39 bits physical, 48 bits virtual
power management:

processor	: 14
vendor_id	: GenuineIntel
cpu family	: 6
model		: 141
model name	: 11th Gen Intel(R) Core(TM) i7-11800H @ 2.30GHz
stepping	: 1
microcode	: 0x3e
cpu MHz		: 2300.000
cache size	: 24576 KB
physical id	: 0
siblings	: 16
core id		: 6
cpu cores	: 8
apicid		: 13
initial apicid	: 13
fpu		: yes
fpu_exception	: yes
cpuid level	: 27
wp		: yes
flags		: fpu vme de pse tsc msr pae mce cx8 apic sep mtrr pge mca cmov pat pse36 clflush dts acpi mmx fxsr sse sse2 ss ht tm pbe syscall nx pdpe1gb rdtscp lm constant_tsc art arch_perfmon pebs bts rep_good nopl xtopology nonstop_tsc cpuid aperfmperf tsc_known_freq pni pclmulqdq dtes64 monitor ds_cpl vmx est tm2 ssse3 sdbg fma cx16 xtpr pdcm pcid sse4_1 sse4_2 x2apic movbe popcnt tsc_deadline_timer aes xsave avx f16c rdrand lahf_lm abm 3dnowprefetch cpuid_fault epb cat_l2 invpcid_single cdp_l2 ssbd ibrs ibpb stibp ibrs_enhanced tpr_shadow vnmi flexpriority ept vpid ept_ad fsgsbase tsc_adjust bmi1 avx2 smep bmi2 erms invpcid rdt_a avx512f avx512dq rdseed adx smap avx512ifma clflushopt clwb intel_pt avx512cd sha_ni avx512bw avx512vl xsaveopt xsavec xgetbv1 xsaves split_lock_detect dtherm ida arat pln pts hwp hwp_notify hwp_act_window hwp_epp hwp_pkg_req avx512vbmi umip pku ospke avx512_vbmi2 gfni vaes vpclmulqdq avx512_vnni avx512_bitalg avx512_vpopcntdq rdpid movdiri movdir64b fsrm avx512_vp2intersect md_clear flush_l1d arch_capabilities
vmx flags	: vnmi preemption_timer posted_intr invvpid ept_x_only ept_ad ept_1gb flexpriority apicv tsc_offset vtpr mtf vapic ept vpid unrestricted_guest vapic_reg vid ple pml ept_mode_based_exec tsc_scaling
bugs		: spectre_v1 spectre_v2 spec_store_bypass swapgs eibrs_pbrsb
bogomips	: 4608.00
clflush size	: 64
cache_alignment	: 64
address sizes	: 39 bits physical, 48 bits virtual
power management:

processor	: 15
vendor_id	: GenuineIntel
cpu family	: 6
model		: 141
model name	: 11th Gen Intel(R) Core(TM) i7-11800H @ 2.30GHz
stepping	: 1
microcode	: 0x3e
cpu MHz		: 3901.282
cache size	: 24576 KB
physical id	: 0
siblings	: 16
core id		: 7
cpu cores	: 8
apicid		: 15
initial apicid	: 15
fpu		: yes
fpu_exception	: yes
cpuid level	: 27
wp		: yes
flags		: fpu vme de pse tsc msr pae mce cx8 apic sep mtrr pge mca cmov pat pse36 clflush dts acpi mmx fxsr sse sse2 ss ht tm pbe syscall nx pdpe1gb rdtscp lm constant_tsc art arch_perfmon pebs bts rep_good nopl xtopology nonstop_tsc cpuid aperfmperf tsc_known_freq pni pclmulqdq dtes64 monitor ds_cpl vmx est tm2 ssse3 sdbg fma cx16 xtpr pdcm pcid sse4_1 sse4_2 x2apic movbe popcnt tsc_deadline_timer aes xsave avx f16c rdrand lahf_lm abm 3dnowprefetch cpuid_fault epb cat_l2 invpcid_single cdp_l2 ssbd ibrs ibpb stibp ibrs_enhanced tpr_shadow vnmi flexpriority ept vpid ept_ad fsgsbase tsc_adjust bmi1 avx2 smep bmi2 erms invpcid rdt_a avx512f avx512dq rdseed adx smap avx512ifma clflushopt clwb intel_pt avx512cd sha_ni avx512bw avx512vl xsaveopt xsavec xgetbv1 xsaves split_lock_detect dtherm ida arat pln pts hwp hwp_notify hwp_act_window hwp_epp hwp_pkg_req avx512vbmi umip pku ospke avx512_vbmi2 gfni vaes vpclmulqdq avx512_vnni avx512_bitalg avx512_vpopcntdq rdpid movdiri movdir64b fsrm avx512_vp2intersect md_clear flush_l1d arch_capabilities
vmx flags	: vnmi preemption_timer posted_intr invvpid ept_x_only ept_ad ept_1gb flexpriority apicv tsc_offset vtpr mtf vapic ept vpid unrestricted_guest vapic_reg vid ple pml ept_mode_based_exec tsc_scaling
bugs		: spectre_v1 spectre_v2 spec_store_bypass swapgs eibrs_pbrsb
bogomips	: 4608.00
clflush size	: 64
cache_alignment	: 64
address sizes	: 39 bits physical, 48 bits virtual
power management:



Memory: 4k page, physical 40869184k(23986100k free), swap 16777212k(16777212k free)

vm_info: Java HotSpot(TM) Server VM (25.381-b09) for linux-x86 JRE (1.8.0_381-b09), built on Jun 14 2023 13:47:49 by "java_re" with gcc 7.3.0

time: Sun Aug 13 19:24:35 2023
timezone: CST
elapsed time: 0.066717 seconds (0d 0h 0m 0s)

