#
# A fatal error has been detected by the Java Runtime Environment:
#
#  Internal Error (os_linux_x86.cpp:291), pid=48142, tid=0xf6c65b40
#  fatal error: An irrecoverable SI_KERNEL SIGSEGV has occurred due to unstable signal handling in this distribution.
#
# JRE version: Java(TM) SE Runtime Environment (8.0) (build 1.8.0_381-b09)
# Java VM: Java HotSpot(TM) Server VM (25.381-b09 mixed mode linux-x86 )
# Failed to write core dump. Core dumps have been disabled. To enable core dumping, try "ulimit -c unlimited" before starting Java again
#
# If you would like to submit a bug report, please visit:
#   http://bugreport.java.com/bugreport/crash.jsp
#

---------------  T H R E A D  ---------------

Current thread (0xf6b09800):  JavaThread "main" [_thread_in_vm, id=48143, stack(0xf6c16000,0xf6c66000)]

Stack: [0xf6c16000,0xf6c66000],  sp=0xf6c60fd0,  free space=299k
Native frames: (J=compiled Java code, j=interpreted, Vv=VM code, C=native code)
V  [libjvm.so+0x95d0b8]  VMError::report_and_die()+0x2c8
V  [libjvm.so+0x3bf305]  report_fatal(VMErrorType, char const*, int, char const*, char const*)+0x55
V  [libjvm.so+0x7bd221]  JVM_handle_linux_signal+0x271
V  [libjvm.so+0x7aecf0]  signalHandler(int, siginfo*, void*)+0x30
C  [linux-gate.so.1+0x570]  __kernel_rt_sigreturn+0x0

Java frames: (J=compiled Java code, j=interpreted, Vv=VM code)
j  java.lang.System.nanoTime()J+0
j  java.util.zip.ZipFile.<init>(Ljava/io/File;ILjava/nio/charset/Charset;)V+171
j  java.util.zip.ZipFile.<init>(Ljava/io/File;I)V+6
j  java.util.jar.JarFile.<init>(Ljava/io/File;ZI)V+3
j  java.util.jar.JarFile.<init>(Ljava/lang/String;)V+11
j  sun.misc.URLClassPath$JarLoader.getJarFile(Ljava/net/URL;)Ljava/util/jar/JarFile;+44
j  sun.misc.URLClassPath$JarLoader.access$800(Lsun/misc/URLClassPath$JarLoader;Ljava/net/URL;)Ljava/util/jar/JarFile;+2
j  sun.misc.URLClassPath$JarLoader$1.run()Ljava/lang/Void;+55
j  sun.misc.URLClassPath$JarLoader$1.run()Ljava/lang/Object;+1
v  ~StubRoutines::call_stub
j  java.security.AccessController.doPrivileged(Ljava/security/PrivilegedExceptionAction;Ljava/security/AccessControlContext;)Ljava/lang/Object;+0
j  sun.misc.URLClassPath$JarLoader.ensureOpen()V+19
j  sun.misc.URLClassPath$JarLoader.<init>(Ljava/net/URL;Ljava/net/URLStreamHandler;Ljava/util/HashMap;Ljava/security/AccessControlContext;)V+143
j  sun.misc.URLClassPath$3.run()Lsun/misc/URLClassPath$Loader;+89
j  sun.misc.URLClassPath$3.run()Ljava/lang/Object;+1
v  ~StubRoutines::call_stub
j  java.security.AccessController.doPrivileged(Ljava/security/PrivilegedExceptionAction;Ljava/security/AccessControlContext;)Ljava/lang/Object;+0
j  sun.misc.URLClassPath.getLoader(Ljava/net/URL;)Lsun/misc/URLClassPath$Loader;+13
j  sun.misc.URLClassPath.getLoader(I)Lsun/misc/URLClassPath$Loader;+87
J 88 C1 sun.misc.URLClassPath.getNextLoader([II)Lsun/misc/URLClassPath$Loader; (88 bytes) @ 0xe7c3fdb8 [0xe7c3f9e0+0x3d8]
j  sun.misc.URLClassPath.getResource(Ljava/lang/String;Z)Lsun/misc/Resource;+51
j  java.net.URLClassLoader$1.run()Ljava/lang/Class;+26
j  java.net.URLClassLoader$1.run()Ljava/lang/Object;+1
v  ~StubRoutines::call_stub
j  java.security.AccessController.doPrivileged(Ljava/security/PrivilegedExceptionAction;Ljava/security/AccessControlContext;)Ljava/lang/Object;+0
j  java.net.URLClassLoader.findClass(Ljava/lang/String;)Ljava/lang/Class;+13
j  org.codehaus.plexus.classworlds.realm.ClassRealm.loadClassFromSelf(Ljava/lang/String;)Ljava/lang/Class;+20
j  org.codehaus.plexus.classworlds.strategy.SelfFirstStrategy.loadClass(Ljava/lang/String;)Ljava/lang/Class;+18
j  org.codehaus.plexus.classworlds.realm.ClassRealm.unsynchronizedLoadClass(Ljava/lang/String;Z)Ljava/lang/Class;+13
j  org.codehaus.plexus.classworlds.realm.ClassRealm.loadClass(Ljava/lang/String;Z)Ljava/lang/Class;+9
j  org.codehaus.plexus.classworlds.realm.ClassRealm.loadClass(Ljava/lang/String;)Ljava/lang/Class;+3
j  org.codehaus.plexus.classworlds.launcher.Launcher.getMainClass()Ljava/lang/Class;+8
j  org.codehaus.plexus.classworlds.launcher.Launcher.launchEnhanced([Ljava/lang/String;)V+6
j  org.codehaus.plexus.classworlds.launcher.Launcher.launch([Ljava/lang/String;)V+2
j  org.codehaus.plexus.classworlds.launcher.Launcher.mainWithExitCode([Ljava/lang/String;)I+101
j  org.codehaus.plexus.classworlds.launcher.Launcher.main([Ljava/lang/String;)V+1
j  org.codehaus.classworlds.Launcher.main([Ljava/lang/String;)V+1
v  ~StubRoutines::call_stub

---------------  P R O C E S S  ---------------

Java Threads: ( => current thread )
  0xa0a0b000 JavaThread "Service Thread" daemon [_thread_blocked, id=48174, stack(0xa632e000,0xa637f000)]
  0xa2dffc00 JavaThread "C1 CompilerThread11" daemon [_thread_blocked, id=48173, stack(0xa0b80000,0xa0c00000)]
  0xa2dfe000 JavaThread "C1 CompilerThread10" daemon [_thread_blocked, id=48172, stack(0xa0d80000,0xa0e00000)]
  0xa2dfc800 JavaThread "C1 CompilerThread9" daemon [_thread_blocked, id=48171, stack(0xa0f80000,0xa1000000)]
  0xa2dfb000 JavaThread "C1 CompilerThread8" daemon [_thread_blocked, id=48170, stack(0xa1180000,0xa1200000)]
  0xa2df9400 JavaThread "C2 CompilerThread7" daemon [_thread_blocked, id=48169, stack(0xa1380000,0xa1400000)]
  0xa2df7c00 JavaThread "C2 CompilerThread6" daemon [_thread_blocked, id=48168, stack(0xa1580000,0xa1600000)]
  0xa2df6400 JavaThread "C2 CompilerThread5" daemon [_thread_blocked, id=48167, stack(0xa1780000,0xa1800000)]
  0xa2df4800 JavaThread "C2 CompilerThread4" daemon [_thread_blocked, id=48166, stack(0xa1980000,0xa1a00000)]
  0xa2df3000 JavaThread "C2 CompilerThread3" daemon [_thread_blocked, id=48165, stack(0xa1b80000,0xa1c00000)]
  0xa2df1400 JavaThread "C2 CompilerThread2" daemon [_thread_blocked, id=48164, stack(0xa1d80000,0xa1e00000)]
  0xa2defc00 JavaThread "C2 CompilerThread1" daemon [_thread_blocked, id=48163, stack(0xa1f80000,0xa2000000)]
  0xa2dee400 JavaThread "C2 CompilerThread0" daemon [_thread_blocked, id=48162, stack(0xa2280000,0xa2300000)]
  0xa2dec000 JavaThread "Monitor Ctrl-Break" daemon [_thread_in_native, id=48161, stack(0xa652e000,0xa657f000)]
  0xa2dd3800 JavaThread "Signal Dispatcher" daemon [_thread_blocked, id=48160, stack(0xa672e000,0xa677f000)]
  0xa2db8c00 JavaThread "Finalizer" daemon [_thread_blocked, id=48159, stack(0xa692e000,0xa697f000)]
  0xa2db6000 JavaThread "Reference Handler" daemon [_thread_blocked, id=48158, stack(0xa6b2e000,0xa6b7f000)]
=>0xf6b09800 JavaThread "main" [_thread_in_vm, id=48143, stack(0xf6c16000,0xf6c66000)]

Other Threads:
  0xa2db0400 VMThread [stack: 0xa2f53000,0xa2fd3000] [id=48157]
  0xa0a0cc00 WatcherThread [stack: 0x9ec7f000,0x9ecff000] [id=48175]

VM state:not at safepoint (normal execution)

VM Mutex/Monitor currently owned by a thread:  ([mutex/lock_event])
[0xf6b082c0] AdapterHandlerLibrary_lock - owner thread: 0xf6b09800

Heap:
 PSYoungGen      total 19200K, used 2330K [0xd20c0000, 0xd3600000, 0xe7600000)
  eden space 16640K, 14% used [0xd20c0000,0xd23068e0,0xd3100000)
  from space 2560K, 0% used [0xd3380000,0xd3380000,0xd3600000)
  to   space 2560K, 0% used [0xd3100000,0xd3100000,0xd3380000)
 ParOldGen       total 43776K, used 0K [0xa7600000, 0xaa0c0000, 0xd20c0000)
  object space 43776K, 0% used [0xa7600000,0xa7600000,0xaa0c0000)
 Metaspace       used 2249K, capacity 2272K, committed 2328K, reserved 4400K

Card table byte_map: [0xa73ff000,0xa7600000] byte_map_base: 0xa6ec4000

Marking Bits: (ParMarkBitMap*) 0xf794b140
 Begin Bits: [0xa3a00000, 0xa4a00000)
 End Bits:   [0xa4a00000, 0xa5a00000)

Polling page: 0xf7fc9000

CodeCache: size=245760Kb used=1666Kb max_used=1666Kb free=244093Kb
 bounds [0xe7aa3000, 0xe7ce3000, 0xf6aa3000]
 total_blobs=258 nmethods=94 adapters=75
 compilation: enabled

Compilation events (10 events):
Event: 0.041 Thread 0xa2dffc00   86       3       java.util.HashMap::getNode (148 bytes)
Event: 0.041 Thread 0xa2dfb000   87       3       sun.misc.MetaIndex::mayContain (51 bytes)
Event: 0.041 Thread 0xa2dfc800   89  s!   3       sun.misc.URLClassPath::getLoader (243 bytes)
Event: 0.041 Thread 0xa2dfe000   88  s    3       sun.misc.URLClassPath::getNextLoader (88 bytes)
Event: 0.041 Thread 0xa2dfb000 nmethod 87 0xe7c3c3c8 code [0xe7c3c520, 0xe7c3ca18]
Event: 0.042 Thread 0xa2dfe000 nmethod 88 0xe7c3f848 code [0xe7c3f9e0, 0xe7c40044]
Event: 0.042 Thread 0xa2dffc00 nmethod 86 0xe7c3ed08 code [0xe7c3ee80, 0xe7c3f5a4]
Event: 0.042 Thread 0xa2dfb000   93       3       java.lang.Math::max (11 bytes)
Event: 0.042 Thread 0xa2dfe000   90       3       java.lang.ref.Reference::<init> (25 bytes)
Event: 0.042 Thread 0xa2dffc00   92       3       java.util.Arrays::copyOf (19 bytes)

GC Heap History (0 events):
No events

Deoptimization events (0 events):
No events

Classes redefined (0 events):
No events

Internal exceptions (5 events):
Event: 0.013 Thread 0xf6b09800 Exception <a 'java/lang/NoSuchMethodError': Method sun.misc.Unsafe.defineClass(Ljava/lang/String;[BII)Ljava/lang/Class; name or signature does not match> (0xd20c6ec0) thrown at [/scratch/jenkins/workspace/8-2-build-linux-i586-sans-NAS/jdk8u381/237/hotspot
Event: 0.013 Thread 0xf6b09800 Exception <a 'java/lang/NoSuchMethodError': Method sun.misc.Unsafe.prefetchRead(Ljava/lang/Object;J)V name or signature does not match> (0xd20c7190) thrown at [/scratch/jenkins/workspace/8-2-build-linux-i586-sans-NAS/jdk8u381/237/hotspot/src/share/vm/prim
Event: 0.028 Thread 0xf6b09800 Exception <a 'java/util/zip/ZipException'> (0xd213ea38) thrown at [/scratch/jenkins/workspace/8-2-build-linux-i586-sans-NAS/jdk8u381/237/hotspot/src/share/vm/prims/jni.cpp, line 710]
Event: 0.028 Thread 0xf6b09800 Exception <a 'java/security/PrivilegedActionException'> (0xd213f140) thrown at [/scratch/jenkins/workspace/8-2-build-linux-i586-sans-NAS/jdk8u381/237/hotspot/src/share/vm/prims/jvm.cpp, line 1513]
Event: 0.028 Thread 0xf6b09800 Exception <a 'java/security/PrivilegedActionException'> (0xd213f340) thrown at [/scratch/jenkins/workspace/8-2-build-linux-i586-sans-NAS/jdk8u381/237/hotspot/src/share/vm/prims/jvm.cpp, line 1513]

Events (10 events):
Event: 0.041 loading class org/apache/maven/cli/MavenCli
Event: 0.041 loading class org/apache/maven/cli/MavenCli done
Event: 0.041 loading class java/util/TreeMap$KeySet
Event: 0.041 loading class java/util/TreeMap$KeySet done
Event: 0.041 loading class java/util/TreeMap$KeyIterator
Event: 0.041 loading class java/util/TreeMap$PrivateEntryIterator
Event: 0.041 loading class java/util/TreeMap$PrivateEntryIterator done
Event: 0.041 loading class java/util/TreeMap$KeyIterator done
Event: 0.041 loading class sun/misc/URLClassPath$FileLoader
Event: 0.041 loading class sun/misc/URLClassPath$FileLoader done


Dynamic libraries:
08048000-08049000 r-xp 00000000 103:0b 7877835                           /usr/lib/jvm/jdk1.8.0_381/bin/java
08049000-0804a000 r--p 00000000 103:0b 7877835                           /usr/lib/jvm/jdk1.8.0_381/bin/java
0804a000-0804b000 rw-p 00001000 103:0b 7877835                           /usr/lib/jvm/jdk1.8.0_381/bin/java
08d28000-08d4a000 rw-p 00000000 00:00 0                                  [heap]
9ea14000-9ec7e000 rw-p 00000000 00:00 0 
9ec7e000-9ec7f000 ---p 00000000 00:00 0 
9ec7f000-a0900000 rw-p 00000000 00:00 0 
a0900000-a0921000 rw-p 00000000 00:00 0 
a0921000-a0a00000 ---p 00000000 00:00 0 
a0a00000-a0a69000 rw-p 00000000 00:00 0 
a0a69000-a0b00000 ---p 00000000 00:00 0 
a0b7f000-a0b80000 ---p 00000000 00:00 0 
a0b80000-a0b83000 ---p 00000000 00:00 0 
a0b83000-a0c00000 rw-p 00000000 00:00 0 
a0c00000-a0c21000 rw-p 00000000 00:00 0 
a0c21000-a0d00000 ---p 00000000 00:00 0 
a0d7f000-a0d80000 ---p 00000000 00:00 0 
a0d80000-a0d83000 ---p 00000000 00:00 0 
a0d83000-a0e00000 rw-p 00000000 00:00 0 
a0e00000-a0e23000 rw-p 00000000 00:00 0 
a0e23000-a0f00000 ---p 00000000 00:00 0 
a0f7f000-a0f80000 ---p 00000000 00:00 0 
a0f80000-a0f83000 ---p 00000000 00:00 0 
a0f83000-a1000000 rw-p 00000000 00:00 0 
a1000000-a1021000 rw-p 00000000 00:00 0 
a1021000-a1100000 ---p 00000000 00:00 0 
a117f000-a1180000 ---p 00000000 00:00 0 
a1180000-a1183000 ---p 00000000 00:00 0 
a1183000-a1200000 rw-p 00000000 00:00 0 
a1200000-a1221000 rw-p 00000000 00:00 0 
a1221000-a1300000 ---p 00000000 00:00 0 
a137f000-a1380000 ---p 00000000 00:00 0 
a1380000-a1383000 ---p 00000000 00:00 0 
a1383000-a1400000 rw-p 00000000 00:00 0 
a1400000-a1421000 rw-p 00000000 00:00 0 
a1421000-a1500000 ---p 00000000 00:00 0 
a157f000-a1580000 ---p 00000000 00:00 0 
a1580000-a1583000 ---p 00000000 00:00 0 
a1583000-a1600000 rw-p 00000000 00:00 0 
a1600000-a1621000 rw-p 00000000 00:00 0 
a1621000-a1700000 ---p 00000000 00:00 0 
a177f000-a1780000 ---p 00000000 00:00 0 
a1780000-a1783000 ---p 00000000 00:00 0 
a1783000-a1800000 rw-p 00000000 00:00 0 
a1800000-a1821000 rw-p 00000000 00:00 0 
a1821000-a1900000 ---p 00000000 00:00 0 
a197f000-a1980000 ---p 00000000 00:00 0 
a1980000-a1983000 ---p 00000000 00:00 0 
a1983000-a1a00000 rw-p 00000000 00:00 0 
a1a00000-a1a21000 rw-p 00000000 00:00 0 
a1a21000-a1b00000 ---p 00000000 00:00 0 
a1b7f000-a1b80000 ---p 00000000 00:00 0 
a1b80000-a1b83000 ---p 00000000 00:00 0 
a1b83000-a1c00000 rw-p 00000000 00:00 0 
a1c00000-a1c21000 rw-p 00000000 00:00 0 
a1c21000-a1d00000 ---p 00000000 00:00 0 
a1d7f000-a1d80000 ---p 00000000 00:00 0 
a1d80000-a1d83000 ---p 00000000 00:00 0 
a1d83000-a1e00000 rw-p 00000000 00:00 0 
a1e00000-a1e21000 rw-p 00000000 00:00 0 
a1e21000-a1f00000 ---p 00000000 00:00 0 
a1f7f000-a1f80000 ---p 00000000 00:00 0 
a1f80000-a1f83000 ---p 00000000 00:00 0 
a1f83000-a2000000 rw-p 00000000 00:00 0 
a2000000-a205e000 rw-p 00000000 00:00 0 
a205e000-a2100000 ---p 00000000 00:00 0 
a2100000-a213a000 rw-p 00000000 00:00 0 
a213a000-a2200000 ---p 00000000 00:00 0 
a227f000-a2280000 ---p 00000000 00:00 0 
a2280000-a2283000 ---p 00000000 00:00 0 
a2283000-a2300000 rw-p 00000000 00:00 0 
a2300000-a2600000 r--p 002e4000 103:0b 7865283                           /usr/lib/locale/locale-archive
a2600000-a2800000 r--p 00000000 103:0b 7865283                           /usr/lib/locale/locale-archive
a2800000-a2821000 rw-p 00000000 00:00 0 
a2821000-a2900000 ---p 00000000 00:00 0 
a2900000-a2921000 rw-p 00000000 00:00 0 
a2921000-a2a00000 ---p 00000000 00:00 0 
a2a00000-a2a21000 rw-p 00000000 00:00 0 
a2a21000-a2b00000 ---p 00000000 00:00 0 
a2b00000-a2b21000 rw-p 00000000 00:00 0 
a2b21000-a2c00000 ---p 00000000 00:00 0 
a2c00000-a2cf2000 rw-p 00000000 00:00 0 
a2cf2000-a2d00000 ---p 00000000 00:00 0 
a2d00000-a2e00000 rw-p 00000000 00:00 0 
a2e00000-a2ef1000 rw-p 00000000 00:00 0 
a2ef1000-a2f00000 ---p 00000000 00:00 0 
a2f52000-a2f53000 ---p 00000000 00:00 0 
a2f53000-a2fd3000 rw-p 00000000 00:00 0 
a2fd3000-a31b4000 r--s 03ec2000 103:0b 7878079                           /usr/lib/jvm/jdk1.8.0_381/jre/lib/rt.jar
a31b4000-a33fa000 rw-p 00000000 00:00 0 
a33fa000-a3600000 ---p 00000000 00:00 0 
a3600000-a5a00000 rw-p 00000000 00:00 0 
a5a00000-a5a21000 rw-p 00000000 00:00 0 
a5a21000-a5b00000 ---p 00000000 00:00 0 
a5b7f000-a5b80000 ---p 00000000 00:00 0 
a5b80000-a5c00000 rw-p 00000000 00:00 0 
a5c00000-a5c21000 rw-p 00000000 00:00 0 
a5c21000-a5d00000 ---p 00000000 00:00 0 
a5d7f000-a5d80000 ---p 00000000 00:00 0 
a5d80000-a5e00000 rw-p 00000000 00:00 0 
a5e00000-a5e21000 rw-p 00000000 00:00 0 
a5e21000-a5f00000 ---p 00000000 00:00 0 
a5f7f000-a5f80000 ---p 00000000 00:00 0 
a5f80000-a6000000 rw-p 00000000 00:00 0 
a6000000-a6021000 rw-p 00000000 00:00 0 
a6021000-a6100000 ---p 00000000 00:00 0 
a617f000-a6180000 ---p 00000000 00:00 0 
a6180000-a6200000 rw-p 00000000 00:00 0 
a6200000-a6221000 rw-p 00000000 00:00 0 
a6221000-a6300000 ---p 00000000 00:00 0 
a632e000-a6331000 ---p 00000000 00:00 0 
a6331000-a637f000 rw-p 00000000 00:00 0 
a637f000-a6380000 ---p 00000000 00:00 0 
a6380000-a6400000 rw-p 00000000 00:00 0 
a6400000-a6421000 rw-p 00000000 00:00 0 
a6421000-a6500000 ---p 00000000 00:00 0 
a652e000-a6531000 ---p 00000000 00:00 0 
a6531000-a657f000 rw-p 00000000 00:00 0 
a657f000-a6580000 ---p 00000000 00:00 0 
a6580000-a6600000 rw-p 00000000 00:00 0 
a6600000-a6621000 rw-p 00000000 00:00 0 
a6621000-a6700000 ---p 00000000 00:00 0 
a672e000-a6731000 ---p 00000000 00:00 0 
a6731000-a677f000 rw-p 00000000 00:00 0 
a677f000-a6780000 ---p 00000000 00:00 0 
a6780000-a6800000 rw-p 00000000 00:00 0 
a6800000-a6821000 rw-p 00000000 00:00 0 
a6821000-a6900000 ---p 00000000 00:00 0 
a692e000-a6931000 ---p 00000000 00:00 0 
a6931000-a697f000 rw-p 00000000 00:00 0 
a697f000-a6980000 ---p 00000000 00:00 0 
a6980000-a6a00000 rw-p 00000000 00:00 0 
a6a00000-a6a21000 rw-p 00000000 00:00 0 
a6a21000-a6b00000 ---p 00000000 00:00 0 
a6b2e000-a6b31000 ---p 00000000 00:00 0 
a6b31000-a6b7f000 rw-p 00000000 00:00 0 
a6b7f000-a6b80000 ---p 00000000 00:00 0 
a6b80000-a6c00000 rw-p 00000000 00:00 0 
a6c00000-a6c21000 rw-p 00000000 00:00 0 
a6c21000-a6d00000 ---p 00000000 00:00 0 
a6d2e000-a6d7f000 rw-p 00000000 00:00 0 
a6d7f000-a6d80000 ---p 00000000 00:00 0 
a6d80000-a6e00000 rw-p 00000000 00:00 0 
a6e00000-a6e21000 rw-p 00000000 00:00 0 
a6e21000-a6f00000 ---p 00000000 00:00 0 
a6f00000-a6f21000 rw-p 00000000 00:00 0 
a6f21000-a7000000 ---p 00000000 00:00 0 
a7024000-a707f000 rw-p 00000000 00:00 0 
a707f000-a7080000 ---p 00000000 00:00 0 
a7080000-a7100000 rw-p 00000000 00:00 0 
a7100000-a7121000 rw-p 00000000 00:00 0 
a7121000-a7200000 ---p 00000000 00:00 0 
a7228000-a7229000 ---p 00000000 00:00 0 
a7229000-a72bf000 rw-p 00000000 00:00 0 
a72bf000-a73ff000 ---p 00000000 00:00 0 
a73ff000-a7415000 rw-p 00000000 00:00 0 
a7415000-a7554000 ---p 00000000 00:00 0 
a7554000-a755f000 rw-p 00000000 00:00 0 
a755f000-a75ff000 ---p 00000000 00:00 0 
a75ff000-aa0c0000 rw-p 00000000 00:00 0 
aa0c0000-d20c0000 ---p 00000000 00:00 0 
d20c0000-d3600000 rw-p 00000000 00:00 0 
d3600000-e7600000 ---p 00000000 00:00 0 
e762f000-e7632000 r--s 00008000 103:0d 1334957                           /opt/apps/com.jetbrains.intellij-idea-ultimate/files/plugins/maven/lib/maven3/lib/cdi-api-1.0.jar
e7632000-e7648000 r-xp 00000000 103:0b 7877909                           /usr/lib/jvm/jdk1.8.0_381/jre/lib/i386/libnet.so
e7648000-e7649000 r--p 00015000 103:0b 7877909                           /usr/lib/jvm/jdk1.8.0_381/jre/lib/i386/libnet.so
e7649000-e764a000 rw-p 00016000 103:0b 7877909                           /usr/lib/jvm/jdk1.8.0_381/jre/lib/i386/libnet.so
e764a000-e7662000 rw-p 00000000 00:00 0 
e7662000-e7663000 ---p 00000000 00:00 0 
e7663000-e76ec000 rw-p 00000000 00:00 0 
e76ec000-e7aa3000 ---p 00000000 00:00 0 
e7aa3000-e7ce3000 rwxp 00000000 00:00 0 
e7ce3000-f6aa3000 ---p 00000000 00:00 0 
f6aa3000-f6aa5000 r--p 00000000 103:0b 8008338                           /usr/lib32/libnss_files-2.28.so
f6aa5000-f6aac000 r-xp 00002000 103:0b 8008338                           /usr/lib32/libnss_files-2.28.so
f6aac000-f6aaf000 r--p 00009000 103:0b 8008338                           /usr/lib32/libnss_files-2.28.so
f6aaf000-f6ab0000 ---p 0000c000 103:0b 8008338                           /usr/lib32/libnss_files-2.28.so
f6ab0000-f6ab1000 r--p 0000c000 103:0b 8008338                           /usr/lib32/libnss_files-2.28.so
f6ab1000-f6ab2000 rw-p 0000d000 103:0b 8008338                           /usr/lib32/libnss_files-2.28.so
f6ab2000-f6ab8000 rw-p 00000000 00:00 0 
f6ab8000-f6aba000 r--s 0000c000 103:0d 1335037                           /opt/apps/com.jetbrains.intellij-idea-ultimate/files/plugins/maven/lib/maven3/lib/wagon-provider-api-3.4.3.jar
f6aba000-f6ad5000 r-xp 00000000 103:0b 7877908                           /usr/lib/jvm/jdk1.8.0_381/jre/lib/i386/libzip.so
f6ad5000-f6ad6000 r--p 0001a000 103:0b 7877908                           /usr/lib/jvm/jdk1.8.0_381/jre/lib/i386/libzip.so
f6ad6000-f6ad7000 rw-p 0001b000 103:0b 7877908                           /usr/lib/jvm/jdk1.8.0_381/jre/lib/i386/libzip.so
f6ad7000-f6afe000 r-xp 00000000 103:0b 7877905                           /usr/lib/jvm/jdk1.8.0_381/jre/lib/i386/libjava.so
f6afe000-f6aff000 r--p 00026000 103:0b 7877905                           /usr/lib/jvm/jdk1.8.0_381/jre/lib/i386/libjava.so
f6aff000-f6b00000 rw-p 00027000 103:0b 7877905                           /usr/lib/jvm/jdk1.8.0_381/jre/lib/i386/libjava.so
f6b00000-f6bf3000 rw-p 00000000 00:00 0 
f6bf3000-f6c00000 ---p 00000000 00:00 0 
f6c00000-f6c01000 r--s 00006000 103:0d 1335029                           /opt/apps/com.jetbrains.intellij-idea-ultimate/files/plugins/maven/lib/maven3/lib/plexus-sec-dispatcher-1.4.jar
f6c01000-f6c02000 r--s 00005000 103:0d 1335018                           /opt/apps/com.jetbrains.intellij-idea-ultimate/files/plugins/maven/lib/maven3/lib/maven-slf4j-provider-3.8.1.jar
f6c02000-f6c0a000 rw-s 00000000 103:0b 5505494                           /tmp/hsperfdata_MuLeiSY/48142
f6c0a000-f6c0c000 r--p 00000000 103:0b 8008345                           /usr/lib32/librt-2.28.so
f6c0c000-f6c10000 r-xp 00002000 103:0b 8008345                           /usr/lib32/librt-2.28.so
f6c10000-f6c12000 r--p 00006000 103:0b 8008345                           /usr/lib32/librt-2.28.so
f6c12000-f6c13000 ---p 00008000 103:0b 8008345                           /usr/lib32/librt-2.28.so
f6c13000-f6c14000 r--p 00008000 103:0b 8008345                           /usr/lib32/librt-2.28.so
f6c14000-f6c15000 rw-p 00009000 103:0b 8008345                           /usr/lib32/librt-2.28.so
f6c15000-f6c16000 ---p 00000000 00:00 0 
f6c16000-f6c19000 ---p 00000000 00:00 0 
f6c19000-f6c66000 rw-p 00000000 00:00 0 
f6c66000-f6c70000 r--p 00000000 103:0b 8008261                           /usr/lib32/libm-2.28.so
f6c70000-f6cf9000 r-xp 0000a000 103:0b 8008261                           /usr/lib32/libm-2.28.so
f6cf9000-f6d33000 r--p 00093000 103:0b 8008261                           /usr/lib32/libm-2.28.so
f6d33000-f6d34000 r--p 000cc000 103:0b 8008261                           /usr/lib32/libm-2.28.so
f6d34000-f6d35000 rw-p 000cd000 103:0b 8008261                           /usr/lib32/libm-2.28.so
f6d35000-f78d3000 r-xp 00000000 103:0b 7877883                           /usr/lib/jvm/jdk1.8.0_381/jre/lib/i386/server/libjvm.so
f78d3000-f78d4000 ---p 00b9e000 103:0b 7877883                           /usr/lib/jvm/jdk1.8.0_381/jre/lib/i386/server/libjvm.so
f78d4000-f791a000 r--p 00b9e000 103:0b 7877883                           /usr/lib/jvm/jdk1.8.0_381/jre/lib/i386/server/libjvm.so
f791a000-f7937000 rw-p 00be4000 103:0b 7877883                           /usr/lib/jvm/jdk1.8.0_381/jre/lib/i386/server/libjvm.so
f7937000-f7d5e000 rw-p 00000000 00:00 0 
f7d5e000-f7d77000 r--p 00000000 103:0b 8008249                           /usr/lib32/libc-2.28.so
f7d77000-f7ec5000 r-xp 00019000 103:0b 8008249                           /usr/lib32/libc-2.28.so
f7ec5000-f7f35000 r--p 00167000 103:0b 8008249                           /usr/lib32/libc-2.28.so
f7f35000-f7f36000 ---p 001d7000 103:0b 8008249                           /usr/lib32/libc-2.28.so
f7f36000-f7f38000 r--p 001d7000 103:0b 8008249                           /usr/lib32/libc-2.28.so
f7f38000-f7f39000 rw-p 001d9000 103:0b 8008249                           /usr/lib32/libc-2.28.so
f7f39000-f7f3c000 rw-p 00000000 00:00 0 
f7f3c000-f7f3d000 r--p 00000000 103:0b 8008260                           /usr/lib32/libdl-2.28.so
f7f3d000-f7f3f000 r-xp 00001000 103:0b 8008260                           /usr/lib32/libdl-2.28.so
f7f3f000-f7f40000 r--p 00003000 103:0b 8008260                           /usr/lib32/libdl-2.28.so
f7f40000-f7f41000 r--p 00003000 103:0b 8008260                           /usr/lib32/libdl-2.28.so
f7f41000-f7f42000 rw-p 00004000 103:0b 8008260                           /usr/lib32/libdl-2.28.so
f7f42000-f7f58000 r-xp 00000000 103:0b 7878387                           /usr/lib/jvm/jdk1.8.0_381/lib/i386/jli/libjli.so
f7f58000-f7f59000 r--p 00015000 103:0b 7878387                           /usr/lib/jvm/jdk1.8.0_381/lib/i386/jli/libjli.so
f7f59000-f7f5a000 rw-p 00016000 103:0b 7878387                           /usr/lib/jvm/jdk1.8.0_381/lib/i386/jli/libjli.so
f7f5a000-f7f5f000 r--p 00000000 103:0b 8008343                           /usr/lib32/libpthread-2.28.so
f7f5f000-f7f6f000 r-xp 00005000 103:0b 8008343                           /usr/lib32/libpthread-2.28.so
f7f6f000-f7f76000 r--p 00015000 103:0b 8008343                           /usr/lib32/libpthread-2.28.so
f7f76000-f7f77000 ---p 0001c000 103:0b 8008343                           /usr/lib32/libpthread-2.28.so
f7f77000-f7f78000 r--p 0001c000 103:0b 8008343                           /usr/lib32/libpthread-2.28.so
f7f78000-f7f79000 rw-p 0001d000 103:0b 8008343                           /usr/lib32/libpthread-2.28.so
f7f79000-f7f7b000 rw-p 00000000 00:00 0 
f7f7b000-f7f7d000 r--s 0001f000 103:0d 1333675                           /opt/apps/com.jetbrains.intellij-idea-ultimate/files/lib/idea_rt.jar
f7f7d000-f7f7f000 r--s 0000b000 103:0d 1334949                           /opt/apps/com.jetbrains.intellij-idea-ultimate/files/plugins/maven/lib/maven3/boot/plexus-classworlds-2.6.0.jar
f7f7f000-f7f89000 r-xp 00000000 103:0b 7877914                           /usr/lib/jvm/jdk1.8.0_381/jre/lib/i386/libinstrument.so
f7f89000-f7f8a000 r--p 00009000 103:0b 7877914                           /usr/lib/jvm/jdk1.8.0_381/jre/lib/i386/libinstrument.so
f7f8a000-f7f8b000 rw-p 0000a000 103:0b 7877914                           /usr/lib/jvm/jdk1.8.0_381/jre/lib/i386/libinstrument.so
f7f8b000-f7f8c000 rw-p 00000000 00:00 0 
f7f8c000-f7f97000 r-xp 00000000 103:0b 7877894                           /usr/lib/jvm/jdk1.8.0_381/jre/lib/i386/libverify.so
f7f97000-f7f98000 ---p 0000b000 103:0b 7877894                           /usr/lib/jvm/jdk1.8.0_381/jre/lib/i386/libverify.so
f7f98000-f7f99000 r--p 0000b000 103:0b 7877894                           /usr/lib/jvm/jdk1.8.0_381/jre/lib/i386/libverify.so
f7f99000-f7f9a000 rw-p 0000c000 103:0b 7877894                           /usr/lib/jvm/jdk1.8.0_381/jre/lib/i386/libverify.so
f7f9a000-f7f9c000 rw-p 00000000 00:00 0 
f7f9c000-f7fa0000 r--p 00000000 00:00 0                                  [vvar]
f7fa0000-f7fa2000 r-xp 00000000 00:00 0                                  [vdso]
f7fa2000-f7fa3000 r--p 00000000 103:0b 7995462                           /usr/lib32/ld-2.28.so
f7fa3000-f7fbf000 r-xp 00001000 103:0b 7995462                           /usr/lib32/ld-2.28.so
f7fbf000-f7fc9000 r--p 0001d000 103:0b 7995462                           /usr/lib32/ld-2.28.so
f7fc9000-f7fca000 r--p 00000000 00:00 0 
f7fca000-f7fcb000 r--p 00027000 103:0b 7995462                           /usr/lib32/ld-2.28.so
f7fcb000-f7fcc000 rw-p 00028000 103:0b 7995462                           /usr/lib32/ld-2.28.so
ffc76000-ffc97000 rw-p 00000000 00:00 0                                  [stack]

VM Arguments:
jvm_args: -Dmaven.multiModuleProjectDirectory=/home/MuLeiSY/IdeaProjects/RisegerDB -Djansi.passthrough=true -Dmaven.home=/opt/apps/com.jetbrains.intellij-idea-ultimate/files/plugins/maven/lib/maven3 -Dclassworlds.conf=/opt/apps/com.jetbrains.intellij-idea-ultimate/files/plugins/maven/lib/maven3/bin/m2.conf -Dmaven.ext.class.path=/opt/apps/com.jetbrains.intellij-idea-ultimate/files/plugins/maven/lib/maven-event-listener.jar -javaagent:/opt/apps/com.jetbrains.intellij-idea-ultimate/files/lib/idea_rt.jar=40747:/opt/apps/com.jetbrains.intellij-idea-ultimate/files/bin -Dfile.encoding=UTF-8 
java_command: org.codehaus.classworlds.Launcher -Didea.version=2023.1.2 --offline -DskipTests=true verify
java_class_path (initial): /opt/apps/com.jetbrains.intellij-idea-ultimate/files/plugins/maven/lib/maven3/boot/plexus-classworlds-2.6.0.jar:/opt/apps/com.jetbrains.intellij-idea-ultimate/files/plugins/maven/lib/maven3/boot/plexus-classworlds.license:/opt/apps/com.jetbrains.intellij-idea-ultimate/files/lib/idea_rt.jar
Launcher Type: SUN_STANDARD

Environment Variables:
JAVA_HOME=/usr/lib/jvm/jdk1.8.0_381
CLASSPATH=.:/usr/lib/jvm/jdk1.8.0_381/lib/dt.jar:/usr/lib/jvm/jdk1.8.0_381/lib/tools.jar
PATH=/usr/lib/jvm/jdk1.8.0_381/bin:/usr/local/bin:/usr/bin:/bin:/usr/local/games:/usr/games:/sbin:/usr/sbin
SHELL=/bin/bash
DISPLAY=:0

Signal Handlers:
SIGSEGV: [libjvm.so+0x95da20], sa_mask[0]=11111111011111111101111111111110, sa_flags=SA_RESTART|SA_SIGINFO
SIGBUS: [libjvm.so+0x95da20], sa_mask[0]=11111111011111111101111111111110, sa_flags=SA_RESTART|SA_SIGINFO
SIGFPE: [libjvm.so+0x95da20], sa_mask[0]=11111111011111111101111111111110, sa_flags=SA_RESTART|SA_SIGINFO
SIGPIPE: [libjvm.so+0x7aecc0], sa_mask[0]=11111111011111111101111111111110, sa_flags=SA_RESTART|SA_SIGINFO
SIGXFSZ: [libjvm.so+0x7aecc0], sa_mask[0]=11111111011111111101111111111110, sa_flags=SA_RESTART|SA_SIGINFO
SIGILL: [libjvm.so+0x95da20], sa_mask[0]=11111111011111111101111111111110, sa_flags=SA_RESTART|SA_SIGINFO
SIGUSR1: SIG_DFL, sa_mask[0]=00000000000000000000000000000000, sa_flags=none
SIGUSR2: [libjvm.so+0x7aed30], sa_mask[0]=00100000000000000000000000000000, sa_flags=SA_RESTART|SA_SIGINFO
SIGHUP: SIG_IGN, sa_mask[0]=00000000000000000000000000000000, sa_flags=none
SIGINT: [libjvm.so+0x7af5f0], sa_mask[0]=11111111011111111101111111111110, sa_flags=SA_RESTART|SA_SIGINFO
SIGTERM: [libjvm.so+0x7af5f0], sa_mask[0]=11111111011111111101111111111110, sa_flags=SA_RESTART|SA_SIGINFO
SIGQUIT: [libjvm.so+0x7af5f0], sa_mask[0]=11111111011111111101111111111110, sa_flags=SA_RESTART|SA_SIGINFO


---------------  S Y S T E M  ---------------

OS:DISTRIB_ID=Deepin
DISTRIB_RELEASE=20.9
DISTRIB_DESCRIPTION="Deepin 20.9"
DISTRIB_CODENAME=apricot

uname:Linux 5.15.77-amd64-desktop #2 SMP Thu Jun 15 16:06:18 CST 2023 x86_64
libc:glibc 2.28 NPTL 2.28 
rlimit: STACK 8192k, CORE 0k, NPROC 159246, NOFILE 1048576, AS infinity
load average:0.42 0.57 0.75

/proc/meminfo:
MemTotal:       40869184 kB
MemFree:        23980148 kB
MemAvailable:   33423552 kB
Buffers:           10808 kB
Cached:          9038700 kB
SwapCached:            0 kB
Active:          2715128 kB
Inactive:       12374244 kB
Active(anon):       4780 kB
Inactive(anon):  6178136 kB
Active(file):    2710348 kB
Inactive(file):  6196108 kB
Unevictable:         232 kB
Mlocked:             112 kB
SwapTotal:      16777212 kB
SwapFree:       16777212 kB
Dirty:              1956 kB
Writeback:            32 kB
AnonPages:       6040144 kB
Mapped:          2152264 kB
Shmem:            266500 kB
KReclaimable:    1073644 kB
Slab:            1276920 kB
SReclaimable:    1073644 kB
SUnreclaim:       203276 kB
KernelStack:       32576 kB
PageTables:        73084 kB
NFS_Unstable:          0 kB
Bounce:                0 kB
WritebackTmp:          0 kB
CommitLimit:    37211804 kB
Committed_AS:   17960356 kB
VmallocTotal:   34359738367 kB
VmallocUsed:      135628 kB
VmallocChunk:          0 kB
Percpu:            11840 kB
HardwareCorrupted:     0 kB
AnonHugePages:      8192 kB
ShmemHugePages:        0 kB
ShmemPmdMapped:        0 kB
FileHugePages:         0 kB
FilePmdMapped:         0 kB
CmaTotal:              0 kB
CmaFree:               0 kB
HugePages_Total:       0
HugePages_Free:        0
HugePages_Rsvd:        0
HugePages_Surp:        0
Hugepagesize:       2048 kB
Hugetlb:               0 kB
DirectMap4k:      710336 kB
DirectMap2M:    11651072 kB
DirectMap1G:    29360128 kB

container (cgroup) information:
container_type: cgroupv1
cpu_cpuset_cpus: 0-15
cpu_memory_nodes: 0
active_processor_count: 16
cpu_quota: no quota
cpu_period: 100000
cpu_shares: no shares
memory_limit_in_bytes: unlimited
memory_and_swap_limit_in_bytes: unlimited
memory_soft_limit_in_bytes: unlimited
memory_usage_in_bytes: 8857104 k
memory_max_usage_in_bytes: 12061056 k
kernel_memory_usage_in_bytes: 589416 k
kernel_memory_max_usage_in_bytes: unlimited
kernel_memory_limit_in_bytes: 924644 k
maximum number of tasks: unlimited
current number of tasks: 1319


CPU:total 16 (initial active 16) (8 cores per cpu, 2 threads per core) family 6 model 141 stepping 1, cmov, cx8, fxsr, mmx, sse, sse2, sse3, ssse3, sse4.1, sse4.2, popcnt, avx, avx2, aes, clmul, erms, 3dnowpref, lzcnt, ht, tsc, tscinvbit, bmi1, bmi2, adx

/proc/cpuinfo:
processor	: 0
vendor_id	: GenuineIntel
cpu family	: 6
model		: 141
model name	: 11th Gen Intel(R) Core(TM) i7-11800H @ 2.30GHz
stepping	: 1
microcode	: 0x3e
cpu MHz		: 2300.000
cache size	: 24576 KB
physical id	: 0
siblings	: 16
core id		: 0
cpu cores	: 8
apicid		: 0
initial apicid	: 0
fpu		: yes
fpu_exception	: yes
cpuid level	: 27
wp		: yes
flags		: fpu vme de pse tsc msr pae mce cx8 apic sep mtrr pge mca cmov pat pse36 clflush dts acpi mmx fxsr sse sse2 ss ht tm pbe syscall nx pdpe1gb rdtscp lm constant_tsc art arch_perfmon pebs bts rep_good nopl xtopology nonstop_tsc cpuid aperfmperf tsc_known_freq pni pclmulqdq dtes64 monitor ds_cpl vmx est tm2 ssse3 sdbg fma cx16 xtpr pdcm pcid sse4_1 sse4_2 x2apic movbe popcnt tsc_deadline_timer aes xsave avx f16c rdrand lahf_lm abm 3dnowprefetch cpuid_fault epb cat_l2 invpcid_single cdp_l2 ssbd ibrs ibpb stibp ibrs_enhanced tpr_shadow vnmi flexpriority ept vpid ept_ad fsgsbase tsc_adjust bmi1 avx2 smep bmi2 erms invpcid rdt_a avx512f avx512dq rdseed adx smap avx512ifma clflushopt clwb intel_pt avx512cd sha_ni avx512bw avx512vl xsaveopt xsavec xgetbv1 xsaves split_lock_detect dtherm ida arat pln pts hwp hwp_notify hwp_act_window hwp_epp hwp_pkg_req avx512vbmi umip pku ospke avx512_vbmi2 gfni vaes vpclmulqdq avx512_vnni avx512_bitalg avx512_vpopcntdq rdpid movdiri movdir64b fsrm avx512_vp2intersect md_clear flush_l1d arch_capabilities
vmx flags	: vnmi preemption_timer posted_intr invvpid ept_x_only ept_ad ept_1gb flexpriority apicv tsc_offset vtpr mtf vapic ept vpid unrestricted_guest vapic_reg vid ple pml ept_mode_based_exec tsc_scaling
bugs		: spectre_v1 spectre_v2 spec_store_bypass swapgs eibrs_pbrsb
bogomips	: 4608.00
clflush size	: 64
cache_alignment	: 64
address sizes	: 39 bits physical, 48 bits virtual
power management:

processor	: 1
vendor_id	: GenuineIntel
cpu family	: 6
model		: 141
model name	: 11th Gen Intel(R) Core(TM) i7-11800H @ 2.30GHz
stepping	: 1
microcode	: 0x3e
cpu MHz		: 2300.000
cache size	: 24576 KB
physical id	: 0
siblings	: 16
core id		: 1
cpu cores	: 8
apicid		: 2
initial apicid	: 2
fpu		: yes
fpu_exception	: yes
cpuid level	: 27
wp		: yes
flags		: fpu vme de pse tsc msr pae mce cx8 apic sep mtrr pge mca cmov pat pse36 clflush dts acpi mmx fxsr sse sse2 ss ht tm pbe syscall nx pdpe1gb rdtscp lm constant_tsc art arch_perfmon pebs bts rep_good nopl xtopology nonstop_tsc cpuid aperfmperf tsc_known_freq pni pclmulqdq dtes64 monitor ds_cpl vmx est tm2 ssse3 sdbg fma cx16 xtpr pdcm pcid sse4_1 sse4_2 x2apic movbe popcnt tsc_deadline_timer aes xsave avx f16c rdrand lahf_lm abm 3dnowprefetch cpuid_fault epb cat_l2 invpcid_single cdp_l2 ssbd ibrs ibpb stibp ibrs_enhanced tpr_shadow vnmi flexpriority ept vpid ept_ad fsgsbase tsc_adjust bmi1 avx2 smep bmi2 erms invpcid rdt_a avx512f avx512dq rdseed adx smap avx512ifma clflushopt clwb intel_pt avx512cd sha_ni avx512bw avx512vl xsaveopt xsavec xgetbv1 xsaves split_lock_detect dtherm ida arat pln pts hwp hwp_notify hwp_act_window hwp_epp hwp_pkg_req avx512vbmi umip pku ospke avx512_vbmi2 gfni vaes vpclmulqdq avx512_vnni avx512_bitalg avx512_vpopcntdq rdpid movdiri movdir64b fsrm avx512_vp2intersect md_clear flush_l1d arch_capabilities
vmx flags	: vnmi preemption_timer posted_intr invvpid ept_x_only ept_ad ept_1gb flexpriority apicv tsc_offset vtpr mtf vapic ept vpid unrestricted_guest vapic_reg vid ple pml ept_mode_based_exec tsc_scaling
bugs		: spectre_v1 spectre_v2 spec_store_bypass swapgs eibrs_pbrsb
bogomips	: 4608.00
clflush size	: 64
cache_alignment	: 64
address sizes	: 39 bits physical, 48 bits virtual
power management:

processor	: 2
vendor_id	: GenuineIntel
cpu family	: 6
model		: 141
model name	: 11th Gen Intel(R) Core(TM) i7-11800H @ 2.30GHz
stepping	: 1
microcode	: 0x3e
cpu MHz		: 4167.027
cache size	: 24576 KB
physical id	: 0
siblings	: 16
core id		: 2
cpu cores	: 8
apicid		: 4
initial apicid	: 4
fpu		: yes
fpu_exception	: yes
cpuid level	: 27
wp		: yes
flags		: fpu vme de pse tsc msr pae mce cx8 apic sep mtrr pge mca cmov pat pse36 clflush dts acpi mmx fxsr sse sse2 ss ht tm pbe syscall nx pdpe1gb rdtscp lm constant_tsc art arch_perfmon pebs bts rep_good nopl xtopology nonstop_tsc cpuid aperfmperf tsc_known_freq pni pclmulqdq dtes64 monitor ds_cpl vmx est tm2 ssse3 sdbg fma cx16 xtpr pdcm pcid sse4_1 sse4_2 x2apic movbe popcnt tsc_deadline_timer aes xsave avx f16c rdrand lahf_lm abm 3dnowprefetch cpuid_fault epb cat_l2 invpcid_single cdp_l2 ssbd ibrs ibpb stibp ibrs_enhanced tpr_shadow vnmi flexpriority ept vpid ept_ad fsgsbase tsc_adjust bmi1 avx2 smep bmi2 erms invpcid rdt_a avx512f avx512dq rdseed adx smap avx512ifma clflushopt clwb intel_pt avx512cd sha_ni avx512bw avx512vl xsaveopt xsavec xgetbv1 xsaves split_lock_detect dtherm ida arat pln pts hwp hwp_notify hwp_act_window hwp_epp hwp_pkg_req avx512vbmi umip pku ospke avx512_vbmi2 gfni vaes vpclmulqdq avx512_vnni avx512_bitalg avx512_vpopcntdq rdpid movdiri movdir64b fsrm avx512_vp2intersect md_clear flush_l1d arch_capabilities
vmx flags	: vnmi preemption_timer posted_intr invvpid ept_x_only ept_ad ept_1gb flexpriority apicv tsc_offset vtpr mtf vapic ept vpid unrestricted_guest vapic_reg vid ple pml ept_mode_based_exec tsc_scaling
bugs		: spectre_v1 spectre_v2 spec_store_bypass swapgs eibrs_pbrsb
bogomips	: 4608.00
clflush size	: 64
cache_alignment	: 64
address sizes	: 39 bits physical, 48 bits virtual
power management:

processor	: 3
vendor_id	: GenuineIntel
cpu family	: 6
model		: 141
model name	: 11th Gen Intel(R) Core(TM) i7-11800H @ 2.30GHz
stepping	: 1
microcode	: 0x3e
cpu MHz		: 2300.000
cache size	: 24576 KB
physical id	: 0
siblings	: 16
core id		: 3
cpu cores	: 8
apicid		: 6
initial apicid	: 6
fpu		: yes
fpu_exception	: yes
cpuid level	: 27
wp		: yes
flags		: fpu vme de pse tsc msr pae mce cx8 apic sep mtrr pge mca cmov pat pse36 clflush dts acpi mmx fxsr sse sse2 ss ht tm pbe syscall nx pdpe1gb rdtscp lm constant_tsc art arch_perfmon pebs bts rep_good nopl xtopology nonstop_tsc cpuid aperfmperf tsc_known_freq pni pclmulqdq dtes64 monitor ds_cpl vmx est tm2 ssse3 sdbg fma cx16 xtpr pdcm pcid sse4_1 sse4_2 x2apic movbe popcnt tsc_deadline_timer aes xsave avx f16c rdrand lahf_lm abm 3dnowprefetch cpuid_fault epb cat_l2 invpcid_single cdp_l2 ssbd ibrs ibpb stibp ibrs_enhanced tpr_shadow vnmi flexpriority ept vpid ept_ad fsgsbase tsc_adjust bmi1 avx2 smep bmi2 erms invpcid rdt_a avx512f avx512dq rdseed adx smap avx512ifma clflushopt clwb intel_pt avx512cd sha_ni avx512bw avx512vl xsaveopt xsavec xgetbv1 xsaves split_lock_detect dtherm ida arat pln pts hwp hwp_notify hwp_act_window hwp_epp hwp_pkg_req avx512vbmi umip pku ospke avx512_vbmi2 gfni vaes vpclmulqdq avx512_vnni avx512_bitalg avx512_vpopcntdq rdpid movdiri movdir64b fsrm avx512_vp2intersect md_clear flush_l1d arch_capabilities
vmx flags	: vnmi preemption_timer posted_intr invvpid ept_x_only ept_ad ept_1gb flexpriority apicv tsc_offset vtpr mtf vapic ept vpid unrestricted_guest vapic_reg vid ple pml ept_mode_based_exec tsc_scaling
bugs		: spectre_v1 spectre_v2 spec_store_bypass swapgs eibrs_pbrsb
bogomips	: 4608.00
clflush size	: 64
cache_alignment	: 64
address sizes	: 39 bits physical, 48 bits virtual
power management:

processor	: 4
vendor_id	: GenuineIntel
cpu family	: 6
model		: 141
model name	: 11th Gen Intel(R) Core(TM) i7-11800H @ 2.30GHz
stepping	: 1
microcode	: 0x3e
cpu MHz		: 3006.788
cache size	: 24576 KB
physical id	: 0
siblings	: 16
core id		: 4
cpu cores	: 8
apicid		: 8
initial apicid	: 8
fpu		: yes
fpu_exception	: yes
cpuid level	: 27
wp		: yes
flags		: fpu vme de pse tsc msr pae mce cx8 apic sep mtrr pge mca cmov pat pse36 clflush dts acpi mmx fxsr sse sse2 ss ht tm pbe syscall nx pdpe1gb rdtscp lm constant_tsc art arch_perfmon pebs bts rep_good nopl xtopology nonstop_tsc cpuid aperfmperf tsc_known_freq pni pclmulqdq dtes64 monitor ds_cpl vmx est tm2 ssse3 sdbg fma cx16 xtpr pdcm pcid sse4_1 sse4_2 x2apic movbe popcnt tsc_deadline_timer aes xsave avx f16c rdrand lahf_lm abm 3dnowprefetch cpuid_fault epb cat_l2 invpcid_single cdp_l2 ssbd ibrs ibpb stibp ibrs_enhanced tpr_shadow vnmi flexpriority ept vpid ept_ad fsgsbase tsc_adjust bmi1 avx2 smep bmi2 erms invpcid rdt_a avx512f avx512dq rdseed adx smap avx512ifma clflushopt clwb intel_pt avx512cd sha_ni avx512bw avx512vl xsaveopt xsavec xgetbv1 xsaves split_lock_detect dtherm ida arat pln pts hwp hwp_notify hwp_act_window hwp_epp hwp_pkg_req avx512vbmi umip pku ospke avx512_vbmi2 gfni vaes vpclmulqdq avx512_vnni avx512_bitalg avx512_vpopcntdq rdpid movdiri movdir64b fsrm avx512_vp2intersect md_clear flush_l1d arch_capabilities
vmx flags	: vnmi preemption_timer posted_intr invvpid ept_x_only ept_ad ept_1gb flexpriority apicv tsc_offset vtpr mtf vapic ept vpid unrestricted_guest vapic_reg vid ple pml ept_mode_based_exec tsc_scaling
bugs		: spectre_v1 spectre_v2 spec_store_bypass swapgs eibrs_pbrsb
bogomips	: 4608.00
clflush size	: 64
cache_alignment	: 64
address sizes	: 39 bits physical, 48 bits virtual
power management:

processor	: 5
vendor_id	: GenuineIntel
cpu family	: 6
model		: 141
model name	: 11th Gen Intel(R) Core(TM) i7-11800H @ 2.30GHz
stepping	: 1
microcode	: 0x3e
cpu MHz		: 2300.000
cache size	: 24576 KB
physical id	: 0
siblings	: 16
core id		: 5
cpu cores	: 8
apicid		: 10
initial apicid	: 10
fpu		: yes
fpu_exception	: yes
cpuid level	: 27
wp		: yes
flags		: fpu vme de pse tsc msr pae mce cx8 apic sep mtrr pge mca cmov pat pse36 clflush dts acpi mmx fxsr sse sse2 ss ht tm pbe syscall nx pdpe1gb rdtscp lm constant_tsc art arch_perfmon pebs bts rep_good nopl xtopology nonstop_tsc cpuid aperfmperf tsc_known_freq pni pclmulqdq dtes64 monitor ds_cpl vmx est tm2 ssse3 sdbg fma cx16 xtpr pdcm pcid sse4_1 sse4_2 x2apic movbe popcnt tsc_deadline_timer aes xsave avx f16c rdrand lahf_lm abm 3dnowprefetch cpuid_fault epb cat_l2 invpcid_single cdp_l2 ssbd ibrs ibpb stibp ibrs_enhanced tpr_shadow vnmi flexpriority ept vpid ept_ad fsgsbase tsc_adjust bmi1 avx2 smep bmi2 erms invpcid rdt_a avx512f avx512dq rdseed adx smap avx512ifma clflushopt clwb intel_pt avx512cd sha_ni avx512bw avx512vl xsaveopt xsavec xgetbv1 xsaves split_lock_detect dtherm ida arat pln pts hwp hwp_notify hwp_act_window hwp_epp hwp_pkg_req avx512vbmi umip pku ospke avx512_vbmi2 gfni vaes vpclmulqdq avx512_vnni avx512_bitalg avx512_vpopcntdq rdpid movdiri movdir64b fsrm avx512_vp2intersect md_clear flush_l1d arch_capabilities
vmx flags	: vnmi preemption_timer posted_intr invvpid ept_x_only ept_ad ept_1gb flexpriority apicv tsc_offset vtpr mtf vapic ept vpid unrestricted_guest vapic_reg vid ple pml ept_mode_based_exec tsc_scaling
bugs		: spectre_v1 spectre_v2 spec_store_bypass swapgs eibrs_pbrsb
bogomips	: 4608.00
clflush size	: 64
cache_alignment	: 64
address sizes	: 39 bits physical, 48 bits virtual
power management:

processor	: 6
vendor_id	: GenuineIntel
cpu family	: 6
model		: 141
model name	: 11th Gen Intel(R) Core(TM) i7-11800H @ 2.30GHz
stepping	: 1
microcode	: 0x3e
cpu MHz		: 2300.000
cache size	: 24576 KB
physical id	: 0
siblings	: 16
core id		: 6
cpu cores	: 8
apicid		: 12
initial apicid	: 12
fpu		: yes
fpu_exception	: yes
cpuid level	: 27
wp		: yes
flags		: fpu vme de pse tsc msr pae mce cx8 apic sep mtrr pge mca cmov pat pse36 clflush dts acpi mmx fxsr sse sse2 ss ht tm pbe syscall nx pdpe1gb rdtscp lm constant_tsc art arch_perfmon pebs bts rep_good nopl xtopology nonstop_tsc cpuid aperfmperf tsc_known_freq pni pclmulqdq dtes64 monitor ds_cpl vmx est tm2 ssse3 sdbg fma cx16 xtpr pdcm pcid sse4_1 sse4_2 x2apic movbe popcnt tsc_deadline_timer aes xsave avx f16c rdrand lahf_lm abm 3dnowprefetch cpuid_fault epb cat_l2 invpcid_single cdp_l2 ssbd ibrs ibpb stibp ibrs_enhanced tpr_shadow vnmi flexpriority ept vpid ept_ad fsgsbase tsc_adjust bmi1 avx2 smep bmi2 erms invpcid rdt_a avx512f avx512dq rdseed adx smap avx512ifma clflushopt clwb intel_pt avx512cd sha_ni avx512bw avx512vl xsaveopt xsavec xgetbv1 xsaves split_lock_detect dtherm ida arat pln pts hwp hwp_notify hwp_act_window hwp_epp hwp_pkg_req avx512vbmi umip pku ospke avx512_vbmi2 gfni vaes vpclmulqdq avx512_vnni avx512_bitalg avx512_vpopcntdq rdpid movdiri movdir64b fsrm avx512_vp2intersect md_clear flush_l1d arch_capabilities
vmx flags	: vnmi preemption_timer posted_intr invvpid ept_x_only ept_ad ept_1gb flexpriority apicv tsc_offset vtpr mtf vapic ept vpid unrestricted_guest vapic_reg vid ple pml ept_mode_based_exec tsc_scaling
bugs		: spectre_v1 spectre_v2 spec_store_bypass swapgs eibrs_pbrsb
bogomips	: 4608.00
clflush size	: 64
cache_alignment	: 64
address sizes	: 39 bits physical, 48 bits virtual
power management:

processor	: 7
vendor_id	: GenuineIntel
cpu family	: 6
model		: 141
model name	: 11th Gen Intel(R) Core(TM) i7-11800H @ 2.30GHz
stepping	: 1
microcode	: 0x3e
cpu MHz		: 2300.000
cache size	: 24576 KB
physical id	: 0
siblings	: 16
core id		: 7
cpu cores	: 8
apicid		: 14
initial apicid	: 14
fpu		: yes
fpu_exception	: yes
cpuid level	: 27
wp		: yes
flags		: fpu vme de pse tsc msr pae mce cx8 apic sep mtrr pge mca cmov pat pse36 clflush dts acpi mmx fxsr sse sse2 ss ht tm pbe syscall nx pdpe1gb rdtscp lm constant_tsc art arch_perfmon pebs bts rep_good nopl xtopology nonstop_tsc cpuid aperfmperf tsc_known_freq pni pclmulqdq dtes64 monitor ds_cpl vmx est tm2 ssse3 sdbg fma cx16 xtpr pdcm pcid sse4_1 sse4_2 x2apic movbe popcnt tsc_deadline_timer aes xsave avx f16c rdrand lahf_lm abm 3dnowprefetch cpuid_fault epb cat_l2 invpcid_single cdp_l2 ssbd ibrs ibpb stibp ibrs_enhanced tpr_shadow vnmi flexpriority ept vpid ept_ad fsgsbase tsc_adjust bmi1 avx2 smep bmi2 erms invpcid rdt_a avx512f avx512dq rdseed adx smap avx512ifma clflushopt clwb intel_pt avx512cd sha_ni avx512bw avx512vl xsaveopt xsavec xgetbv1 xsaves split_lock_detect dtherm ida arat pln pts hwp hwp_notify hwp_act_window hwp_epp hwp_pkg_req avx512vbmi umip pku ospke avx512_vbmi2 gfni vaes vpclmulqdq avx512_vnni avx512_bitalg avx512_vpopcntdq rdpid movdiri movdir64b fsrm avx512_vp2intersect md_clear flush_l1d arch_capabilities
vmx flags	: vnmi preemption_timer posted_intr invvpid ept_x_only ept_ad ept_1gb flexpriority apicv tsc_offset vtpr mtf vapic ept vpid unrestricted_guest vapic_reg vid ple pml ept_mode_based_exec tsc_scaling
bugs		: spectre_v1 spectre_v2 spec_store_bypass swapgs eibrs_pbrsb
bogomips	: 4608.00
clflush size	: 64
cache_alignment	: 64
address sizes	: 39 bits physical, 48 bits virtual
power management:

processor	: 8
vendor_id	: GenuineIntel
cpu family	: 6
model		: 141
model name	: 11th Gen Intel(R) Core(TM) i7-11800H @ 2.30GHz
stepping	: 1
microcode	: 0x3e
cpu MHz		: 2300.000
cache size	: 24576 KB
physical id	: 0
siblings	: 16
core id		: 0
cpu cores	: 8
apicid		: 1
initial apicid	: 1
fpu		: yes
fpu_exception	: yes
cpuid level	: 27
wp		: yes
flags		: fpu vme de pse tsc msr pae mce cx8 apic sep mtrr pge mca cmov pat pse36 clflush dts acpi mmx fxsr sse sse2 ss ht tm pbe syscall nx pdpe1gb rdtscp lm constant_tsc art arch_perfmon pebs bts rep_good nopl xtopology nonstop_tsc cpuid aperfmperf tsc_known_freq pni pclmulqdq dtes64 monitor ds_cpl vmx est tm2 ssse3 sdbg fma cx16 xtpr pdcm pcid sse4_1 sse4_2 x2apic movbe popcnt tsc_deadline_timer aes xsave avx f16c rdrand lahf_lm abm 3dnowprefetch cpuid_fault epb cat_l2 invpcid_single cdp_l2 ssbd ibrs ibpb stibp ibrs_enhanced tpr_shadow vnmi flexpriority ept vpid ept_ad fsgsbase tsc_adjust bmi1 avx2 smep bmi2 erms invpcid rdt_a avx512f avx512dq rdseed adx smap avx512ifma clflushopt clwb intel_pt avx512cd sha_ni avx512bw avx512vl xsaveopt xsavec xgetbv1 xsaves split_lock_detect dtherm ida arat pln pts hwp hwp_notify hwp_act_window hwp_epp hwp_pkg_req avx512vbmi umip pku ospke avx512_vbmi2 gfni vaes vpclmulqdq avx512_vnni avx512_bitalg avx512_vpopcntdq rdpid movdiri movdir64b fsrm avx512_vp2intersect md_clear flush_l1d arch_capabilities
vmx flags	: vnmi preemption_timer posted_intr invvpid ept_x_only ept_ad ept_1gb flexpriority apicv tsc_offset vtpr mtf vapic ept vpid unrestricted_guest vapic_reg vid ple pml ept_mode_based_exec tsc_scaling
bugs		: spectre_v1 spectre_v2 spec_store_bypass swapgs eibrs_pbrsb
bogomips	: 4608.00
clflush size	: 64
cache_alignment	: 64
address sizes	: 39 bits physical, 48 bits virtual
power management:

processor	: 9
vendor_id	: GenuineIntel
cpu family	: 6
model		: 141
model name	: 11th Gen Intel(R) Core(TM) i7-11800H @ 2.30GHz
stepping	: 1
microcode	: 0x3e
cpu MHz		: 2300.000
cache size	: 24576 KB
physical id	: 0
siblings	: 16
core id		: 1
cpu cores	: 8
apicid		: 3
initial apicid	: 3
fpu		: yes
fpu_exception	: yes
cpuid level	: 27
wp		: yes
flags		: fpu vme de pse tsc msr pae mce cx8 apic sep mtrr pge mca cmov pat pse36 clflush dts acpi mmx fxsr sse sse2 ss ht tm pbe syscall nx pdpe1gb rdtscp lm constant_tsc art arch_perfmon pebs bts rep_good nopl xtopology nonstop_tsc cpuid aperfmperf tsc_known_freq pni pclmulqdq dtes64 monitor ds_cpl vmx est tm2 ssse3 sdbg fma cx16 xtpr pdcm pcid sse4_1 sse4_2 x2apic movbe popcnt tsc_deadline_timer aes xsave avx f16c rdrand lahf_lm abm 3dnowprefetch cpuid_fault epb cat_l2 invpcid_single cdp_l2 ssbd ibrs ibpb stibp ibrs_enhanced tpr_shadow vnmi flexpriority ept vpid ept_ad fsgsbase tsc_adjust bmi1 avx2 smep bmi2 erms invpcid rdt_a avx512f avx512dq rdseed adx smap avx512ifma clflushopt clwb intel_pt avx512cd sha_ni avx512bw avx512vl xsaveopt xsavec xgetbv1 xsaves split_lock_detect dtherm ida arat pln pts hwp hwp_notify hwp_act_window hwp_epp hwp_pkg_req avx512vbmi umip pku ospke avx512_vbmi2 gfni vaes vpclmulqdq avx512_vnni avx512_bitalg avx512_vpopcntdq rdpid movdiri movdir64b fsrm avx512_vp2intersect md_clear flush_l1d arch_capabilities
vmx flags	: vnmi preemption_timer posted_intr invvpid ept_x_only ept_ad ept_1gb flexpriority apicv tsc_offset vtpr mtf vapic ept vpid unrestricted_guest vapic_reg vid ple pml ept_mode_based_exec tsc_scaling
bugs		: spectre_v1 spectre_v2 spec_store_bypass swapgs eibrs_pbrsb
bogomips	: 4608.00
clflush size	: 64
cache_alignment	: 64
address sizes	: 39 bits physical, 48 bits virtual
power management:

processor	: 10
vendor_id	: GenuineIntel
cpu family	: 6
model		: 141
model name	: 11th Gen Intel(R) Core(TM) i7-11800H @ 2.30GHz
stepping	: 1
microcode	: 0x3e
cpu MHz		: 2300.000
cache size	: 24576 KB
physical id	: 0
siblings	: 16
core id		: 2
cpu cores	: 8
apicid		: 5
initial apicid	: 5
fpu		: yes
fpu_exception	: yes
cpuid level	: 27
wp		: yes
flags		: fpu vme de pse tsc msr pae mce cx8 apic sep mtrr pge mca cmov pat pse36 clflush dts acpi mmx fxsr sse sse2 ss ht tm pbe syscall nx pdpe1gb rdtscp lm constant_tsc art arch_perfmon pebs bts rep_good nopl xtopology nonstop_tsc cpuid aperfmperf tsc_known_freq pni pclmulqdq dtes64 monitor ds_cpl vmx est tm2 ssse3 sdbg fma cx16 xtpr pdcm pcid sse4_1 sse4_2 x2apic movbe popcnt tsc_deadline_timer aes xsave avx f16c rdrand lahf_lm abm 3dnowprefetch cpuid_fault epb cat_l2 invpcid_single cdp_l2 ssbd ibrs ibpb stibp ibrs_enhanced tpr_shadow vnmi flexpriority ept vpid ept_ad fsgsbase tsc_adjust bmi1 avx2 smep bmi2 erms invpcid rdt_a avx512f avx512dq rdseed adx smap avx512ifma clflushopt clwb intel_pt avx512cd sha_ni avx512bw avx512vl xsaveopt xsavec xgetbv1 xsaves split_lock_detect dtherm ida arat pln pts hwp hwp_notify hwp_act_window hwp_epp hwp_pkg_req avx512vbmi umip pku ospke avx512_vbmi2 gfni vaes vpclmulqdq avx512_vnni avx512_bitalg avx512_vpopcntdq rdpid movdiri movdir64b fsrm avx512_vp2intersect md_clear flush_l1d arch_capabilities
vmx flags	: vnmi preemption_timer posted_intr invvpid ept_x_only ept_ad ept_1gb flexpriority apicv tsc_offset vtpr mtf vapic ept vpid unrestricted_guest vapic_reg vid ple pml ept_mode_based_exec tsc_scaling
bugs		: spectre_v1 spectre_v2 spec_store_bypass swapgs eibrs_pbrsb
bogomips	: 4608.00
clflush size	: 64
cache_alignment	: 64
address sizes	: 39 bits physical, 48 bits virtual
power management:

processor	: 11
vendor_id	: GenuineIntel
cpu family	: 6
model		: 141
model name	: 11th Gen Intel(R) Core(TM) i7-11800H @ 2.30GHz
stepping	: 1
microcode	: 0x3e
cpu MHz		: 4196.298
cache size	: 24576 KB
physical id	: 0
siblings	: 16
core id		: 3
cpu cores	: 8
apicid		: 7
initial apicid	: 7
fpu		: yes
fpu_exception	: yes
cpuid level	: 27
wp		: yes
flags		: fpu vme de pse tsc msr pae mce cx8 apic sep mtrr pge mca cmov pat pse36 clflush dts acpi mmx fxsr sse sse2 ss ht tm pbe syscall nx pdpe1gb rdtscp lm constant_tsc art arch_perfmon pebs bts rep_good nopl xtopology nonstop_tsc cpuid aperfmperf tsc_known_freq pni pclmulqdq dtes64 monitor ds_cpl vmx est tm2 ssse3 sdbg fma cx16 xtpr pdcm pcid sse4_1 sse4_2 x2apic movbe popcnt tsc_deadline_timer aes xsave avx f16c rdrand lahf_lm abm 3dnowprefetch cpuid_fault epb cat_l2 invpcid_single cdp_l2 ssbd ibrs ibpb stibp ibrs_enhanced tpr_shadow vnmi flexpriority ept vpid ept_ad fsgsbase tsc_adjust bmi1 avx2 smep bmi2 erms invpcid rdt_a avx512f avx512dq rdseed adx smap avx512ifma clflushopt clwb intel_pt avx512cd sha_ni avx512bw avx512vl xsaveopt xsavec xgetbv1 xsaves split_lock_detect dtherm ida arat pln pts hwp hwp_notify hwp_act_window hwp_epp hwp_pkg_req avx512vbmi umip pku ospke avx512_vbmi2 gfni vaes vpclmulqdq avx512_vnni avx512_bitalg avx512_vpopcntdq rdpid movdiri movdir64b fsrm avx512_vp2intersect md_clear flush_l1d arch_capabilities
vmx flags	: vnmi preemption_timer posted_intr invvpid ept_x_only ept_ad ept_1gb flexpriority apicv tsc_offset vtpr mtf vapic ept vpid unrestricted_guest vapic_reg vid ple pml ept_mode_based_exec tsc_scaling
bugs		: spectre_v1 spectre_v2 spec_store_bypass swapgs eibrs_pbrsb
bogomips	: 4608.00
clflush size	: 64
cache_alignment	: 64
address sizes	: 39 bits physical, 48 bits virtual
power management:

processor	: 12
vendor_id	: GenuineIntel
cpu family	: 6
model		: 141
model name	: 11th Gen Intel(R) Core(TM) i7-11800H @ 2.30GHz
stepping	: 1
microcode	: 0x3e
cpu MHz		: 2300.000
cache size	: 24576 KB
physical id	: 0
siblings	: 16
core id		: 4
cpu cores	: 8
apicid		: 9
initial apicid	: 9
fpu		: yes
fpu_exception	: yes
cpuid level	: 27
wp		: yes
flags		: fpu vme de pse tsc msr pae mce cx8 apic sep mtrr pge mca cmov pat pse36 clflush dts acpi mmx fxsr sse sse2 ss ht tm pbe syscall nx pdpe1gb rdtscp lm constant_tsc art arch_perfmon pebs bts rep_good nopl xtopology nonstop_tsc cpuid aperfmperf tsc_known_freq pni pclmulqdq dtes64 monitor ds_cpl vmx est tm2 ssse3 sdbg fma cx16 xtpr pdcm pcid sse4_1 sse4_2 x2apic movbe popcnt tsc_deadline_timer aes xsave avx f16c rdrand lahf_lm abm 3dnowprefetch cpuid_fault epb cat_l2 invpcid_single cdp_l2 ssbd ibrs ibpb stibp ibrs_enhanced tpr_shadow vnmi flexpriority ept vpid ept_ad fsgsbase tsc_adjust bmi1 avx2 smep bmi2 erms invpcid rdt_a avx512f avx512dq rdseed adx smap avx512ifma clflushopt clwb intel_pt avx512cd sha_ni avx512bw avx512vl xsaveopt xsavec xgetbv1 xsaves split_lock_detect dtherm ida arat pln pts hwp hwp_notify hwp_act_window hwp_epp hwp_pkg_req avx512vbmi umip pku ospke avx512_vbmi2 gfni vaes vpclmulqdq avx512_vnni avx512_bitalg avx512_vpopcntdq rdpid movdiri movdir64b fsrm avx512_vp2intersect md_clear flush_l1d arch_capabilities
vmx flags	: vnmi preemption_timer posted_intr invvpid ept_x_only ept_ad ept_1gb flexpriority apicv tsc_offset vtpr mtf vapic ept vpid unrestricted_guest vapic_reg vid ple pml ept_mode_based_exec tsc_scaling
bugs		: spectre_v1 spectre_v2 spec_store_bypass swapgs eibrs_pbrsb
bogomips	: 4608.00
clflush size	: 64
cache_alignment	: 64
address sizes	: 39 bits physical, 48 bits virtual
power management:

processor	: 13
vendor_id	: GenuineIntel
cpu family	: 6
model		: 141
model name	: 11th Gen Intel(R) Core(TM) i7-11800H @ 2.30GHz
stepping	: 1
microcode	: 0x3e
cpu MHz		: 2300.000
cache size	: 24576 KB
physical id	: 0
siblings	: 16
core id		: 5
cpu cores	: 8
apicid		: 11
initial apicid	: 11
fpu		: yes
fpu_exception	: yes
cpuid level	: 27
wp		: yes
flags		: fpu vme de pse tsc msr pae mce cx8 apic sep mtrr pge mca cmov pat pse36 clflush dts acpi mmx fxsr sse sse2 ss ht tm pbe syscall nx pdpe1gb rdtscp lm constant_tsc art arch_perfmon pebs bts rep_good nopl xtopology nonstop_tsc cpuid aperfmperf tsc_known_freq pni pclmulqdq dtes64 monitor ds_cpl vmx est tm2 ssse3 sdbg fma cx16 xtpr pdcm pcid sse4_1 sse4_2 x2apic movbe popcnt tsc_deadline_timer aes xsave avx f16c rdrand lahf_lm abm 3dnowprefetch cpuid_fault epb cat_l2 invpcid_single cdp_l2 ssbd ibrs ibpb stibp ibrs_enhanced tpr_shadow vnmi flexpriority ept vpid ept_ad fsgsbase tsc_adjust bmi1 avx2 smep bmi2 erms invpcid rdt_a avx512f avx512dq rdseed adx smap avx512ifma clflushopt clwb intel_pt avx512cd sha_ni avx512bw avx512vl xsaveopt xsavec xgetbv1 xsaves split_lock_detect dtherm ida arat pln pts hwp hwp_notify hwp_act_window hwp_epp hwp_pkg_req avx512vbmi umip pku ospke avx512_vbmi2 gfni vaes vpclmulqdq avx512_vnni avx512_bitalg avx512_vpopcntdq rdpid movdiri movdir64b fsrm avx512_vp2intersect md_clear flush_l1d arch_capabilities
vmx flags	: vnmi preemption_timer posted_intr invvpid ept_x_only ept_ad ept_1gb flexpriority apicv tsc_offset vtpr mtf vapic ept vpid unrestricted_guest vapic_reg vid ple pml ept_mode_based_exec tsc_scaling
bugs		: spectre_v1 spectre_v2 spec_store_bypass swapgs eibrs_pbrsb
bogomips	: 4608.00
clflush size	: 64
cache_alignment	: 64
address sizes	: 39 bits physical, 48 bits virtual
power management:

processor	: 14
vendor_id	: GenuineIntel
cpu family	: 6
model		: 141
model name	: 11th Gen Intel(R) Core(TM) i7-11800H @ 2.30GHz
stepping	: 1
microcode	: 0x3e
cpu MHz		: 2300.000
cache size	: 24576 KB
physical id	: 0
siblings	: 16
core id		: 6
cpu cores	: 8
apicid		: 13
initial apicid	: 13
fpu		: yes
fpu_exception	: yes
cpuid level	: 27
wp		: yes
flags		: fpu vme de pse tsc msr pae mce cx8 apic sep mtrr pge mca cmov pat pse36 clflush dts acpi mmx fxsr sse sse2 ss ht tm pbe syscall nx pdpe1gb rdtscp lm constant_tsc art arch_perfmon pebs bts rep_good nopl xtopology nonstop_tsc cpuid aperfmperf tsc_known_freq pni pclmulqdq dtes64 monitor ds_cpl vmx est tm2 ssse3 sdbg fma cx16 xtpr pdcm pcid sse4_1 sse4_2 x2apic movbe popcnt tsc_deadline_timer aes xsave avx f16c rdrand lahf_lm abm 3dnowprefetch cpuid_fault epb cat_l2 invpcid_single cdp_l2 ssbd ibrs ibpb stibp ibrs_enhanced tpr_shadow vnmi flexpriority ept vpid ept_ad fsgsbase tsc_adjust bmi1 avx2 smep bmi2 erms invpcid rdt_a avx512f avx512dq rdseed adx smap avx512ifma clflushopt clwb intel_pt avx512cd sha_ni avx512bw avx512vl xsaveopt xsavec xgetbv1 xsaves split_lock_detect dtherm ida arat pln pts hwp hwp_notify hwp_act_window hwp_epp hwp_pkg_req avx512vbmi umip pku ospke avx512_vbmi2 gfni vaes vpclmulqdq avx512_vnni avx512_bitalg avx512_vpopcntdq rdpid movdiri movdir64b fsrm avx512_vp2intersect md_clear flush_l1d arch_capabilities
vmx flags	: vnmi preemption_timer posted_intr invvpid ept_x_only ept_ad ept_1gb flexpriority apicv tsc_offset vtpr mtf vapic ept vpid unrestricted_guest vapic_reg vid ple pml ept_mode_based_exec tsc_scaling
bugs		: spectre_v1 spectre_v2 spec_store_bypass swapgs eibrs_pbrsb
bogomips	: 4608.00
clflush size	: 64
cache_alignment	: 64
address sizes	: 39 bits physical, 48 bits virtual
power management:

processor	: 15
vendor_id	: GenuineIntel
cpu family	: 6
model		: 141
model name	: 11th Gen Intel(R) Core(TM) i7-11800H @ 2.30GHz
stepping	: 1
microcode	: 0x3e
cpu MHz		: 2300.000
cache size	: 24576 KB
physical id	: 0
siblings	: 16
core id		: 7
cpu cores	: 8
apicid		: 15
initial apicid	: 15
fpu		: yes
fpu_exception	: yes
cpuid level	: 27
wp		: yes
flags		: fpu vme de pse tsc msr pae mce cx8 apic sep mtrr pge mca cmov pat pse36 clflush dts acpi mmx fxsr sse sse2 ss ht tm pbe syscall nx pdpe1gb rdtscp lm constant_tsc art arch_perfmon pebs bts rep_good nopl xtopology nonstop_tsc cpuid aperfmperf tsc_known_freq pni pclmulqdq dtes64 monitor ds_cpl vmx est tm2 ssse3 sdbg fma cx16 xtpr pdcm pcid sse4_1 sse4_2 x2apic movbe popcnt tsc_deadline_timer aes xsave avx f16c rdrand lahf_lm abm 3dnowprefetch cpuid_fault epb cat_l2 invpcid_single cdp_l2 ssbd ibrs ibpb stibp ibrs_enhanced tpr_shadow vnmi flexpriority ept vpid ept_ad fsgsbase tsc_adjust bmi1 avx2 smep bmi2 erms invpcid rdt_a avx512f avx512dq rdseed adx smap avx512ifma clflushopt clwb intel_pt avx512cd sha_ni avx512bw avx512vl xsaveopt xsavec xgetbv1 xsaves split_lock_detect dtherm ida arat pln pts hwp hwp_notify hwp_act_window hwp_epp hwp_pkg_req avx512vbmi umip pku ospke avx512_vbmi2 gfni vaes vpclmulqdq avx512_vnni avx512_bitalg avx512_vpopcntdq rdpid movdiri movdir64b fsrm avx512_vp2intersect md_clear flush_l1d arch_capabilities
vmx flags	: vnmi preemption_timer posted_intr invvpid ept_x_only ept_ad ept_1gb flexpriority apicv tsc_offset vtpr mtf vapic ept vpid unrestricted_guest vapic_reg vid ple pml ept_mode_based_exec tsc_scaling
bugs		: spectre_v1 spectre_v2 spec_store_bypass swapgs eibrs_pbrsb
bogomips	: 4608.00
clflush size	: 64
cache_alignment	: 64
address sizes	: 39 bits physical, 48 bits virtual
power management:



Memory: 4k page, physical 40869184k(23980148k free), swap 16777212k(16777212k free)

vm_info: Java HotSpot(TM) Server VM (25.381-b09) for linux-x86 JRE (1.8.0_381-b09), built on Jun 14 2023 13:47:49 by "java_re" with gcc 7.3.0

time: Sun Aug 13 19:24:37 2023
timezone: CST
elapsed time: 0.065089 seconds (0d 0h 0m 0s)

