INFO main org.riseger.main.init.MainBootstrap - Log initializer successfully
INFO main org.riseger.main.init.ConfigInitializer - Set working directory..
INFO main org.riseger.main.init.MainBootstrap - Log initializer successfully
INFO main org.riseger.main.init.ConfigInitializer - Set working directory..
DEBUG main org.riseger.main.init.ConfigInitializer - Config Set port10086
DEBUG main org.riseger.main.init.ConfigInitializer - Config Set blocking-log125
DEBUG main org.riseger.main.init.ConfigInitializer - Config Set core-pool-size5
DEBUG main org.riseger.main.init.ConfigInitializer - Config Set max-pool-size10
DEBUG main org.riseger.main.init.ConfigInitializer - Config Set keep-alive-time60
DEBUG main org.riseger.main.init.ConfigInitializer - Config Set default-memorysize1024
INFO main org.riseger.main.init.MainBootstrap - Config initializer successfully
INFO main org.riseger.main.init.MainBootstrap - Storage initialized successfully
INFO main org.riseger.main.init.MainBootstrap - Cache initialized successfully
INFO main org.riseger.main.init.MainBootstrap - Compiler initialized successfully
INFO main org.riseger.main.init.MainBootstrap - RequestHandler initialized successfully
INFO main org.riseger.main.init.MainBootstrap - Entry initialized successfully
INFO entry-initializer org.riseger.main.entry.server.NettyServer - Netty server connected ,waiting for port 10086 requests
INFO main org.riseger.main.init.MainBootstrap - Log initializer successfully
INFO main org.riseger.main.init.ConfigInitializer - Set working directory..
DEBUG main org.riseger.main.init.ConfigInitializer - Config Set port 10086
DEBUG main org.riseger.main.init.ConfigInitializer - Config Set blocking-log 125
DEBUG main org.riseger.main.init.ConfigInitializer - Config Set core-pool-size 5
DEBUG main org.riseger.main.init.ConfigInitializer - Config Set max-pool-size 10
DEBUG main org.riseger.main.init.ConfigInitializer - Config Set keep-alive-time 60
DEBUG main org.riseger.main.init.ConfigInitializer - Config Set default-memorysize 1024
INFO main org.riseger.main.init.MainBootstrap - Config initializer successfully
INFO main org.riseger.main.init.MainBootstrap - Storage initialized successfully
INFO main org.riseger.main.init.MainBootstrap - Cache initialized successfully
INFO main org.riseger.main.init.MainBootstrap - Compiler initialized successfully
INFO main org.riseger.main.init.MainBootstrap - RequestHandler initialized successfully
INFO main org.riseger.main.init.MainBootstrap - Entry initialized successfully
INFO entry-initializer org.riseger.main.entry.server.NettyServer - Netty server connected ,waiting for port 10086 requests
